20:16:18:153  INFO 27116 --- [main] c.e.payservice.PayServiceApplication     : Starting PayServiceApplication using Java 17.0.11 on DESKTOP-MS920JF with PID 27116 (E:\Project_Code\hmall\pay-service\target\classes started by admin in E:\Project_Code\hmall)
20:16:18:157 DEBUG 27116 --- [main] c.e.payservice.PayServiceApplication     : Running with Spring Boot v2.7.12, Spring v5.3.27
20:16:18:157  INFO 27116 --- [main] c.e.payservice.PayServiceApplication     : The following 1 profile is active: "local"
20:16:19:116  INFO 27116 --- [main] o.s.cloud.context.scope.GenericScope     : BeanFactory id=cce16e02-81f7-37db-aa7e-91c78c04feb7
20:16:19:495  INFO 27116 --- [main] o.s.b.w.embedded.tomcat.TomcatWebServer  : Tomcat initialized with port(s): 8086 (http)
20:16:19:504  INFO 27116 --- [main] o.apache.catalina.core.StandardService   : Starting service [Tomcat]
20:16:19:505  INFO 27116 --- [main] org.apache.catalina.core.StandardEngine  : Starting Servlet engine: [Apache Tomcat/9.0.75]
20:16:19:613  INFO 27116 --- [main] o.a.c.c.C.[Tomcat].[localhost].[/]       : Initializing Spring embedded WebApplicationContext
20:16:19:613  INFO 27116 --- [main] w.s.c.ServletWebServerApplicationContext : Root WebApplicationContext: initialization completed in 1414 ms
20:16:19:799  INFO 27116 --- [main] o.s.c.openfeign.FeignClientFactoryBean   : For 'user-service' URL not provided. Will try picking an instance via load-balancing.
20:16:20:739  INFO 27116 --- [main] pertySourcedRequestMappingHandlerMapping : Mapped URL path [/v2/api-docs] onto method [springfox.documentation.swagger2.web.Swagger2ControllerWebMvc#getDocumentation(String, HttpServletRequest)]
20:16:21:056  INFO 27116 --- [main] com.alibaba.nacos.common.remote.client   : [RpcClientFactory] create a new rpc client of 9859c385-812b-42d5-8908-3eeeba012018
20:16:21:100  INFO 27116 --- [main] org.reflections.Reflections              : Reflections took 22 ms to scan 1 urls, producing 3 keys and 6 values 
20:16:21:117  INFO 27116 --- [main] org.reflections.Reflections              : Reflections took 7 ms to scan 1 urls, producing 4 keys and 9 values 
20:16:21:124  INFO 27116 --- [main] org.reflections.Reflections              : Reflections took 5 ms to scan 1 urls, producing 3 keys and 10 values 
20:16:21:126  WARN 27116 --- [main] org.reflections.Reflections              : given scan urls are empty. set urls in the configuration
20:16:21:132  INFO 27116 --- [main] org.reflections.Reflections              : Reflections took 5 ms to scan 1 urls, producing 1 keys and 5 values 
20:16:21:138  INFO 27116 --- [main] org.reflections.Reflections              : Reflections took 5 ms to scan 1 urls, producing 1 keys and 7 values 
20:16:21:148  INFO 27116 --- [main] org.reflections.Reflections              : Reflections took 8 ms to scan 1 urls, producing 2 keys and 8 values 
20:16:21:151  WARN 27116 --- [main] org.reflections.Reflections              : given scan urls are empty. set urls in the configuration
20:16:21:152  INFO 27116 --- [main] com.alibaba.nacos.common.remote.client   : [9859c385-812b-42d5-8908-3eeeba012018] RpcClient init label, labels = {module=naming, source=sdk}
20:16:21:154  INFO 27116 --- [main] com.alibaba.nacos.common.remote.client   : [9859c385-812b-42d5-8908-3eeeba012018] RpcClient init, ServerListFactory = com.alibaba.nacos.client.naming.core.ServerListManager
20:16:21:154  INFO 27116 --- [main] com.alibaba.nacos.common.remote.client   : [9859c385-812b-42d5-8908-3eeeba012018] Registry connection listener to current client:com.alibaba.nacos.client.naming.remote.gprc.redo.NamingGrpcRedoService
20:16:21:154  INFO 27116 --- [main] com.alibaba.nacos.common.remote.client   : [9859c385-812b-42d5-8908-3eeeba012018] Register server push request handler:com.alibaba.nacos.client.naming.remote.gprc.NamingPushRequestHandler
20:16:21:156  INFO 27116 --- [main] com.alibaba.nacos.common.remote.client   : [9859c385-812b-42d5-8908-3eeeba012018] Try to connect to server on start up, server: {serverIp = '192.168.139.130', server main port = 8848}
20:16:21:820  INFO 27116 --- [main] com.alibaba.nacos.common.remote.client   : [9859c385-812b-42d5-8908-3eeeba012018] Success to connect to server [192.168.139.130:8848] on start up, connectionId = 1730722581651_192.168.139.1_61482
20:16:21:820  INFO 27116 --- [com.alibaba.nacos.client.remote.worker] com.alibaba.nacos.common.remote.client   : [9859c385-812b-42d5-8908-3eeeba012018] Notify connected event to listeners.
20:16:21:820  INFO 27116 --- [main] com.alibaba.nacos.common.remote.client   : [9859c385-812b-42d5-8908-3eeeba012018] Register server push request handler:com.alibaba.nacos.common.remote.client.RpcClient$ConnectResetRequestHandler
20:16:21:821  INFO 27116 --- [main] com.alibaba.nacos.common.remote.client   : [9859c385-812b-42d5-8908-3eeeba012018] Register server push request handler:com.alibaba.nacos.common.remote.client.RpcClient$$Lambda$1122/0x000001f6ac825448
20:16:21:852  INFO 27116 --- [main] o.s.b.w.embedded.tomcat.TomcatWebServer  : Tomcat started on port(s): 8086 (http) with context path ''
20:16:21:859  INFO 27116 --- [main] c.a.c.n.registry.NacosServiceRegistry    : nacos registry, DEFAULT_GROUP pay-service 192.168.1.117:8086 register finished
20:16:21:956  INFO 27116 --- [main] d.s.w.p.DocumentationPluginsBootstrapper : Documentation plugins bootstrapped
20:16:21:959  INFO 27116 --- [main] d.s.w.p.DocumentationPluginsBootstrapper : Found 1 custom documentation plugin(s)
20:16:21:974  INFO 27116 --- [main] s.d.s.w.s.ApiListingReferenceScanner     : Scanning for api listing references
20:16:22:030  INFO 27116 --- [main] c.e.payservice.PayServiceApplication     : Started PayServiceApplication in 4.424 seconds (JVM running for 4.864)
20:16:22:410  INFO 27116 --- [nacos-grpc-client-executor-10] com.alibaba.nacos.common.remote.client   : [9859c385-812b-42d5-8908-3eeeba012018] Receive server push request, request = NotifySubscriberRequest, requestId = 4
20:16:22:412  INFO 27116 --- [nacos-grpc-client-executor-10] com.alibaba.nacos.common.remote.client   : [9859c385-812b-42d5-8908-3eeeba012018] Ack server push request, request = NotifySubscriberRequest, requestId = 4
20:16:43:053  INFO 27116 --- [http-nio-8086-exec-1] o.a.c.c.C.[Tomcat].[localhost].[/]       : Initializing Spring DispatcherServlet 'dispatcherServlet'
20:16:43:053  INFO 27116 --- [http-nio-8086-exec-1] o.s.web.servlet.DispatcherServlet        : Initializing Servlet 'dispatcherServlet'
20:16:43:054  INFO 27116 --- [http-nio-8086-exec-1] o.s.web.servlet.DispatcherServlet        : Completed initialization in 1 ms
20:16:43:144  INFO 27116 --- [http-nio-8086-exec-1] com.zaxxer.hikari.HikariDataSource       : HikariPool-1 - Starting...
20:16:43:257  INFO 27116 --- [http-nio-8086-exec-1] com.zaxxer.hikari.HikariDataSource       : HikariPool-1 - Start completed.
20:16:43:265 DEBUG 27116 --- [http-nio-8086-exec-1] c.e.p.mapper.PayOrderMapper.selectList   : ==>  Preparing: SELECT id,biz_order_no,pay_order_no,biz_user_id,pay_channel_code,amount,pay_type,status,expand_json,result_code,result_msg,pay_success_time,pay_over_time,qr_code_url,create_time,update_time,creater,updater,is_delete FROM pay_order WHERE (biz_order_no = ?)
20:16:43:280 DEBUG 27116 --- [http-nio-8086-exec-1] c.e.p.mapper.PayOrderMapper.selectList   : ==> Parameters: 1853411046395658241(Long)
20:16:43:296 DEBUG 27116 --- [http-nio-8086-exec-1] c.e.p.mapper.PayOrderMapper.selectList   : <==      Total: 0
20:16:43:327 DEBUG 27116 --- [http-nio-8086-exec-1] c.e.p.mapper.PayOrderMapper.insert       : ==>  Preparing: INSERT INTO pay_order ( id, biz_order_no, pay_order_no, biz_user_id, pay_channel_code, amount, pay_type, status, pay_over_time ) VALUES ( ?, ?, ?, ?, ?, ?, ?, ?, ? )
20:16:43:329 DEBUG 27116 --- [http-nio-8086-exec-1] c.e.p.mapper.PayOrderMapper.insert       : ==> Parameters: 1853411048455933955(Long), 1853411046395658241(Long), 1853411048455933954(Long), 1(Long), balance(String), 9700(Integer), 5(Integer), 1(Integer), 2024-11-04T22:16:43.320864800(LocalDateTime)
20:16:43:331 DEBUG 27116 --- [http-nio-8086-exec-1] c.e.p.mapper.PayOrderMapper.insert       : <==    Updates: 1
20:16:45:282 DEBUG 27116 --- [http-nio-8086-exec-2] c.e.p.mapper.PayOrderMapper.selectById   : ==>  Preparing: SELECT id,biz_order_no,pay_order_no,biz_user_id,pay_channel_code,amount,pay_type,status,expand_json,result_code,result_msg,pay_success_time,pay_over_time,qr_code_url,create_time,update_time,creater,updater,is_delete FROM pay_order WHERE id=?
20:16:45:282 DEBUG 27116 --- [http-nio-8086-exec-2] c.e.p.mapper.PayOrderMapper.selectById   : ==> Parameters: 1853411048455933955(Long)
20:16:45:294 DEBUG 27116 --- [http-nio-8086-exec-2] c.e.p.mapper.PayOrderMapper.selectById   : <==      Total: 1
20:16:45:296 DEBUG 27116 --- [http-nio-8086-exec-2] com.example.hmapi.client.UserClient      : [UserClient#deductMoney] ---> PUT http://user-service/users/money/deduct?pw=123&amount=9700 HTTP/1.1
20:16:45:296 DEBUG 27116 --- [http-nio-8086-exec-2] com.example.hmapi.client.UserClient      : [UserClient#deductMoney] user-info: 1
20:16:45:296 DEBUG 27116 --- [http-nio-8086-exec-2] com.example.hmapi.client.UserClient      : [UserClient#deductMoney] ---> END HTTP (0-byte body)
20:16:45:454 DEBUG 27116 --- [http-nio-8086-exec-2] com.example.hmapi.client.UserClient      : [UserClient#deductMoney] <--- HTTP/1.1 200  (157ms)
20:16:45:455 DEBUG 27116 --- [http-nio-8086-exec-2] com.example.hmapi.client.UserClient      : [UserClient#deductMoney] connection: keep-alive
20:16:45:455 DEBUG 27116 --- [http-nio-8086-exec-2] com.example.hmapi.client.UserClient      : [UserClient#deductMoney] content-length: 0
20:16:45:455 DEBUG 27116 --- [http-nio-8086-exec-2] com.example.hmapi.client.UserClient      : [UserClient#deductMoney] date: Mon, 04 Nov 2024 12:16:45 GMT
20:16:45:455 DEBUG 27116 --- [http-nio-8086-exec-2] com.example.hmapi.client.UserClient      : [UserClient#deductMoney] keep-alive: timeout=60
20:16:45:455 DEBUG 27116 --- [http-nio-8086-exec-2] com.example.hmapi.client.UserClient      : [UserClient#deductMoney] <--- END HTTP (0-byte body)
20:16:45:457 DEBUG 27116 --- [http-nio-8086-exec-2] c.e.p.mapper.PayOrderMapper.update       : ==>  Preparing: UPDATE pay_order SET status=?,pay_success_time=? WHERE (id = ? AND status IN (?,?))
20:16:45:458 DEBUG 27116 --- [http-nio-8086-exec-2] c.e.p.mapper.PayOrderMapper.update       : ==> Parameters: 3(Integer), 2024-11-04T20:16:45.455315(LocalDateTime), 1853411048455933955(Long), 0(Integer), 1(Integer)
20:16:45:460 DEBUG 27116 --- [http-nio-8086-exec-2] c.e.p.mapper.PayOrderMapper.update       : <==    Updates: 1
20:16:45:866  INFO 27116 --- [nacos-grpc-client-executor-19] com.alibaba.nacos.common.remote.client   : [9859c385-812b-42d5-8908-3eeeba012018] Receive server push request, request = NotifySubscriberRequest, requestId = 14
20:16:45:866  INFO 27116 --- [nacos-grpc-client-executor-19] com.alibaba.nacos.common.remote.client   : [9859c385-812b-42d5-8908-3eeeba012018] Ack server push request, request = NotifySubscriberRequest, requestId = 14
20:16:52:940 DEBUG 27116 --- [http-nio-8086-exec-3] c.e.p.mapper.PayOrderMapper.selectList   : ==>  Preparing: SELECT id,biz_order_no,pay_order_no,biz_user_id,pay_channel_code,amount,pay_type,status,expand_json,result_code,result_msg,pay_success_time,pay_over_time,qr_code_url,create_time,update_time,creater,updater,is_delete FROM pay_order WHERE (biz_order_no = ?)
20:16:52:940 DEBUG 27116 --- [http-nio-8086-exec-3] c.e.p.mapper.PayOrderMapper.selectList   : ==> Parameters: 1853411046395658241(Long)
20:16:52:941 DEBUG 27116 --- [http-nio-8086-exec-3] c.e.p.mapper.PayOrderMapper.selectList   : <==      Total: 1
20:17:05:223  WARN 27116 --- [Thread-4] c.a.nacos.common.notify.NotifyCenter     : [NotifyCenter] Start destroying Publisher
20:17:05:223  WARN 27116 --- [Thread-7] c.a.n.common.http.HttpClientBeanHolder   : [HttpClientBeanHolder] Start destroying common HttpClient
20:17:05:224  WARN 27116 --- [Thread-4] c.a.nacos.common.notify.NotifyCenter     : [NotifyCenter] Destruction of the end
20:17:05:224  WARN 27116 --- [Thread-7] c.a.n.common.http.HttpClientBeanHolder   : [HttpClientBeanHolder] Destruction of the end
20:17:05:244  INFO 27116 --- [SpringApplicationShutdownHook] c.a.c.n.registry.NacosServiceRegistry    : De-registering from Nacos Server now...
20:17:05:247  INFO 27116 --- [SpringApplicationShutdownHook] c.a.c.n.registry.NacosServiceRegistry    : De-registration finished.
20:17:05:564  INFO 27116 --- [SpringApplicationShutdownHook] com.alibaba.nacos.common.remote.client   : Shutdown rpc client, set status to shutdown
20:17:05:564  INFO 27116 --- [SpringApplicationShutdownHook] com.alibaba.nacos.common.remote.client   : Shutdown client event executor java.util.concurrent.ScheduledThreadPoolExecutor@1bdd1111[Running, pool size = 2, active threads = 2, queued tasks = 0, completed tasks = 0]
20:17:05:564  INFO 27116 --- [SpringApplicationShutdownHook] com.alibaba.nacos.common.remote.client   : Close current connection 1730722581651_192.168.139.1_61482
20:17:05:566  INFO 27116 --- [nacos-grpc-client-executor-29] c.a.n.c.remote.client.grpc.GrpcClient    : [1730722581651_192.168.139.1_61482]Ignore complete event,isRunning:false,isAbandon=false
20:17:05:568  INFO 27116 --- [SpringApplicationShutdownHook] c.a.n.c.remote.client.grpc.GrpcClient    : Shutdown grpc executor java.util.concurrent.ThreadPoolExecutor@c190215[Running, pool size = 9, active threads = 0, queued tasks = 0, completed tasks = 30]
20:17:05:571  INFO 27116 --- [SpringApplicationShutdownHook] com.zaxxer.hikari.HikariDataSource       : HikariPool-1 - Shutdown initiated...
20:17:05:579  INFO 27116 --- [SpringApplicationShutdownHook] com.zaxxer.hikari.HikariDataSource       : HikariPool-1 - Shutdown completed.
20:17:13:850  INFO 26788 --- [main] c.e.payservice.PayServiceApplication     : Starting PayServiceApplication using Java 17.0.11 on DESKTOP-MS920JF with PID 26788 (E:\Project_Code\hmall\pay-service\target\classes started by admin in E:\Project_Code\hmall)
20:17:13:853 DEBUG 26788 --- [main] c.e.payservice.PayServiceApplication     : Running with Spring Boot v2.7.12, Spring v5.3.27
20:17:13:854  INFO 26788 --- [main] c.e.payservice.PayServiceApplication     : The following 1 profile is active: "local"
20:17:14:783  INFO 26788 --- [main] o.s.cloud.context.scope.GenericScope     : BeanFactory id=cce16e02-81f7-37db-aa7e-91c78c04feb7
20:17:15:206  INFO 26788 --- [main] o.s.b.w.embedded.tomcat.TomcatWebServer  : Tomcat initialized with port(s): 8086 (http)
20:17:15:218  INFO 26788 --- [main] o.apache.catalina.core.StandardService   : Starting service [Tomcat]
20:17:15:219  INFO 26788 --- [main] org.apache.catalina.core.StandardEngine  : Starting Servlet engine: [Apache Tomcat/9.0.75]
20:17:15:331  INFO 26788 --- [main] o.a.c.c.C.[Tomcat].[localhost].[/]       : Initializing Spring embedded WebApplicationContext
20:17:15:331  INFO 26788 --- [main] w.s.c.ServletWebServerApplicationContext : Root WebApplicationContext: initialization completed in 1427 ms
20:17:15:530  INFO 26788 --- [main] o.s.c.openfeign.FeignClientFactoryBean   : For 'user-service' URL not provided. Will try picking an instance via load-balancing.
20:17:16:426  INFO 26788 --- [main] pertySourcedRequestMappingHandlerMapping : Mapped URL path [/v2/api-docs] onto method [springfox.documentation.swagger2.web.Swagger2ControllerWebMvc#getDocumentation(String, HttpServletRequest)]
20:17:16:962  INFO 26788 --- [main] com.alibaba.nacos.common.remote.client   : [RpcClientFactory] create a new rpc client of 2e39c768-7a2a-4181-8ab3-b985f2adc57f
20:17:17:015  INFO 26788 --- [main] org.reflections.Reflections              : Reflections took 25 ms to scan 1 urls, producing 3 keys and 6 values 
20:17:17:039  INFO 26788 --- [main] org.reflections.Reflections              : Reflections took 6 ms to scan 1 urls, producing 4 keys and 9 values 
20:17:17:048  INFO 26788 --- [main] org.reflections.Reflections              : Reflections took 8 ms to scan 1 urls, producing 3 keys and 10 values 
20:17:17:049  WARN 26788 --- [main] org.reflections.Reflections              : given scan urls are empty. set urls in the configuration
20:17:17:054  INFO 26788 --- [main] org.reflections.Reflections              : Reflections took 4 ms to scan 1 urls, producing 1 keys and 5 values 
20:17:17:060  INFO 26788 --- [main] org.reflections.Reflections              : Reflections took 5 ms to scan 1 urls, producing 1 keys and 7 values 
20:17:17:066  INFO 26788 --- [main] org.reflections.Reflections              : Reflections took 4 ms to scan 1 urls, producing 2 keys and 8 values 
20:17:17:067  WARN 26788 --- [main] org.reflections.Reflections              : given scan urls are empty. set urls in the configuration
20:17:17:068  INFO 26788 --- [main] com.alibaba.nacos.common.remote.client   : [2e39c768-7a2a-4181-8ab3-b985f2adc57f] RpcClient init label, labels = {module=naming, source=sdk}
20:17:17:070  INFO 26788 --- [main] com.alibaba.nacos.common.remote.client   : [2e39c768-7a2a-4181-8ab3-b985f2adc57f] RpcClient init, ServerListFactory = com.alibaba.nacos.client.naming.core.ServerListManager
20:17:17:070  INFO 26788 --- [main] com.alibaba.nacos.common.remote.client   : [2e39c768-7a2a-4181-8ab3-b985f2adc57f] Registry connection listener to current client:com.alibaba.nacos.client.naming.remote.gprc.redo.NamingGrpcRedoService
20:17:17:071  INFO 26788 --- [main] com.alibaba.nacos.common.remote.client   : [2e39c768-7a2a-4181-8ab3-b985f2adc57f] Register server push request handler:com.alibaba.nacos.client.naming.remote.gprc.NamingPushRequestHandler
20:17:17:073  INFO 26788 --- [main] com.alibaba.nacos.common.remote.client   : [2e39c768-7a2a-4181-8ab3-b985f2adc57f] Try to connect to server on start up, server: {serverIp = '192.168.139.130', server main port = 8848}
20:17:17:956  INFO 26788 --- [main] com.alibaba.nacos.common.remote.client   : [2e39c768-7a2a-4181-8ab3-b985f2adc57f] Success to connect to server [192.168.139.130:8848] on start up, connectionId = 1730722637751_192.168.139.1_61686
20:17:17:956  INFO 26788 --- [com.alibaba.nacos.client.remote.worker] com.alibaba.nacos.common.remote.client   : [2e39c768-7a2a-4181-8ab3-b985f2adc57f] Notify connected event to listeners.
20:17:17:957  INFO 26788 --- [main] com.alibaba.nacos.common.remote.client   : [2e39c768-7a2a-4181-8ab3-b985f2adc57f] Register server push request handler:com.alibaba.nacos.common.remote.client.RpcClient$ConnectResetRequestHandler
20:17:17:957  INFO 26788 --- [main] com.alibaba.nacos.common.remote.client   : [2e39c768-7a2a-4181-8ab3-b985f2adc57f] Register server push request handler:com.alibaba.nacos.common.remote.client.RpcClient$$Lambda$1122/0x0000018b11827b78
20:17:18:008  INFO 26788 --- [main] o.s.b.w.embedded.tomcat.TomcatWebServer  : Tomcat started on port(s): 8086 (http) with context path ''
20:17:18:016  INFO 26788 --- [main] c.a.c.n.registry.NacosServiceRegistry    : nacos registry, DEFAULT_GROUP pay-service 192.168.1.117:8086 register finished
20:17:18:103  INFO 26788 --- [main] d.s.w.p.DocumentationPluginsBootstrapper : Documentation plugins bootstrapped
20:17:18:108  INFO 26788 --- [main] d.s.w.p.DocumentationPluginsBootstrapper : Found 1 custom documentation plugin(s)
20:17:18:134  INFO 26788 --- [main] s.d.s.w.s.ApiListingReferenceScanner     : Scanning for api listing references
20:17:18:241  INFO 26788 --- [main] c.e.payservice.PayServiceApplication     : Started PayServiceApplication in 5.074 seconds (JVM running for 5.654)
20:17:18:495  INFO 26788 --- [nacos-grpc-client-executor-11] com.alibaba.nacos.common.remote.client   : [2e39c768-7a2a-4181-8ab3-b985f2adc57f] Receive server push request, request = NotifySubscriberRequest, requestId = 23
20:17:18:497  INFO 26788 --- [nacos-grpc-client-executor-11] com.alibaba.nacos.common.remote.client   : [2e39c768-7a2a-4181-8ab3-b985f2adc57f] Ack server push request, request = NotifySubscriberRequest, requestId = 23
20:31:27:517  WARN 26788 --- [Thread-4] c.a.nacos.common.notify.NotifyCenter     : [NotifyCenter] Start destroying Publisher
20:31:27:517  WARN 26788 --- [Thread-7] c.a.n.common.http.HttpClientBeanHolder   : [HttpClientBeanHolder] Start destroying common HttpClient
20:31:27:517  WARN 26788 --- [Thread-4] c.a.nacos.common.notify.NotifyCenter     : [NotifyCenter] Destruction of the end
20:31:27:517  WARN 26788 --- [Thread-7] c.a.n.common.http.HttpClientBeanHolder   : [HttpClientBeanHolder] Destruction of the end
20:31:27:539  INFO 26788 --- [SpringApplicationShutdownHook] c.a.c.n.registry.NacosServiceRegistry    : De-registering from Nacos Server now...
20:31:27:541  INFO 26788 --- [SpringApplicationShutdownHook] c.a.c.n.registry.NacosServiceRegistry    : De-registration finished.
20:31:27:869  INFO 26788 --- [SpringApplicationShutdownHook] com.alibaba.nacos.common.remote.client   : Shutdown rpc client, set status to shutdown
20:31:27:869  INFO 26788 --- [SpringApplicationShutdownHook] com.alibaba.nacos.common.remote.client   : Shutdown client event executor java.util.concurrent.ScheduledThreadPoolExecutor@10e6b036[Running, pool size = 2, active threads = 2, queued tasks = 0, completed tasks = 0]
20:31:27:869  INFO 26788 --- [SpringApplicationShutdownHook] com.alibaba.nacos.common.remote.client   : Close current connection 1730722637751_192.168.139.1_61686
20:31:27:871  INFO 26788 --- [nacos-grpc-client-executor-209] c.a.n.c.remote.client.grpc.GrpcClient    : [1730722637751_192.168.139.1_61686]Ignore complete event,isRunning:false,isAbandon=false
20:31:27:872  INFO 26788 --- [SpringApplicationShutdownHook] c.a.n.c.remote.client.grpc.GrpcClient    : Shutdown grpc executor java.util.concurrent.ThreadPoolExecutor@3fb5d654[Running, pool size = 5, active threads = 0, queued tasks = 0, completed tasks = 210]
20:33:17:060  INFO 30424 --- [main] c.e.payservice.PayServiceApplication     : Starting PayServiceApplication using Java 17.0.11 on DESKTOP-MS920JF with PID 30424 (E:\Project_Code\hmall\pay-service\target\classes started by admin in E:\Project_Code\hmall)
20:33:17:063 DEBUG 30424 --- [main] c.e.payservice.PayServiceApplication     : Running with Spring Boot v2.7.12, Spring v5.3.27
20:33:17:063  INFO 30424 --- [main] c.e.payservice.PayServiceApplication     : The following 1 profile is active: "local"
20:33:17:991  INFO 30424 --- [main] o.s.cloud.context.scope.GenericScope     : BeanFactory id=cce16e02-81f7-37db-aa7e-91c78c04feb7
20:33:18:446  INFO 30424 --- [main] o.s.b.w.embedded.tomcat.TomcatWebServer  : Tomcat initialized with port(s): 8086 (http)
20:33:18:456  INFO 30424 --- [main] o.apache.catalina.core.StandardService   : Starting service [Tomcat]
20:33:18:457  INFO 30424 --- [main] org.apache.catalina.core.StandardEngine  : Starting Servlet engine: [Apache Tomcat/9.0.75]
20:33:18:581  INFO 30424 --- [main] o.a.c.c.C.[Tomcat].[localhost].[/]       : Initializing Spring embedded WebApplicationContext
20:33:18:581  INFO 30424 --- [main] w.s.c.ServletWebServerApplicationContext : Root WebApplicationContext: initialization completed in 1468 ms
20:33:18:774  INFO 30424 --- [main] o.s.c.openfeign.FeignClientFactoryBean   : For 'user-service' URL not provided. Will try picking an instance via load-balancing.
20:33:20:094  INFO 30424 --- [main] pertySourcedRequestMappingHandlerMapping : Mapped URL path [/v2/api-docs] onto method [springfox.documentation.swagger2.web.Swagger2ControllerWebMvc#getDocumentation(String, HttpServletRequest)]
20:33:20:767  INFO 30424 --- [main] com.alibaba.nacos.common.remote.client   : [RpcClientFactory] create a new rpc client of 577184b0-274c-441e-bf03-97608f82c316
20:33:20:828  INFO 30424 --- [main] org.reflections.Reflections              : Reflections took 29 ms to scan 1 urls, producing 3 keys and 6 values 
20:33:20:859  INFO 30424 --- [main] org.reflections.Reflections              : Reflections took 11 ms to scan 1 urls, producing 4 keys and 9 values 
20:33:20:870  INFO 30424 --- [main] org.reflections.Reflections              : Reflections took 9 ms to scan 1 urls, producing 3 keys and 10 values 
20:33:20:871  WARN 30424 --- [main] org.reflections.Reflections              : given scan urls are empty. set urls in the configuration
20:33:20:878  INFO 30424 --- [main] org.reflections.Reflections              : Reflections took 6 ms to scan 1 urls, producing 1 keys and 5 values 
20:33:20:888  INFO 30424 --- [main] org.reflections.Reflections              : Reflections took 8 ms to scan 1 urls, producing 1 keys and 7 values 
20:33:20:896  INFO 30424 --- [main] org.reflections.Reflections              : Reflections took 7 ms to scan 1 urls, producing 2 keys and 8 values 
20:33:20:898  WARN 30424 --- [main] org.reflections.Reflections              : given scan urls are empty. set urls in the configuration
20:33:20:899  INFO 30424 --- [main] com.alibaba.nacos.common.remote.client   : [577184b0-274c-441e-bf03-97608f82c316] RpcClient init label, labels = {module=naming, source=sdk}
20:33:20:902  INFO 30424 --- [main] com.alibaba.nacos.common.remote.client   : [577184b0-274c-441e-bf03-97608f82c316] RpcClient init, ServerListFactory = com.alibaba.nacos.client.naming.core.ServerListManager
20:33:20:902  INFO 30424 --- [main] com.alibaba.nacos.common.remote.client   : [577184b0-274c-441e-bf03-97608f82c316] Registry connection listener to current client:com.alibaba.nacos.client.naming.remote.gprc.redo.NamingGrpcRedoService
20:33:20:903  INFO 30424 --- [main] com.alibaba.nacos.common.remote.client   : [577184b0-274c-441e-bf03-97608f82c316] Register server push request handler:com.alibaba.nacos.client.naming.remote.gprc.NamingPushRequestHandler
20:33:20:906  INFO 30424 --- [main] com.alibaba.nacos.common.remote.client   : [577184b0-274c-441e-bf03-97608f82c316] Try to connect to server on start up, server: {serverIp = '192.168.139.130', server main port = 8848}
20:33:21:827  INFO 30424 --- [main] com.alibaba.nacos.common.remote.client   : [577184b0-274c-441e-bf03-97608f82c316] Success to connect to server [192.168.139.130:8848] on start up, connectionId = 1730723601623_192.168.139.1_63652
20:33:21:827  INFO 30424 --- [com.alibaba.nacos.client.remote.worker] com.alibaba.nacos.common.remote.client   : [577184b0-274c-441e-bf03-97608f82c316] Notify connected event to listeners.
20:33:21:828  INFO 30424 --- [main] com.alibaba.nacos.common.remote.client   : [577184b0-274c-441e-bf03-97608f82c316] Register server push request handler:com.alibaba.nacos.common.remote.client.RpcClient$ConnectResetRequestHandler
20:33:21:828  INFO 30424 --- [main] com.alibaba.nacos.common.remote.client   : [577184b0-274c-441e-bf03-97608f82c316] Register server push request handler:com.alibaba.nacos.common.remote.client.RpcClient$$Lambda$1122/0x0000027823828b18
20:33:21:877  INFO 30424 --- [main] o.s.b.w.embedded.tomcat.TomcatWebServer  : Tomcat started on port(s): 8086 (http) with context path ''
20:33:21:886  INFO 30424 --- [main] c.a.c.n.registry.NacosServiceRegistry    : nacos registry, DEFAULT_GROUP pay-service 192.168.1.117:8086 register finished
20:33:21:977  INFO 30424 --- [main] d.s.w.p.DocumentationPluginsBootstrapper : Documentation plugins bootstrapped
20:33:21:981  INFO 30424 --- [main] d.s.w.p.DocumentationPluginsBootstrapper : Found 1 custom documentation plugin(s)
20:33:22:014  INFO 30424 --- [main] s.d.s.w.s.ApiListingReferenceScanner     : Scanning for api listing references
20:33:22:151  INFO 30424 --- [main] c.e.payservice.PayServiceApplication     : Started PayServiceApplication in 5.743 seconds (JVM running for 6.313)
20:33:22:440  INFO 30424 --- [nacos-grpc-client-executor-9] com.alibaba.nacos.common.remote.client   : [577184b0-274c-441e-bf03-97608f82c316] Receive server push request, request = NotifySubscriberRequest, requestId = 35
20:33:22:443  INFO 30424 --- [nacos-grpc-client-executor-9] com.alibaba.nacos.common.remote.client   : [577184b0-274c-441e-bf03-97608f82c316] Ack server push request, request = NotifySubscriberRequest, requestId = 35
21:22:37:151  WARN 30424 --- [Thread-7] c.a.n.common.http.HttpClientBeanHolder   : [HttpClientBeanHolder] Start destroying common HttpClient
21:22:37:151  WARN 30424 --- [Thread-4] c.a.nacos.common.notify.NotifyCenter     : [NotifyCenter] Start destroying Publisher
21:22:37:152  WARN 30424 --- [Thread-4] c.a.nacos.common.notify.NotifyCenter     : [NotifyCenter] Destruction of the end
21:22:37:152  WARN 30424 --- [Thread-7] c.a.n.common.http.HttpClientBeanHolder   : [HttpClientBeanHolder] Destruction of the end
21:22:37:172  INFO 30424 --- [SpringApplicationShutdownHook] c.a.c.n.registry.NacosServiceRegistry    : De-registering from Nacos Server now...
21:22:37:174  INFO 30424 --- [SpringApplicationShutdownHook] c.a.c.n.registry.NacosServiceRegistry    : De-registration finished.
21:22:37:511  INFO 30424 --- [SpringApplicationShutdownHook] com.alibaba.nacos.common.remote.client   : Shutdown rpc client, set status to shutdown
21:22:37:511  INFO 30424 --- [SpringApplicationShutdownHook] com.alibaba.nacos.common.remote.client   : Shutdown client event executor java.util.concurrent.ScheduledThreadPoolExecutor@7c1a29b4[Running, pool size = 2, active threads = 2, queued tasks = 0, completed tasks = 0]
21:22:37:512  INFO 30424 --- [SpringApplicationShutdownHook] com.alibaba.nacos.common.remote.client   : Close current connection 1730723601623_192.168.139.1_63652
21:22:37:522  INFO 30424 --- [nacos-grpc-client-executor-637] c.a.n.c.remote.client.grpc.GrpcClient    : [1730723601623_192.168.139.1_63652]Ignore complete event,isRunning:false,isAbandon=false
21:22:37:529  INFO 30424 --- [SpringApplicationShutdownHook] c.a.n.c.remote.client.grpc.GrpcClient    : Shutdown grpc executor java.util.concurrent.ThreadPoolExecutor@229884fc[Running, pool size = 5, active threads = 0, queued tasks = 0, completed tasks = 638]
21:29:49:377  INFO 25296 --- [main] c.e.payservice.PayServiceApplication     : Starting PayServiceApplication using Java 17.0.11 on DESKTOP-MS920JF with PID 25296 (E:\Project_Code\hmall\pay-service\target\classes started by admin in E:\Project_Code\hmall)
21:29:49:379 DEBUG 25296 --- [main] c.e.payservice.PayServiceApplication     : Running with Spring Boot v2.7.12, Spring v5.3.27
21:29:49:380  INFO 25296 --- [main] c.e.payservice.PayServiceApplication     : The following 1 profile is active: "local"
21:29:50:525  INFO 25296 --- [main] o.s.cloud.context.scope.GenericScope     : BeanFactory id=cce16e02-81f7-37db-aa7e-91c78c04feb7
21:29:50:997  INFO 25296 --- [main] o.s.b.w.embedded.tomcat.TomcatWebServer  : Tomcat initialized with port(s): 8086 (http)
21:29:51:008  INFO 25296 --- [main] o.apache.catalina.core.StandardService   : Starting service [Tomcat]
21:29:51:008  INFO 25296 --- [main] org.apache.catalina.core.StandardEngine  : Starting Servlet engine: [Apache Tomcat/9.0.75]
21:29:51:148  INFO 25296 --- [main] o.a.c.c.C.[Tomcat].[localhost].[/]       : Initializing Spring embedded WebApplicationContext
21:29:51:148  INFO 25296 --- [main] w.s.c.ServletWebServerApplicationContext : Root WebApplicationContext: initialization completed in 1717 ms
21:29:51:382  INFO 25296 --- [main] o.s.c.openfeign.FeignClientFactoryBean   : For 'user-service' URL not provided. Will try picking an instance via load-balancing.
21:29:52:377  INFO 25296 --- [main] pertySourcedRequestMappingHandlerMapping : Mapped URL path [/v2/api-docs] onto method [springfox.documentation.swagger2.web.Swagger2ControllerWebMvc#getDocumentation(String, HttpServletRequest)]
21:29:53:031  INFO 25296 --- [main] com.alibaba.nacos.common.remote.client   : [RpcClientFactory] create a new rpc client of edf3a86a-92e3-47c0-b4e1-17907bcca5a0
21:29:53:100  INFO 25296 --- [main] org.reflections.Reflections              : Reflections took 32 ms to scan 1 urls, producing 3 keys and 6 values 
21:29:53:129  INFO 25296 --- [main] org.reflections.Reflections              : Reflections took 9 ms to scan 1 urls, producing 4 keys and 9 values 
21:29:53:142  INFO 25296 --- [main] org.reflections.Reflections              : Reflections took 11 ms to scan 1 urls, producing 3 keys and 10 values 
21:29:53:144  WARN 25296 --- [main] org.reflections.Reflections              : given scan urls are empty. set urls in the configuration
21:29:53:150  INFO 25296 --- [main] org.reflections.Reflections              : Reflections took 6 ms to scan 1 urls, producing 1 keys and 5 values 
21:29:53:159  INFO 25296 --- [main] org.reflections.Reflections              : Reflections took 7 ms to scan 1 urls, producing 1 keys and 7 values 
21:29:53:167  INFO 25296 --- [main] org.reflections.Reflections              : Reflections took 5 ms to scan 1 urls, producing 2 keys and 8 values 
21:29:53:169  WARN 25296 --- [main] org.reflections.Reflections              : given scan urls are empty. set urls in the configuration
21:29:53:169  INFO 25296 --- [main] com.alibaba.nacos.common.remote.client   : [edf3a86a-92e3-47c0-b4e1-17907bcca5a0] RpcClient init label, labels = {module=naming, source=sdk}
21:29:53:172  INFO 25296 --- [main] com.alibaba.nacos.common.remote.client   : [edf3a86a-92e3-47c0-b4e1-17907bcca5a0] RpcClient init, ServerListFactory = com.alibaba.nacos.client.naming.core.ServerListManager
21:29:53:172  INFO 25296 --- [main] com.alibaba.nacos.common.remote.client   : [edf3a86a-92e3-47c0-b4e1-17907bcca5a0] Registry connection listener to current client:com.alibaba.nacos.client.naming.remote.gprc.redo.NamingGrpcRedoService
21:29:53:173  INFO 25296 --- [main] com.alibaba.nacos.common.remote.client   : [edf3a86a-92e3-47c0-b4e1-17907bcca5a0] Register server push request handler:com.alibaba.nacos.client.naming.remote.gprc.NamingPushRequestHandler
21:29:53:175  INFO 25296 --- [main] com.alibaba.nacos.common.remote.client   : [edf3a86a-92e3-47c0-b4e1-17907bcca5a0] Try to connect to server on start up, server: {serverIp = '192.168.139.130', server main port = 8848}
21:29:54:163  INFO 25296 --- [main] com.alibaba.nacos.common.remote.client   : [edf3a86a-92e3-47c0-b4e1-17907bcca5a0] Success to connect to server [192.168.139.130:8848] on start up, connectionId = 1730726993962_192.168.139.1_52552
21:29:54:163  INFO 25296 --- [com.alibaba.nacos.client.remote.worker] com.alibaba.nacos.common.remote.client   : [edf3a86a-92e3-47c0-b4e1-17907bcca5a0] Notify connected event to listeners.
21:29:54:163  INFO 25296 --- [main] com.alibaba.nacos.common.remote.client   : [edf3a86a-92e3-47c0-b4e1-17907bcca5a0] Register server push request handler:com.alibaba.nacos.common.remote.client.RpcClient$ConnectResetRequestHandler
21:29:54:164  INFO 25296 --- [main] com.alibaba.nacos.common.remote.client   : [edf3a86a-92e3-47c0-b4e1-17907bcca5a0] Register server push request handler:com.alibaba.nacos.common.remote.client.RpcClient$$Lambda$1122/0x0000022794827970
21:29:54:219  INFO 25296 --- [main] o.s.b.w.embedded.tomcat.TomcatWebServer  : Tomcat started on port(s): 8086 (http) with context path ''
21:29:54:228  INFO 25296 --- [main] c.a.c.n.registry.NacosServiceRegistry    : nacos registry, DEFAULT_GROUP pay-service 192.168.1.117:8086 register finished
21:29:54:335  INFO 25296 --- [main] d.s.w.p.DocumentationPluginsBootstrapper : Documentation plugins bootstrapped
21:29:54:339  INFO 25296 --- [main] d.s.w.p.DocumentationPluginsBootstrapper : Found 1 custom documentation plugin(s)
21:29:54:366  INFO 25296 --- [main] s.d.s.w.s.ApiListingReferenceScanner     : Scanning for api listing references
21:29:54:482  INFO 25296 --- [main] c.e.payservice.PayServiceApplication     : Started PayServiceApplication in 5.745 seconds (JVM running for 6.333)
21:29:54:711  INFO 25296 --- [nacos-grpc-client-executor-9] com.alibaba.nacos.common.remote.client   : [edf3a86a-92e3-47c0-b4e1-17907bcca5a0] Receive server push request, request = NotifySubscriberRequest, requestId = 40
21:29:54:713  INFO 25296 --- [nacos-grpc-client-executor-9] com.alibaba.nacos.common.remote.client   : [edf3a86a-92e3-47c0-b4e1-17907bcca5a0] Ack server push request, request = NotifySubscriberRequest, requestId = 40
21:31:04:934  WARN 25296 --- [Thread-7] c.a.n.common.http.HttpClientBeanHolder   : [HttpClientBeanHolder] Start destroying common HttpClient
21:31:04:934  WARN 25296 --- [Thread-4] c.a.nacos.common.notify.NotifyCenter     : [NotifyCenter] Start destroying Publisher
21:31:04:934  WARN 25296 --- [Thread-4] c.a.nacos.common.notify.NotifyCenter     : [NotifyCenter] Destruction of the end
21:31:04:934  WARN 25296 --- [Thread-7] c.a.n.common.http.HttpClientBeanHolder   : [HttpClientBeanHolder] Destruction of the end
21:31:04:954  INFO 25296 --- [SpringApplicationShutdownHook] c.a.c.n.registry.NacosServiceRegistry    : De-registering from Nacos Server now...
21:31:04:956  INFO 25296 --- [SpringApplicationShutdownHook] c.a.c.n.registry.NacosServiceRegistry    : De-registration finished.
21:31:05:282  INFO 25296 --- [SpringApplicationShutdownHook] com.alibaba.nacos.common.remote.client   : Shutdown rpc client, set status to shutdown
21:31:05:282  INFO 25296 --- [SpringApplicationShutdownHook] com.alibaba.nacos.common.remote.client   : Shutdown client event executor java.util.concurrent.ScheduledThreadPoolExecutor@6863f603[Running, pool size = 2, active threads = 2, queued tasks = 0, completed tasks = 0]
21:31:05:282  INFO 25296 --- [SpringApplicationShutdownHook] com.alibaba.nacos.common.remote.client   : Close current connection 1730726993962_192.168.139.1_52552
21:31:05:284  INFO 25296 --- [nacos-grpc-client-executor-29] c.a.n.c.remote.client.grpc.GrpcClient    : [1730726993962_192.168.139.1_52552]Ignore complete event,isRunning:false,isAbandon=false
21:31:05:285  INFO 25296 --- [SpringApplicationShutdownHook] c.a.n.c.remote.client.grpc.GrpcClient    : Shutdown grpc executor java.util.concurrent.ThreadPoolExecutor@73150997[Running, pool size = 4, active threads = 0, queued tasks = 0, completed tasks = 30]
