15:09:36:931  INFO 12940 --- [main] com.hmall.HMallApplication               : Starting HMallApplication using Java 17.0.11 on DESKTOP-MS920JF with PID 12940 (E:\Project_Code\hmall\hm-service\target\classes started by admin in E:\Project_Code\hmall)
15:09:36:935 DEBUG 12940 --- [main] com.hmall.HMallApplication               : Running with Spring Boot v2.7.12, Spring v5.3.27
15:09:36:936  INFO 12940 --- [main] com.hmall.HMallApplication               : The following 1 profile is active: "local"
15:09:37:377  INFO 12940 --- [main] .s.d.r.c.RepositoryConfigurationDelegate : Multiple Spring Data modules found, entering strict repository configuration mode
15:09:37:379  INFO 12940 --- [main] .s.d.r.c.RepositoryConfigurationDelegate : Bootstrapping Spring Data Redis repositories in DEFAULT mode.
15:09:37:398  INFO 12940 --- [main] .s.d.r.c.RepositoryConfigurationDelegate : Finished Spring Data repository scanning in 8 ms. Found 0 Redis repository interfaces.
15:09:37:744  INFO 12940 --- [main] o.s.b.w.embedded.tomcat.TomcatWebServer  : Tomcat initialized with port(s): 8080 (http)
15:09:37:750  INFO 12940 --- [main] o.apache.catalina.core.StandardService   : Starting service [Tomcat]
15:09:37:750  INFO 12940 --- [main] org.apache.catalina.core.StandardEngine  : Starting Servlet engine: [Apache Tomcat/9.0.75]
15:09:37:825  INFO 12940 --- [main] o.a.c.c.C.[Tomcat].[localhost].[/]       : Initializing Spring embedded WebApplicationContext
15:09:37:825  INFO 12940 --- [main] w.s.c.ServletWebServerApplicationContext : Root WebApplicationContext: initialization completed in 863 ms
15:09:38:676  INFO 12940 --- [main] pertySourcedRequestMappingHandlerMapping : Mapped URL path [/v2/api-docs] onto method [springfox.documentation.swagger2.web.Swagger2ControllerWebMvc#getDocumentation(String, HttpServletRequest)]
15:09:38:912  WARN 12940 --- [main] ConfigServletWebServerApplicationContext : Exception encountered during context initialization - cancelling refresh attempt: org.springframework.context.ApplicationContextException: Failed to start bean 'webServerStartStop'; nested exception is org.springframework.boot.web.server.PortInUseException: Port 8080 is already in use
15:09:38:922  INFO 12940 --- [main] o.apache.catalina.core.StandardService   : Stopping service [Tomcat]
15:09:38:928  INFO 12940 --- [main] ConditionEvaluationReportLoggingListener : 

Error starting ApplicationContext. To display the conditions report re-run your application with 'debug' enabled.
15:09:42:271 ERROR 12940 --- [main] o.s.b.d.LoggingFailureAnalysisReporter   : 

***************************
APPLICATION FAILED TO START
***************************

Description:

Web server failed to start. Port 8080 was already in use.

Action:

Identify and stop the process that's listening on port 8080 or configure this application to listen on another port.

15:12:55:562  INFO 4672 --- [main] com.hmall.HMallApplication               : Starting HMallApplication using Java 17.0.11 on DESKTOP-MS920JF with PID 4672 (E:\Project_Code\hmall\hm-service\target\classes started by admin in E:\Project_Code\hmall)
15:12:55:564 DEBUG 4672 --- [main] com.hmall.HMallApplication               : Running with Spring Boot v2.7.12, Spring v5.3.27
15:12:55:565  INFO 4672 --- [main] com.hmall.HMallApplication               : The following 1 profile is active: "local"
15:12:55:997  INFO 4672 --- [main] .s.d.r.c.RepositoryConfigurationDelegate : Multiple Spring Data modules found, entering strict repository configuration mode
15:12:55:998  INFO 4672 --- [main] .s.d.r.c.RepositoryConfigurationDelegate : Bootstrapping Spring Data Redis repositories in DEFAULT mode.
15:12:56:016  INFO 4672 --- [main] .s.d.r.c.RepositoryConfigurationDelegate : Finished Spring Data repository scanning in 7 ms. Found 0 Redis repository interfaces.
15:12:56:351  INFO 4672 --- [main] o.s.b.w.embedded.tomcat.TomcatWebServer  : Tomcat initialized with port(s): 8080 (http)
15:12:56:356  INFO 4672 --- [main] o.apache.catalina.core.StandardService   : Starting service [Tomcat]
15:12:56:356  INFO 4672 --- [main] org.apache.catalina.core.StandardEngine  : Starting Servlet engine: [Apache Tomcat/9.0.75]
15:12:56:427  INFO 4672 --- [main] o.a.c.c.C.[Tomcat].[localhost].[/]       : Initializing Spring embedded WebApplicationContext
15:12:56:427  INFO 4672 --- [main] w.s.c.ServletWebServerApplicationContext : Root WebApplicationContext: initialization completed in 830 ms
15:12:57:244  INFO 4672 --- [main] pertySourcedRequestMappingHandlerMapping : Mapped URL path [/v2/api-docs] onto method [springfox.documentation.swagger2.web.Swagger2ControllerWebMvc#getDocumentation(String, HttpServletRequest)]
15:12:57:468  INFO 4672 --- [main] o.s.b.w.embedded.tomcat.TomcatWebServer  : Tomcat started on port(s): 8080 (http) with context path ''
15:12:57:469  INFO 4672 --- [main] d.s.w.p.DocumentationPluginsBootstrapper : Documentation plugins bootstrapped
15:12:57:470  INFO 4672 --- [main] d.s.w.p.DocumentationPluginsBootstrapper : Found 1 custom documentation plugin(s)
15:12:57:488  INFO 4672 --- [main] s.d.s.w.s.ApiListingReferenceScanner     : Scanning for api listing references
15:12:57:586  INFO 4672 --- [main] com.hmall.HMallApplication               : Started HMallApplication in 2.281 seconds (JVM running for 2.618)
16:06:30:263  INFO 8612 --- [main] com.hmall.HMallApplication               : Starting HMallApplication using Java 17.0.11 on DESKTOP-MS920JF with PID 8612 (E:\Project_Code\hmall\hm-service\target\classes started by admin in E:\Project_Code\hmall)
16:06:30:265 DEBUG 8612 --- [main] com.hmall.HMallApplication               : Running with Spring Boot v2.7.12, Spring v5.3.27
16:06:30:265  INFO 8612 --- [main] com.hmall.HMallApplication               : The following 1 profile is active: "local"
16:06:30:675  INFO 8612 --- [main] .s.d.r.c.RepositoryConfigurationDelegate : Multiple Spring Data modules found, entering strict repository configuration mode
16:06:30:677  INFO 8612 --- [main] .s.d.r.c.RepositoryConfigurationDelegate : Bootstrapping Spring Data Redis repositories in DEFAULT mode.
16:06:30:695  INFO 8612 --- [main] .s.d.r.c.RepositoryConfigurationDelegate : Finished Spring Data repository scanning in 7 ms. Found 0 Redis repository interfaces.
16:06:31:017  INFO 8612 --- [main] o.s.b.w.embedded.tomcat.TomcatWebServer  : Tomcat initialized with port(s): 8080 (http)
16:06:31:022  INFO 8612 --- [main] o.apache.catalina.core.StandardService   : Starting service [Tomcat]
16:06:31:022  INFO 8612 --- [main] org.apache.catalina.core.StandardEngine  : Starting Servlet engine: [Apache Tomcat/9.0.75]
16:06:31:085  INFO 8612 --- [main] o.a.c.c.C.[Tomcat].[localhost].[/]       : Initializing Spring embedded WebApplicationContext
16:06:31:085  INFO 8612 --- [main] w.s.c.ServletWebServerApplicationContext : Root WebApplicationContext: initialization completed in 796 ms
16:06:31:898  INFO 8612 --- [main] pertySourcedRequestMappingHandlerMapping : Mapped URL path [/v2/api-docs] onto method [springfox.documentation.swagger2.web.Swagger2ControllerWebMvc#getDocumentation(String, HttpServletRequest)]
16:06:32:132  INFO 8612 --- [main] o.s.b.w.embedded.tomcat.TomcatWebServer  : Tomcat started on port(s): 8080 (http) with context path ''
16:06:32:132  INFO 8612 --- [main] d.s.w.p.DocumentationPluginsBootstrapper : Documentation plugins bootstrapped
16:06:32:133  INFO 8612 --- [main] d.s.w.p.DocumentationPluginsBootstrapper : Found 1 custom documentation plugin(s)
16:06:32:150  INFO 8612 --- [main] s.d.s.w.s.ApiListingReferenceScanner     : Scanning for api listing references
16:06:32:245  INFO 8612 --- [main] com.hmall.HMallApplication               : Started HMallApplication in 2.226 seconds (JVM running for 2.554)
16:06:36:623  INFO 8612 --- [http-nio-8080-exec-1] o.a.c.c.C.[Tomcat].[localhost].[/]       : Initializing Spring DispatcherServlet 'dispatcherServlet'
16:06:36:623  INFO 8612 --- [http-nio-8080-exec-1] o.s.web.servlet.DispatcherServlet        : Initializing Servlet 'dispatcherServlet'
16:06:36:625  INFO 8612 --- [http-nio-8080-exec-1] o.s.web.servlet.DispatcherServlet        : Completed initialization in 1 ms
16:06:36:721  INFO 8612 --- [http-nio-8080-exec-1] com.zaxxer.hikari.HikariDataSource       : HikariPool-1 - Starting...
16:06:36:866  INFO 8612 --- [http-nio-8080-exec-1] com.zaxxer.hikari.HikariDataSource       : HikariPool-1 - Start completed.
16:06:36:870 DEBUG 8612 --- [http-nio-8080-exec-1] c.h.m.ItemMapper.selectPage_mpCount      : ==>  Preparing: SELECT COUNT(*) FROM item WHERE (status = ?)
16:06:36:888 DEBUG 8612 --- [http-nio-8080-exec-1] c.h.m.ItemMapper.selectPage_mpCount      : ==> Parameters: 1(Integer)
16:06:36:934 DEBUG 8612 --- [http-nio-8080-exec-1] c.h.m.ItemMapper.selectPage_mpCount      : <==      Total: 1
16:06:36:940 DEBUG 8612 --- [http-nio-8080-exec-1] com.hmall.mapper.ItemMapper.selectPage   : ==>  Preparing: SELECT id, name, price, stock, image, category, brand, spec, sold, comment_count, isAD, status, create_time, update_time, creater, updater FROM item WHERE (status = ?) ORDER BY update_time DESC LIMIT ?
16:06:36:940 DEBUG 8612 --- [http-nio-8080-exec-1] com.hmall.mapper.ItemMapper.selectPage   : ==> Parameters: 1(Integer), 20(Long)
16:06:36:953 DEBUG 8612 --- [http-nio-8080-exec-1] com.hmall.mapper.ItemMapper.selectPage   : <==      Total: 20
16:06:38:549 DEBUG 8612 --- [http-nio-8080-exec-2] c.h.m.ItemMapper.selectPage_mpCount      : ==>  Preparing: SELECT COUNT(*) FROM item WHERE (status = ?)
16:06:38:549 DEBUG 8612 --- [http-nio-8080-exec-2] c.h.m.ItemMapper.selectPage_mpCount      : ==> Parameters: 1(Integer)
16:06:38:562 DEBUG 8612 --- [http-nio-8080-exec-2] c.h.m.ItemMapper.selectPage_mpCount      : <==      Total: 1
16:06:38:563 DEBUG 8612 --- [http-nio-8080-exec-2] com.hmall.mapper.ItemMapper.selectPage   : ==>  Preparing: SELECT id, name, price, stock, image, category, brand, spec, sold, comment_count, isAD, status, create_time, update_time, creater, updater FROM item WHERE (status = ?) ORDER BY update_time DESC LIMIT ?
16:06:38:564 DEBUG 8612 --- [http-nio-8080-exec-2] com.hmall.mapper.ItemMapper.selectPage   : ==> Parameters: 1(Integer), 20(Long)
16:06:38:566 DEBUG 8612 --- [http-nio-8080-exec-2] com.hmall.mapper.ItemMapper.selectPage   : <==      Total: 20
16:06:39:747 DEBUG 8612 --- [http-nio-8080-exec-3] c.h.m.ItemMapper.selectPage_mpCount      : ==>  Preparing: SELECT COUNT(*) FROM item WHERE (status = ?)
16:06:39:747 DEBUG 8612 --- [http-nio-8080-exec-3] c.h.m.ItemMapper.selectPage_mpCount      : ==> Parameters: 1(Integer)
16:06:39:761 DEBUG 8612 --- [http-nio-8080-exec-3] c.h.m.ItemMapper.selectPage_mpCount      : <==      Total: 1
16:06:39:762 DEBUG 8612 --- [http-nio-8080-exec-3] com.hmall.mapper.ItemMapper.selectPage   : ==>  Preparing: SELECT id, name, price, stock, image, category, brand, spec, sold, comment_count, isAD, status, create_time, update_time, creater, updater FROM item WHERE (status = ?) ORDER BY update_time DESC LIMIT ?
16:06:39:763 DEBUG 8612 --- [http-nio-8080-exec-3] com.hmall.mapper.ItemMapper.selectPage   : ==> Parameters: 1(Integer), 20(Long)
16:06:39:766 DEBUG 8612 --- [http-nio-8080-exec-3] com.hmall.mapper.ItemMapper.selectPage   : <==      Total: 20
16:06:40:659 DEBUG 8612 --- [http-nio-8080-exec-7] c.h.m.ItemMapper.selectPage_mpCount      : ==>  Preparing: SELECT COUNT(*) FROM item WHERE (status = ?)
16:06:40:660 DEBUG 8612 --- [http-nio-8080-exec-7] c.h.m.ItemMapper.selectPage_mpCount      : ==> Parameters: 1(Integer)
16:06:40:671 DEBUG 8612 --- [http-nio-8080-exec-7] c.h.m.ItemMapper.selectPage_mpCount      : <==      Total: 1
16:06:40:672 DEBUG 8612 --- [http-nio-8080-exec-7] com.hmall.mapper.ItemMapper.selectPage   : ==>  Preparing: SELECT id, name, price, stock, image, category, brand, spec, sold, comment_count, isAD, status, create_time, update_time, creater, updater FROM item WHERE (status = ?) ORDER BY update_time DESC LIMIT ?
16:06:40:673 DEBUG 8612 --- [http-nio-8080-exec-7] com.hmall.mapper.ItemMapper.selectPage   : ==> Parameters: 1(Integer), 20(Long)
16:06:40:675 DEBUG 8612 --- [http-nio-8080-exec-7] com.hmall.mapper.ItemMapper.selectPage   : <==      Total: 20
16:06:41:091 DEBUG 8612 --- [http-nio-8080-exec-4] c.h.m.ItemMapper.selectPage_mpCount      : ==>  Preparing: SELECT COUNT(*) FROM item WHERE (status = ?)
16:06:41:092 DEBUG 8612 --- [http-nio-8080-exec-4] c.h.m.ItemMapper.selectPage_mpCount      : ==> Parameters: 1(Integer)
16:06:41:103 DEBUG 8612 --- [http-nio-8080-exec-4] c.h.m.ItemMapper.selectPage_mpCount      : <==      Total: 1
16:06:41:104 DEBUG 8612 --- [http-nio-8080-exec-4] com.hmall.mapper.ItemMapper.selectPage   : ==>  Preparing: SELECT id, name, price, stock, image, category, brand, spec, sold, comment_count, isAD, status, create_time, update_time, creater, updater FROM item WHERE (status = ?) ORDER BY update_time DESC LIMIT ?
16:06:41:105 DEBUG 8612 --- [http-nio-8080-exec-4] com.hmall.mapper.ItemMapper.selectPage   : ==> Parameters: 1(Integer), 20(Long)
16:06:41:107 DEBUG 8612 --- [http-nio-8080-exec-4] com.hmall.mapper.ItemMapper.selectPage   : <==      Total: 20
16:06:41:419 DEBUG 8612 --- [http-nio-8080-exec-6] c.h.m.ItemMapper.selectPage_mpCount      : ==>  Preparing: SELECT COUNT(*) FROM item WHERE (status = ?)
16:06:41:419 DEBUG 8612 --- [http-nio-8080-exec-6] c.h.m.ItemMapper.selectPage_mpCount      : ==> Parameters: 1(Integer)
16:06:41:432 DEBUG 8612 --- [http-nio-8080-exec-6] c.h.m.ItemMapper.selectPage_mpCount      : <==      Total: 1
16:06:41:432 DEBUG 8612 --- [http-nio-8080-exec-6] com.hmall.mapper.ItemMapper.selectPage   : ==>  Preparing: SELECT id, name, price, stock, image, category, brand, spec, sold, comment_count, isAD, status, create_time, update_time, creater, updater FROM item WHERE (status = ?) ORDER BY update_time DESC LIMIT ?
16:06:41:433 DEBUG 8612 --- [http-nio-8080-exec-6] com.hmall.mapper.ItemMapper.selectPage   : ==> Parameters: 1(Integer), 20(Long)
16:06:41:434 DEBUG 8612 --- [http-nio-8080-exec-6] com.hmall.mapper.ItemMapper.selectPage   : <==      Total: 20
16:06:41:649 DEBUG 8612 --- [http-nio-8080-exec-5] c.h.m.ItemMapper.selectPage_mpCount      : ==>  Preparing: SELECT COUNT(*) FROM item WHERE (status = ?)
16:06:41:650 DEBUG 8612 --- [http-nio-8080-exec-5] c.h.m.ItemMapper.selectPage_mpCount      : ==> Parameters: 1(Integer)
16:06:41:663 DEBUG 8612 --- [http-nio-8080-exec-5] c.h.m.ItemMapper.selectPage_mpCount      : <==      Total: 1
16:06:41:664 DEBUG 8612 --- [http-nio-8080-exec-5] com.hmall.mapper.ItemMapper.selectPage   : ==>  Preparing: SELECT id, name, price, stock, image, category, brand, spec, sold, comment_count, isAD, status, create_time, update_time, creater, updater FROM item WHERE (status = ?) ORDER BY update_time DESC LIMIT ?
16:06:41:664 DEBUG 8612 --- [http-nio-8080-exec-5] com.hmall.mapper.ItemMapper.selectPage   : ==> Parameters: 1(Integer), 20(Long)
16:06:41:666 DEBUG 8612 --- [http-nio-8080-exec-5] com.hmall.mapper.ItemMapper.selectPage   : <==      Total: 20
16:06:41:891 DEBUG 8612 --- [http-nio-8080-exec-8] c.h.m.ItemMapper.selectPage_mpCount      : ==>  Preparing: SELECT COUNT(*) FROM item WHERE (status = ?)
16:06:41:892 DEBUG 8612 --- [http-nio-8080-exec-8] c.h.m.ItemMapper.selectPage_mpCount      : ==> Parameters: 1(Integer)
16:06:41:903 DEBUG 8612 --- [http-nio-8080-exec-8] c.h.m.ItemMapper.selectPage_mpCount      : <==      Total: 1
16:06:41:905 DEBUG 8612 --- [http-nio-8080-exec-8] com.hmall.mapper.ItemMapper.selectPage   : ==>  Preparing: SELECT id, name, price, stock, image, category, brand, spec, sold, comment_count, isAD, status, create_time, update_time, creater, updater FROM item WHERE (status = ?) ORDER BY update_time DESC LIMIT ?
16:06:41:905 DEBUG 8612 --- [http-nio-8080-exec-8] com.hmall.mapper.ItemMapper.selectPage   : ==> Parameters: 1(Integer), 20(Long)
16:06:41:907 DEBUG 8612 --- [http-nio-8080-exec-8] com.hmall.mapper.ItemMapper.selectPage   : <==      Total: 20
16:06:42:106 DEBUG 8612 --- [http-nio-8080-exec-9] c.h.m.ItemMapper.selectPage_mpCount      : ==>  Preparing: SELECT COUNT(*) FROM item WHERE (status = ?)
16:06:42:106 DEBUG 8612 --- [http-nio-8080-exec-9] c.h.m.ItemMapper.selectPage_mpCount      : ==> Parameters: 1(Integer)
16:06:42:118 DEBUG 8612 --- [http-nio-8080-exec-9] c.h.m.ItemMapper.selectPage_mpCount      : <==      Total: 1
16:06:42:119 DEBUG 8612 --- [http-nio-8080-exec-9] com.hmall.mapper.ItemMapper.selectPage   : ==>  Preparing: SELECT id, name, price, stock, image, category, brand, spec, sold, comment_count, isAD, status, create_time, update_time, creater, updater FROM item WHERE (status = ?) ORDER BY update_time DESC LIMIT ?
16:06:42:120 DEBUG 8612 --- [http-nio-8080-exec-9] com.hmall.mapper.ItemMapper.selectPage   : ==> Parameters: 1(Integer), 20(Long)
16:06:42:122 DEBUG 8612 --- [http-nio-8080-exec-9] com.hmall.mapper.ItemMapper.selectPage   : <==      Total: 20
16:06:42:298 DEBUG 8612 --- [http-nio-8080-exec-10] c.h.m.ItemMapper.selectPage_mpCount      : ==>  Preparing: SELECT COUNT(*) FROM item WHERE (status = ?)
16:06:42:298 DEBUG 8612 --- [http-nio-8080-exec-10] c.h.m.ItemMapper.selectPage_mpCount      : ==> Parameters: 1(Integer)
16:06:42:318 DEBUG 8612 --- [http-nio-8080-exec-10] c.h.m.ItemMapper.selectPage_mpCount      : <==      Total: 1
16:06:42:318 DEBUG 8612 --- [http-nio-8080-exec-10] com.hmall.mapper.ItemMapper.selectPage   : ==>  Preparing: SELECT id, name, price, stock, image, category, brand, spec, sold, comment_count, isAD, status, create_time, update_time, creater, updater FROM item WHERE (status = ?) ORDER BY update_time DESC LIMIT ?
16:06:42:318 DEBUG 8612 --- [http-nio-8080-exec-10] com.hmall.mapper.ItemMapper.selectPage   : ==> Parameters: 1(Integer), 20(Long)
16:06:42:320 DEBUG 8612 --- [http-nio-8080-exec-10] com.hmall.mapper.ItemMapper.selectPage   : <==      Total: 20
16:06:42:474 DEBUG 8612 --- [http-nio-8080-exec-1] c.h.m.ItemMapper.selectPage_mpCount      : ==>  Preparing: SELECT COUNT(*) FROM item WHERE (status = ?)
16:06:42:475 DEBUG 8612 --- [http-nio-8080-exec-1] c.h.m.ItemMapper.selectPage_mpCount      : ==> Parameters: 1(Integer)
16:06:42:487 DEBUG 8612 --- [http-nio-8080-exec-1] c.h.m.ItemMapper.selectPage_mpCount      : <==      Total: 1
16:06:42:487 DEBUG 8612 --- [http-nio-8080-exec-1] com.hmall.mapper.ItemMapper.selectPage   : ==>  Preparing: SELECT id, name, price, stock, image, category, brand, spec, sold, comment_count, isAD, status, create_time, update_time, creater, updater FROM item WHERE (status = ?) ORDER BY update_time DESC LIMIT ?
16:06:42:488 DEBUG 8612 --- [http-nio-8080-exec-1] com.hmall.mapper.ItemMapper.selectPage   : ==> Parameters: 1(Integer), 20(Long)
16:06:42:490 DEBUG 8612 --- [http-nio-8080-exec-1] com.hmall.mapper.ItemMapper.selectPage   : <==      Total: 20
16:06:42:657 DEBUG 8612 --- [http-nio-8080-exec-2] c.h.m.ItemMapper.selectPage_mpCount      : ==>  Preparing: SELECT COUNT(*) FROM item WHERE (status = ?)
16:06:42:658 DEBUG 8612 --- [http-nio-8080-exec-2] c.h.m.ItemMapper.selectPage_mpCount      : ==> Parameters: 1(Integer)
16:06:42:670 DEBUG 8612 --- [http-nio-8080-exec-2] c.h.m.ItemMapper.selectPage_mpCount      : <==      Total: 1
16:06:42:670 DEBUG 8612 --- [http-nio-8080-exec-2] com.hmall.mapper.ItemMapper.selectPage   : ==>  Preparing: SELECT id, name, price, stock, image, category, brand, spec, sold, comment_count, isAD, status, create_time, update_time, creater, updater FROM item WHERE (status = ?) ORDER BY update_time DESC LIMIT ?
16:06:42:671 DEBUG 8612 --- [http-nio-8080-exec-2] com.hmall.mapper.ItemMapper.selectPage   : ==> Parameters: 1(Integer), 20(Long)
16:06:42:672 DEBUG 8612 --- [http-nio-8080-exec-2] com.hmall.mapper.ItemMapper.selectPage   : <==      Total: 20
16:06:42:833 DEBUG 8612 --- [http-nio-8080-exec-3] c.h.m.ItemMapper.selectPage_mpCount      : ==>  Preparing: SELECT COUNT(*) FROM item WHERE (status = ?)
16:06:42:834 DEBUG 8612 --- [http-nio-8080-exec-3] c.h.m.ItemMapper.selectPage_mpCount      : ==> Parameters: 1(Integer)
16:06:42:846 DEBUG 8612 --- [http-nio-8080-exec-3] c.h.m.ItemMapper.selectPage_mpCount      : <==      Total: 1
16:06:42:846 DEBUG 8612 --- [http-nio-8080-exec-3] com.hmall.mapper.ItemMapper.selectPage   : ==>  Preparing: SELECT id, name, price, stock, image, category, brand, spec, sold, comment_count, isAD, status, create_time, update_time, creater, updater FROM item WHERE (status = ?) ORDER BY update_time DESC LIMIT ?
16:06:42:846 DEBUG 8612 --- [http-nio-8080-exec-3] com.hmall.mapper.ItemMapper.selectPage   : ==> Parameters: 1(Integer), 20(Long)
16:06:42:848 DEBUG 8612 --- [http-nio-8080-exec-3] com.hmall.mapper.ItemMapper.selectPage   : <==      Total: 20
16:06:43:017 DEBUG 8612 --- [http-nio-8080-exec-7] c.h.m.ItemMapper.selectPage_mpCount      : ==>  Preparing: SELECT COUNT(*) FROM item WHERE (status = ?)
16:06:43:017 DEBUG 8612 --- [http-nio-8080-exec-7] c.h.m.ItemMapper.selectPage_mpCount      : ==> Parameters: 1(Integer)
16:06:43:030 DEBUG 8612 --- [http-nio-8080-exec-7] c.h.m.ItemMapper.selectPage_mpCount      : <==      Total: 1
16:06:43:030 DEBUG 8612 --- [http-nio-8080-exec-7] com.hmall.mapper.ItemMapper.selectPage   : ==>  Preparing: SELECT id, name, price, stock, image, category, brand, spec, sold, comment_count, isAD, status, create_time, update_time, creater, updater FROM item WHERE (status = ?) ORDER BY update_time DESC LIMIT ?
16:06:43:030 DEBUG 8612 --- [http-nio-8080-exec-7] com.hmall.mapper.ItemMapper.selectPage   : ==> Parameters: 1(Integer), 20(Long)
16:06:43:032 DEBUG 8612 --- [http-nio-8080-exec-7] com.hmall.mapper.ItemMapper.selectPage   : <==      Total: 20
16:06:43:210 DEBUG 8612 --- [http-nio-8080-exec-4] c.h.m.ItemMapper.selectPage_mpCount      : ==>  Preparing: SELECT COUNT(*) FROM item WHERE (status = ?)
16:06:43:211 DEBUG 8612 --- [http-nio-8080-exec-4] c.h.m.ItemMapper.selectPage_mpCount      : ==> Parameters: 1(Integer)
16:06:43:223 DEBUG 8612 --- [http-nio-8080-exec-4] c.h.m.ItemMapper.selectPage_mpCount      : <==      Total: 1
16:06:43:224 DEBUG 8612 --- [http-nio-8080-exec-4] com.hmall.mapper.ItemMapper.selectPage   : ==>  Preparing: SELECT id, name, price, stock, image, category, brand, spec, sold, comment_count, isAD, status, create_time, update_time, creater, updater FROM item WHERE (status = ?) ORDER BY update_time DESC LIMIT ?
16:06:43:224 DEBUG 8612 --- [http-nio-8080-exec-4] com.hmall.mapper.ItemMapper.selectPage   : ==> Parameters: 1(Integer), 20(Long)
16:06:43:225 DEBUG 8612 --- [http-nio-8080-exec-4] com.hmall.mapper.ItemMapper.selectPage   : <==      Total: 20
16:06:43:396 DEBUG 8612 --- [http-nio-8080-exec-6] c.h.m.ItemMapper.selectPage_mpCount      : ==>  Preparing: SELECT COUNT(*) FROM item WHERE (status = ?)
16:06:43:397 DEBUG 8612 --- [http-nio-8080-exec-6] c.h.m.ItemMapper.selectPage_mpCount      : ==> Parameters: 1(Integer)
16:06:43:412 DEBUG 8612 --- [http-nio-8080-exec-6] c.h.m.ItemMapper.selectPage_mpCount      : <==      Total: 1
16:06:43:413 DEBUG 8612 --- [http-nio-8080-exec-6] com.hmall.mapper.ItemMapper.selectPage   : ==>  Preparing: SELECT id, name, price, stock, image, category, brand, spec, sold, comment_count, isAD, status, create_time, update_time, creater, updater FROM item WHERE (status = ?) ORDER BY update_time DESC LIMIT ?
16:06:43:414 DEBUG 8612 --- [http-nio-8080-exec-6] com.hmall.mapper.ItemMapper.selectPage   : ==> Parameters: 1(Integer), 20(Long)
16:06:43:415 DEBUG 8612 --- [http-nio-8080-exec-6] com.hmall.mapper.ItemMapper.selectPage   : <==      Total: 20
16:07:49:849  INFO 8612 --- [SpringApplicationShutdownHook] com.zaxxer.hikari.HikariDataSource       : HikariPool-1 - Shutdown initiated...
16:07:49:853  INFO 8612 --- [SpringApplicationShutdownHook] com.zaxxer.hikari.HikariDataSource       : HikariPool-1 - Shutdown completed.
16:10:17:942  INFO 5924 --- [main] com.hmall.HMallApplication               : Starting HMallApplication using Java 17.0.11 on DESKTOP-MS920JF with PID 5924 (E:\Project_Code\hmall\hm-service\target\classes started by admin in E:\Project_Code\hmall)
16:10:17:943 DEBUG 5924 --- [main] com.hmall.HMallApplication               : Running with Spring Boot v2.7.12, Spring v5.3.27
16:10:17:943  INFO 5924 --- [main] com.hmall.HMallApplication               : The following 1 profile is active: "local"
16:10:18:345  INFO 5924 --- [main] .s.d.r.c.RepositoryConfigurationDelegate : Multiple Spring Data modules found, entering strict repository configuration mode
16:10:18:347  INFO 5924 --- [main] .s.d.r.c.RepositoryConfigurationDelegate : Bootstrapping Spring Data Redis repositories in DEFAULT mode.
16:10:18:361  INFO 5924 --- [main] .s.d.r.c.RepositoryConfigurationDelegate : Finished Spring Data repository scanning in 6 ms. Found 0 Redis repository interfaces.
16:10:18:682  INFO 5924 --- [main] o.s.b.w.embedded.tomcat.TomcatWebServer  : Tomcat initialized with port(s): 8080 (http)
16:10:18:687  INFO 5924 --- [main] o.apache.catalina.core.StandardService   : Starting service [Tomcat]
16:10:18:687  INFO 5924 --- [main] org.apache.catalina.core.StandardEngine  : Starting Servlet engine: [Apache Tomcat/9.0.75]
16:10:18:752  INFO 5924 --- [main] o.a.c.c.C.[Tomcat].[localhost].[/]       : Initializing Spring embedded WebApplicationContext
16:10:18:752  INFO 5924 --- [main] w.s.c.ServletWebServerApplicationContext : Root WebApplicationContext: initialization completed in 782 ms
16:10:19:535  INFO 5924 --- [main] pertySourcedRequestMappingHandlerMapping : Mapped URL path [/v2/api-docs] onto method [springfox.documentation.swagger2.web.Swagger2ControllerWebMvc#getDocumentation(String, HttpServletRequest)]
16:10:19:753  INFO 5924 --- [main] o.s.b.w.embedded.tomcat.TomcatWebServer  : Tomcat started on port(s): 8080 (http) with context path ''
16:10:19:754  INFO 5924 --- [main] d.s.w.p.DocumentationPluginsBootstrapper : Documentation plugins bootstrapped
16:10:19:755  INFO 5924 --- [main] d.s.w.p.DocumentationPluginsBootstrapper : Found 1 custom documentation plugin(s)
16:10:19:774  INFO 5924 --- [main] s.d.s.w.s.ApiListingReferenceScanner     : Scanning for api listing references
16:10:19:868  INFO 5924 --- [main] com.hmall.HMallApplication               : Started HMallApplication in 2.173 seconds (JVM running for 2.478)
16:10:26:272  INFO 5924 --- [http-nio-8080-exec-1] o.a.c.c.C.[Tomcat].[localhost].[/]       : Initializing Spring DispatcherServlet 'dispatcherServlet'
16:10:26:272  INFO 5924 --- [http-nio-8080-exec-1] o.s.web.servlet.DispatcherServlet        : Initializing Servlet 'dispatcherServlet'
16:10:26:273  INFO 5924 --- [http-nio-8080-exec-1] o.s.web.servlet.DispatcherServlet        : Completed initialization in 1 ms
16:10:26:364  INFO 5924 --- [http-nio-8080-exec-1] com.zaxxer.hikari.HikariDataSource       : HikariPool-1 - Starting...
16:10:26:509  INFO 5924 --- [http-nio-8080-exec-1] com.zaxxer.hikari.HikariDataSource       : HikariPool-1 - Start completed.
16:10:26:513 DEBUG 5924 --- [http-nio-8080-exec-1] c.h.m.ItemMapper.selectPage_mpCount      : ==>  Preparing: SELECT COUNT(*) FROM item WHERE (status = ?)
16:10:26:530 DEBUG 5924 --- [http-nio-8080-exec-1] c.h.m.ItemMapper.selectPage_mpCount      : ==> Parameters: 1(Integer)
16:10:26:553 DEBUG 5924 --- [http-nio-8080-exec-1] c.h.m.ItemMapper.selectPage_mpCount      : <==      Total: 1
16:10:26:559 DEBUG 5924 --- [http-nio-8080-exec-1] com.hmall.mapper.ItemMapper.selectPage   : ==>  Preparing: SELECT id, name, price, stock, image, category, brand, spec, sold, comment_count, isAD, status, create_time, update_time, creater, updater FROM item WHERE (status = ?) ORDER BY update_time DESC LIMIT ?
16:10:26:559 DEBUG 5924 --- [http-nio-8080-exec-1] com.hmall.mapper.ItemMapper.selectPage   : ==> Parameters: 1(Integer), 20(Long)
16:10:26:568 DEBUG 5924 --- [http-nio-8080-exec-1] com.hmall.mapper.ItemMapper.selectPage   : <==      Total: 20
16:10:28:339 DEBUG 5924 --- [http-nio-8080-exec-5] c.h.m.ItemMapper.selectPage_mpCount      : ==>  Preparing: SELECT COUNT(*) FROM item WHERE (status = ?)
16:10:28:339 DEBUG 5924 --- [http-nio-8080-exec-5] c.h.m.ItemMapper.selectPage_mpCount      : ==> Parameters: 1(Integer)
16:10:28:352 DEBUG 5924 --- [http-nio-8080-exec-5] c.h.m.ItemMapper.selectPage_mpCount      : <==      Total: 1
16:10:28:353 DEBUG 5924 --- [http-nio-8080-exec-5] com.hmall.mapper.ItemMapper.selectPage   : ==>  Preparing: SELECT id, name, price, stock, image, category, brand, spec, sold, comment_count, isAD, status, create_time, update_time, creater, updater FROM item WHERE (status = ?) ORDER BY update_time DESC LIMIT ?
16:10:28:353 DEBUG 5924 --- [http-nio-8080-exec-5] com.hmall.mapper.ItemMapper.selectPage   : ==> Parameters: 1(Integer), 20(Long)
16:10:28:357 DEBUG 5924 --- [http-nio-8080-exec-5] com.hmall.mapper.ItemMapper.selectPage   : <==      Total: 20
16:10:29:413 DEBUG 5924 --- [http-nio-8080-exec-7] c.h.m.ItemMapper.selectPage_mpCount      : ==>  Preparing: SELECT COUNT(*) FROM item WHERE (status = ?)
16:10:29:414 DEBUG 5924 --- [http-nio-8080-exec-7] c.h.m.ItemMapper.selectPage_mpCount      : ==> Parameters: 1(Integer)
16:10:29:426 DEBUG 5924 --- [http-nio-8080-exec-7] c.h.m.ItemMapper.selectPage_mpCount      : <==      Total: 1
16:10:29:427 DEBUG 5924 --- [http-nio-8080-exec-7] com.hmall.mapper.ItemMapper.selectPage   : ==>  Preparing: SELECT id, name, price, stock, image, category, brand, spec, sold, comment_count, isAD, status, create_time, update_time, creater, updater FROM item WHERE (status = ?) ORDER BY update_time DESC LIMIT ?
16:10:29:428 DEBUG 5924 --- [http-nio-8080-exec-7] com.hmall.mapper.ItemMapper.selectPage   : ==> Parameters: 1(Integer), 20(Long)
16:10:29:431 DEBUG 5924 --- [http-nio-8080-exec-7] com.hmall.mapper.ItemMapper.selectPage   : <==      Total: 20
16:10:30:354 DEBUG 5924 --- [http-nio-8080-exec-8] c.h.m.ItemMapper.selectPage_mpCount      : ==>  Preparing: SELECT COUNT(*) FROM item WHERE (status = ?)
16:10:30:354 DEBUG 5924 --- [http-nio-8080-exec-8] c.h.m.ItemMapper.selectPage_mpCount      : ==> Parameters: 1(Integer)
16:10:30:366 DEBUG 5924 --- [http-nio-8080-exec-8] c.h.m.ItemMapper.selectPage_mpCount      : <==      Total: 1
16:10:30:366 DEBUG 5924 --- [http-nio-8080-exec-8] com.hmall.mapper.ItemMapper.selectPage   : ==>  Preparing: SELECT id, name, price, stock, image, category, brand, spec, sold, comment_count, isAD, status, create_time, update_time, creater, updater FROM item WHERE (status = ?) ORDER BY update_time DESC LIMIT ?
16:10:30:367 DEBUG 5924 --- [http-nio-8080-exec-8] com.hmall.mapper.ItemMapper.selectPage   : ==> Parameters: 1(Integer), 20(Long)
16:10:30:369 DEBUG 5924 --- [http-nio-8080-exec-8] com.hmall.mapper.ItemMapper.selectPage   : <==      Total: 20
16:10:31:005 DEBUG 5924 --- [http-nio-8080-exec-3] c.h.m.ItemMapper.selectPage_mpCount      : ==>  Preparing: SELECT COUNT(*) FROM item WHERE (status = ?)
16:10:31:006 DEBUG 5924 --- [http-nio-8080-exec-3] c.h.m.ItemMapper.selectPage_mpCount      : ==> Parameters: 1(Integer)
16:10:31:017 DEBUG 5924 --- [http-nio-8080-exec-3] c.h.m.ItemMapper.selectPage_mpCount      : <==      Total: 1
16:10:31:018 DEBUG 5924 --- [http-nio-8080-exec-3] com.hmall.mapper.ItemMapper.selectPage   : ==>  Preparing: SELECT id, name, price, stock, image, category, brand, spec, sold, comment_count, isAD, status, create_time, update_time, creater, updater FROM item WHERE (status = ?) ORDER BY update_time DESC LIMIT ?
16:10:31:018 DEBUG 5924 --- [http-nio-8080-exec-3] com.hmall.mapper.ItemMapper.selectPage   : ==> Parameters: 1(Integer), 20(Long)
16:10:31:021 DEBUG 5924 --- [http-nio-8080-exec-3] com.hmall.mapper.ItemMapper.selectPage   : <==      Total: 20
16:10:38:514  INFO 5924 --- [SpringApplicationShutdownHook] com.zaxxer.hikari.HikariDataSource       : HikariPool-1 - Shutdown initiated...
16:10:38:518  INFO 5924 --- [SpringApplicationShutdownHook] com.zaxxer.hikari.HikariDataSource       : HikariPool-1 - Shutdown completed.
16:44:09:451  INFO 10412 --- [main] com.hmall.HMallApplication               : Starting HMallApplication using Java 17.0.11 on DESKTOP-MS920JF with PID 10412 (E:\Project_Code\hmall\hm-service\target\classes started by admin in E:\Project_Code\hmall)
16:44:09:452 DEBUG 10412 --- [main] com.hmall.HMallApplication               : Running with Spring Boot v2.7.12, Spring v5.3.27
16:44:09:452  INFO 10412 --- [main] com.hmall.HMallApplication               : The following 1 profile is active: "local"
16:44:09:858  INFO 10412 --- [main] .s.d.r.c.RepositoryConfigurationDelegate : Multiple Spring Data modules found, entering strict repository configuration mode
16:44:09:860  INFO 10412 --- [main] .s.d.r.c.RepositoryConfigurationDelegate : Bootstrapping Spring Data Redis repositories in DEFAULT mode.
16:44:09:875  INFO 10412 --- [main] .s.d.r.c.RepositoryConfigurationDelegate : Finished Spring Data repository scanning in 6 ms. Found 0 Redis repository interfaces.
16:44:10:204  INFO 10412 --- [main] o.s.b.w.embedded.tomcat.TomcatWebServer  : Tomcat initialized with port(s): 8080 (http)
16:44:10:208  INFO 10412 --- [main] o.apache.catalina.core.StandardService   : Starting service [Tomcat]
16:44:10:208  INFO 10412 --- [main] org.apache.catalina.core.StandardEngine  : Starting Servlet engine: [Apache Tomcat/9.0.75]
16:44:10:273  INFO 10412 --- [main] o.a.c.c.C.[Tomcat].[localhost].[/]       : Initializing Spring embedded WebApplicationContext
16:44:10:273  INFO 10412 --- [main] w.s.c.ServletWebServerApplicationContext : Root WebApplicationContext: initialization completed in 795 ms
16:44:11:063  INFO 10412 --- [main] pertySourcedRequestMappingHandlerMapping : Mapped URL path [/v2/api-docs] onto method [springfox.documentation.swagger2.web.Swagger2ControllerWebMvc#getDocumentation(String, HttpServletRequest)]
16:44:11:281  INFO 10412 --- [main] o.s.b.w.embedded.tomcat.TomcatWebServer  : Tomcat started on port(s): 8080 (http) with context path ''
16:44:11:282  INFO 10412 --- [main] d.s.w.p.DocumentationPluginsBootstrapper : Documentation plugins bootstrapped
16:44:11:283  INFO 10412 --- [main] d.s.w.p.DocumentationPluginsBootstrapper : Found 1 custom documentation plugin(s)
16:44:11:301  INFO 10412 --- [main] s.d.s.w.s.ApiListingReferenceScanner     : Scanning for api listing references
16:44:11:398  INFO 10412 --- [main] com.hmall.HMallApplication               : Started HMallApplication in 2.189 seconds (JVM running for 2.513)
16:44:15:390  INFO 10412 --- [http-nio-8080-exec-1] o.a.c.c.C.[Tomcat].[localhost].[/]       : Initializing Spring DispatcherServlet 'dispatcherServlet'
16:44:15:390  INFO 10412 --- [http-nio-8080-exec-1] o.s.web.servlet.DispatcherServlet        : Initializing Servlet 'dispatcherServlet'
16:44:15:392  INFO 10412 --- [http-nio-8080-exec-1] o.s.web.servlet.DispatcherServlet        : Completed initialization in 1 ms
16:44:15:490  INFO 10412 --- [http-nio-8080-exec-1] com.zaxxer.hikari.HikariDataSource       : HikariPool-1 - Starting...
16:44:15:647  INFO 10412 --- [http-nio-8080-exec-1] com.zaxxer.hikari.HikariDataSource       : HikariPool-1 - Start completed.
16:44:15:651 DEBUG 10412 --- [http-nio-8080-exec-1] c.h.m.ItemMapper.selectPage_mpCount      : ==>  Preparing: SELECT COUNT(*) FROM item WHERE (status = ?)
16:44:15:667 DEBUG 10412 --- [http-nio-8080-exec-1] c.h.m.ItemMapper.selectPage_mpCount      : ==> Parameters: 1(Integer)
16:44:15:696 DEBUG 10412 --- [http-nio-8080-exec-1] c.h.m.ItemMapper.selectPage_mpCount      : <==      Total: 1
16:44:15:702 DEBUG 10412 --- [http-nio-8080-exec-1] com.hmall.mapper.ItemMapper.selectPage   : ==>  Preparing: SELECT id, name, price, stock, image, category, brand, spec, sold, comment_count, isAD, status, create_time, update_time, creater, updater FROM item WHERE (status = ?) ORDER BY update_time DESC LIMIT ?
16:44:15:703 DEBUG 10412 --- [http-nio-8080-exec-1] com.hmall.mapper.ItemMapper.selectPage   : ==> Parameters: 1(Integer), 20(Long)
16:44:15:710 DEBUG 10412 --- [http-nio-8080-exec-1] com.hmall.mapper.ItemMapper.selectPage   : <==      Total: 20
16:51:55:169  INFO 10412 --- [SpringApplicationShutdownHook] com.zaxxer.hikari.HikariDataSource       : HikariPool-1 - Shutdown initiated...
16:51:55:173  INFO 10412 --- [SpringApplicationShutdownHook] com.zaxxer.hikari.HikariDataSource       : HikariPool-1 - Shutdown completed.
16:51:56:743  INFO 3776 --- [main] com.hmall.HMallApplication               : Starting HMallApplication using Java 17.0.11 on DESKTOP-MS920JF with PID 3776 (E:\Project_Code\hmall\hm-service\target\classes started by admin in E:\Project_Code\hmall)
16:51:56:745 DEBUG 3776 --- [main] com.hmall.HMallApplication               : Running with Spring Boot v2.7.12, Spring v5.3.27
16:51:56:745  INFO 3776 --- [main] com.hmall.HMallApplication               : The following 1 profile is active: "local"
16:51:57:165  INFO 3776 --- [main] .s.d.r.c.RepositoryConfigurationDelegate : Multiple Spring Data modules found, entering strict repository configuration mode
16:51:57:167  INFO 3776 --- [main] .s.d.r.c.RepositoryConfigurationDelegate : Bootstrapping Spring Data Redis repositories in DEFAULT mode.
16:51:57:182  INFO 3776 --- [main] .s.d.r.c.RepositoryConfigurationDelegate : Finished Spring Data repository scanning in 7 ms. Found 0 Redis repository interfaces.
16:51:57:502  INFO 3776 --- [main] o.s.b.w.embedded.tomcat.TomcatWebServer  : Tomcat initialized with port(s): 8080 (http)
16:51:57:507  INFO 3776 --- [main] o.apache.catalina.core.StandardService   : Starting service [Tomcat]
16:51:57:507  INFO 3776 --- [main] org.apache.catalina.core.StandardEngine  : Starting Servlet engine: [Apache Tomcat/9.0.75]
16:51:57:572  INFO 3776 --- [main] o.a.c.c.C.[Tomcat].[localhost].[/]       : Initializing Spring embedded WebApplicationContext
16:51:57:572  INFO 3776 --- [main] w.s.c.ServletWebServerApplicationContext : Root WebApplicationContext: initialization completed in 799 ms
16:51:58:371  INFO 3776 --- [main] pertySourcedRequestMappingHandlerMapping : Mapped URL path [/v2/api-docs] onto method [springfox.documentation.swagger2.web.Swagger2ControllerWebMvc#getDocumentation(String, HttpServletRequest)]
16:51:58:584  INFO 3776 --- [main] o.s.b.w.embedded.tomcat.TomcatWebServer  : Tomcat started on port(s): 8080 (http) with context path ''
16:51:58:584  INFO 3776 --- [main] d.s.w.p.DocumentationPluginsBootstrapper : Documentation plugins bootstrapped
16:51:58:585  INFO 3776 --- [main] d.s.w.p.DocumentationPluginsBootstrapper : Found 1 custom documentation plugin(s)
16:51:58:602  INFO 3776 --- [main] s.d.s.w.s.ApiListingReferenceScanner     : Scanning for api listing references
16:51:58:695  INFO 3776 --- [main] com.hmall.HMallApplication               : Started HMallApplication in 2.264 seconds (JVM running for 2.609)
