14:57:43:285  INFO 25268 --- [main] c.e.t.TradeServiceApplication            : Starting TradeServiceApplication using Java 17.0.11 on DESKTOP-MS920JF with PID 25268 (E:\Project_Code\hmall\trade-service\target\classes started by admin in E:\Project_Code\hmall)
14:57:43:288  INFO 25268 --- [main] c.e.t.TradeServiceApplication            : The following 1 profile is active: "local"
14:57:43:919  INFO 25268 --- [main] o.s.cloud.context.scope.GenericScope     : BeanFactory id=24570775-7726-3e39-ba2b-eaee302f87e7
14:57:44:174  INFO 25268 --- [main] o.s.b.w.embedded.tomcat.TomcatWebServer  : Tomcat initialized with port(s): 8085 (http)
14:57:44:180  INFO 25268 --- [main] o.apache.catalina.core.StandardService   : Starting service [Tomcat]
14:57:44:189  INFO 25268 --- [main] org.apache.catalina.core.StandardEngine  : Starting Servlet engine: [Apache Tomcat/9.0.75]
14:57:44:278  INFO 25268 --- [main] o.a.c.c.C.[Tomcat].[localhost].[/]       : Initializing Spring embedded WebApplicationContext
14:57:44:278  INFO 25268 --- [main] w.s.c.ServletWebServerApplicationContext : Root WebApplicationContext: initialization completed in 963 ms
14:57:44:669  INFO 25268 --- [main] o.s.c.openfeign.FeignClientFactoryBean   : For 'item-service' URL not provided. Will try picking an instance via load-balancing.
14:57:44:704  INFO 25268 --- [main] o.s.c.openfeign.FeignClientFactoryBean   : For 'cart-service' URL not provided. Will try picking an instance via load-balancing.
14:57:45:077  INFO 25268 --- [main] pertySourcedRequestMappingHandlerMapping : Mapped URL path [/v2/api-docs] onto method [springfox.documentation.swagger2.web.Swagger2ControllerWebMvc#getDocumentation(String, HttpServletRequest)]
14:57:45:285  INFO 25268 --- [main] com.alibaba.nacos.common.remote.client   : [RpcClientFactory] create a new rpc client of a208d53d-d2a1-4291-b137-c7d1d141d36c
14:57:45:317  INFO 25268 --- [main] org.reflections.Reflections              : Reflections took 14 ms to scan 1 urls, producing 3 keys and 6 values 
14:57:45:331  INFO 25268 --- [main] org.reflections.Reflections              : Reflections took 5 ms to scan 1 urls, producing 4 keys and 9 values 
14:57:45:337  INFO 25268 --- [main] org.reflections.Reflections              : Reflections took 5 ms to scan 1 urls, producing 3 keys and 10 values 
14:57:45:338  WARN 25268 --- [main] org.reflections.Reflections              : given scan urls are empty. set urls in the configuration
14:57:45:343  INFO 25268 --- [main] org.reflections.Reflections              : Reflections took 5 ms to scan 1 urls, producing 1 keys and 5 values 
14:57:45:351  INFO 25268 --- [main] org.reflections.Reflections              : Reflections took 7 ms to scan 1 urls, producing 1 keys and 7 values 
14:57:45:356  INFO 25268 --- [main] org.reflections.Reflections              : Reflections took 4 ms to scan 1 urls, producing 2 keys and 8 values 
14:57:45:357  WARN 25268 --- [main] org.reflections.Reflections              : given scan urls are empty. set urls in the configuration
14:57:45:357  INFO 25268 --- [main] com.alibaba.nacos.common.remote.client   : [a208d53d-d2a1-4291-b137-c7d1d141d36c] RpcClient init label, labels = {module=naming, source=sdk}
14:57:45:358  INFO 25268 --- [main] com.alibaba.nacos.common.remote.client   : [a208d53d-d2a1-4291-b137-c7d1d141d36c] RpcClient init, ServerListFactory = com.alibaba.nacos.client.naming.core.ServerListManager
14:57:45:358  INFO 25268 --- [main] com.alibaba.nacos.common.remote.client   : [a208d53d-d2a1-4291-b137-c7d1d141d36c] Registry connection listener to current client:com.alibaba.nacos.client.naming.remote.gprc.redo.NamingGrpcRedoService
14:57:45:359  INFO 25268 --- [main] com.alibaba.nacos.common.remote.client   : [a208d53d-d2a1-4291-b137-c7d1d141d36c] Register server push request handler:com.alibaba.nacos.client.naming.remote.gprc.NamingPushRequestHandler
14:57:45:359  INFO 25268 --- [main] com.alibaba.nacos.common.remote.client   : [a208d53d-d2a1-4291-b137-c7d1d141d36c] Try to connect to server on start up, server: {serverIp = '192.168.139.130', server main port = 8848}
14:57:45:950  INFO 25268 --- [main] com.alibaba.nacos.common.remote.client   : [a208d53d-d2a1-4291-b137-c7d1d141d36c] Success to connect to server [192.168.139.130:8848] on start up, connectionId = 1729321065824_192.168.139.1_59605
14:57:45:950  INFO 25268 --- [com.alibaba.nacos.client.remote.worker] com.alibaba.nacos.common.remote.client   : [a208d53d-d2a1-4291-b137-c7d1d141d36c] Notify connected event to listeners.
14:57:45:950  INFO 25268 --- [main] com.alibaba.nacos.common.remote.client   : [a208d53d-d2a1-4291-b137-c7d1d141d36c] Register server push request handler:com.alibaba.nacos.common.remote.client.RpcClient$ConnectResetRequestHandler
14:57:45:950  INFO 25268 --- [main] com.alibaba.nacos.common.remote.client   : [a208d53d-d2a1-4291-b137-c7d1d141d36c] Register server push request handler:com.alibaba.nacos.common.remote.client.RpcClient$$Lambda$991/0x0000020ecc7b58e0
14:57:45:979  INFO 25268 --- [main] o.s.b.w.embedded.tomcat.TomcatWebServer  : Tomcat started on port(s): 8085 (http) with context path ''
14:57:45:986  INFO 25268 --- [main] c.a.c.n.registry.NacosServiceRegistry    : nacos registry, DEFAULT_GROUP trade-service 192.168.60.70:8085 register finished
14:57:46:067  INFO 25268 --- [main] d.s.w.p.DocumentationPluginsBootstrapper : Documentation plugins bootstrapped
14:57:46:068  INFO 25268 --- [main] d.s.w.p.DocumentationPluginsBootstrapper : Found 1 custom documentation plugin(s)
14:57:46:079  INFO 25268 --- [main] s.d.s.w.s.ApiListingReferenceScanner     : Scanning for api listing references
14:57:46:131  INFO 25268 --- [main] c.e.t.TradeServiceApplication            : Started TradeServiceApplication in 3.285 seconds (JVM running for 3.697)
14:57:46:562  INFO 25268 --- [nacos-grpc-client-executor-10] com.alibaba.nacos.common.remote.client   : [a208d53d-d2a1-4291-b137-c7d1d141d36c] Receive server push request, request = NotifySubscriberRequest, requestId = 6
14:57:46:563  INFO 25268 --- [nacos-grpc-client-executor-10] com.alibaba.nacos.common.remote.client   : [a208d53d-d2a1-4291-b137-c7d1d141d36c] Ack server push request, request = NotifySubscriberRequest, requestId = 6
20:29:02:603  WARN 25268 --- [Thread-4] c.a.nacos.common.notify.NotifyCenter     : [NotifyCenter] Start destroying Publisher
20:29:02:603  WARN 25268 --- [Thread-7] c.a.n.common.http.HttpClientBeanHolder   : [HttpClientBeanHolder] Start destroying common HttpClient
20:29:02:604  WARN 25268 --- [Thread-4] c.a.nacos.common.notify.NotifyCenter     : [NotifyCenter] Destruction of the end
20:29:02:604  WARN 25268 --- [Thread-7] c.a.n.common.http.HttpClientBeanHolder   : [HttpClientBeanHolder] Destruction of the end
20:29:02:619  INFO 25268 --- [SpringApplicationShutdownHook] c.a.c.n.registry.NacosServiceRegistry    : De-registering from Nacos Server now...
20:29:02:620  INFO 25268 --- [SpringApplicationShutdownHook] c.a.c.n.registry.NacosServiceRegistry    : De-registration finished.
20:29:02:948  INFO 25268 --- [SpringApplicationShutdownHook] com.alibaba.nacos.common.remote.client   : Shutdown rpc client, set status to shutdown
20:29:02:949  INFO 25268 --- [SpringApplicationShutdownHook] com.alibaba.nacos.common.remote.client   : Shutdown client event executor java.util.concurrent.ScheduledThreadPoolExecutor@5b22a69c[Running, pool size = 2, active threads = 2, queued tasks = 0, completed tasks = 0]
20:29:02:949  INFO 25268 --- [SpringApplicationShutdownHook] com.alibaba.nacos.common.remote.client   : Close current connection 1729321065824_192.168.139.1_59605
20:29:02:949  INFO 25268 --- [nacos-grpc-client-executor-4023] c.a.n.c.remote.client.grpc.GrpcClient    : [1729321065824_192.168.139.1_59605]Ignore complete event,isRunning:false,isAbandon=false
20:29:02:951  INFO 25268 --- [SpringApplicationShutdownHook] c.a.n.c.remote.client.grpc.GrpcClient    : Shutdown grpc executor java.util.concurrent.ThreadPoolExecutor@3e6e844a[Running, pool size = 5, active threads = 0, queued tasks = 0, completed tasks = 4024]
