11:37:30:208  INFO 18816 --- [main] c.e.payservice.PayServiceApplication     : Starting PayServiceApplication using Java 17.0.11 on DESKTOP-MS920JF with PID 18816 (E:\Project_Code\hmall\pay-service\target\classes started by admin in E:\Project_Code\hmall)
11:37:30:211 DEBUG 18816 --- [main] c.e.payservice.PayServiceApplication     : Running with Spring Boot v2.7.12, Spring v5.3.27
11:37:30:211  INFO 18816 --- [main] c.e.payservice.PayServiceApplication     : The following 1 profile is active: "local"
11:37:30:784  INFO 18816 --- [main] o.s.cloud.context.scope.GenericScope     : BeanFactory id=dbb6d3e5-38a6-30f6-afc0-90507f1ebf44
11:37:31:018  INFO 18816 --- [main] o.s.b.w.embedded.tomcat.TomcatWebServer  : Tomcat initialized with port(s): 8086 (http)
11:37:31:033  INFO 18816 --- [main] o.apache.catalina.core.StandardService   : Starting service [Tomcat]
11:37:31:033  INFO 18816 --- [main] org.apache.catalina.core.StandardEngine  : Starting Servlet engine: [Apache Tomcat/9.0.75]
11:37:31:110  INFO 18816 --- [main] o.a.c.c.C.[Tomcat].[localhost].[/]       : Initializing Spring embedded WebApplicationContext
11:37:31:110  INFO 18816 --- [main] w.s.c.ServletWebServerApplicationContext : Root WebApplicationContext: initialization completed in 871 ms
11:37:31:214  INFO 18816 --- [main] o.s.c.openfeign.FeignClientFactoryBean   : For 'user-service' URL not provided. Will try picking an instance via load-balancing.
11:37:31:244  INFO 18816 --- [main] o.s.c.openfeign.FeignClientFactoryBean   : For 'trade-service' URL not provided. Will try picking an instance via load-balancing.
11:37:31:829  INFO 18816 --- [main] pertySourcedRequestMappingHandlerMapping : Mapped URL path [/v2/api-docs] onto method [springfox.documentation.swagger2.web.Swagger2ControllerWebMvc#getDocumentation(String, HttpServletRequest)]
11:37:32:028  INFO 18816 --- [main] com.alibaba.nacos.common.remote.client   : [RpcClientFactory] create a new rpc client of e6261163-54b2-4768-8f86-c935fbf5c853
11:37:32:061  INFO 18816 --- [main] org.reflections.Reflections              : Reflections took 15 ms to scan 1 urls, producing 3 keys and 6 values 
11:37:32:075  INFO 18816 --- [main] org.reflections.Reflections              : Reflections took 5 ms to scan 1 urls, producing 4 keys and 9 values 
11:37:32:081  INFO 18816 --- [main] org.reflections.Reflections              : Reflections took 4 ms to scan 1 urls, producing 3 keys and 10 values 
11:37:32:082  WARN 18816 --- [main] org.reflections.Reflections              : given scan urls are empty. set urls in the configuration
11:37:32:089  INFO 18816 --- [main] org.reflections.Reflections              : Reflections took 7 ms to scan 1 urls, producing 1 keys and 5 values 
11:37:32:094  INFO 18816 --- [main] org.reflections.Reflections              : Reflections took 4 ms to scan 1 urls, producing 1 keys and 7 values 
11:37:32:099  INFO 18816 --- [main] org.reflections.Reflections              : Reflections took 4 ms to scan 1 urls, producing 2 keys and 8 values 
11:37:32:102  WARN 18816 --- [main] org.reflections.Reflections              : given scan urls are empty. set urls in the configuration
11:37:32:104  INFO 18816 --- [main] com.alibaba.nacos.common.remote.client   : [e6261163-54b2-4768-8f86-c935fbf5c853] RpcClient init label, labels = {module=naming, source=sdk}
11:37:32:106  INFO 18816 --- [main] com.alibaba.nacos.common.remote.client   : [e6261163-54b2-4768-8f86-c935fbf5c853] RpcClient init, ServerListFactory = com.alibaba.nacos.client.naming.core.ServerListManager
11:37:32:106  INFO 18816 --- [main] com.alibaba.nacos.common.remote.client   : [e6261163-54b2-4768-8f86-c935fbf5c853] Registry connection listener to current client:com.alibaba.nacos.client.naming.remote.gprc.redo.NamingGrpcRedoService
11:37:32:107  INFO 18816 --- [main] com.alibaba.nacos.common.remote.client   : [e6261163-54b2-4768-8f86-c935fbf5c853] Register server push request handler:com.alibaba.nacos.client.naming.remote.gprc.NamingPushRequestHandler
11:37:32:108  INFO 18816 --- [main] com.alibaba.nacos.common.remote.client   : [e6261163-54b2-4768-8f86-c935fbf5c853] Try to connect to server on start up, server: {serverIp = '192.168.139.130', server main port = 8848}
11:37:32:687  INFO 18816 --- [main] com.alibaba.nacos.common.remote.client   : [e6261163-54b2-4768-8f86-c935fbf5c853] Success to connect to server [192.168.139.130:8848] on start up, connectionId = 1728877052696_192.168.139.1_50499
11:37:32:688  INFO 18816 --- [com.alibaba.nacos.client.remote.worker] com.alibaba.nacos.common.remote.client   : [e6261163-54b2-4768-8f86-c935fbf5c853] Notify connected event to listeners.
11:37:32:688  INFO 18816 --- [main] com.alibaba.nacos.common.remote.client   : [e6261163-54b2-4768-8f86-c935fbf5c853] Register server push request handler:com.alibaba.nacos.common.remote.client.RpcClient$ConnectResetRequestHandler
11:37:32:689  INFO 18816 --- [main] com.alibaba.nacos.common.remote.client   : [e6261163-54b2-4768-8f86-c935fbf5c853] Register server push request handler:com.alibaba.nacos.common.remote.client.RpcClient$$Lambda$994/0x000001c0677afb78
11:37:32:736  INFO 18816 --- [main] o.s.b.w.embedded.tomcat.TomcatWebServer  : Tomcat started on port(s): 8086 (http) with context path ''
11:37:32:747  INFO 18816 --- [main] c.a.c.n.registry.NacosServiceRegistry    : nacos registry, DEFAULT_GROUP hm-api 192.168.60.70:8086 register finished
11:37:32:828  INFO 18816 --- [main] d.s.w.p.DocumentationPluginsBootstrapper : Documentation plugins bootstrapped
11:37:32:829  INFO 18816 --- [main] d.s.w.p.DocumentationPluginsBootstrapper : Found 1 custom documentation plugin(s)
11:37:32:841  INFO 18816 --- [main] s.d.s.w.s.ApiListingReferenceScanner     : Scanning for api listing references
11:37:32:886  INFO 18816 --- [main] c.e.payservice.PayServiceApplication     : Started PayServiceApplication in 3.091 seconds (JVM running for 3.62)
11:37:33:333  INFO 18816 --- [nacos-grpc-client-executor-9] com.alibaba.nacos.common.remote.client   : [e6261163-54b2-4768-8f86-c935fbf5c853] Receive server push request, request = NotifySubscriberRequest, requestId = 12
11:37:33:335  INFO 18816 --- [nacos-grpc-client-executor-9] com.alibaba.nacos.common.remote.client   : [e6261163-54b2-4768-8f86-c935fbf5c853] Ack server push request, request = NotifySubscriberRequest, requestId = 12
11:38:33:335  INFO 18816 --- [http-nio-8086-exec-1] o.a.c.c.C.[Tomcat].[localhost].[/]       : Initializing Spring DispatcherServlet 'dispatcherServlet'
11:38:33:336  INFO 18816 --- [http-nio-8086-exec-1] o.s.web.servlet.DispatcherServlet        : Initializing Servlet 'dispatcherServlet'
11:38:33:336  INFO 18816 --- [http-nio-8086-exec-1] o.s.web.servlet.DispatcherServlet        : Completed initialization in 0 ms
11:38:46:808 ERROR 18816 --- [http-nio-8086-exec-6] o.a.c.c.C.[.[.[/].[dispatcherServlet]    : Servlet.service() for servlet [dispatcherServlet] in context with path [] threw exception [Request processing failed; nested exception is com.hmall.common.exception.BizIllegalException: 抱歉，目前只支持余额支付] with root cause

com.hmall.common.exception.BizIllegalException: 抱歉，目前只支持余额支付
	at com.example.payservice.controller.PayController.applyPayOrder(PayController.java:28) ~[classes/:na]
	at java.base/jdk.internal.reflect.NativeMethodAccessorImpl.invoke0(Native Method) ~[na:na]
	at java.base/jdk.internal.reflect.NativeMethodAccessorImpl.invoke(NativeMethodAccessorImpl.java:77) ~[na:na]
	at java.base/jdk.internal.reflect.DelegatingMethodAccessorImpl.invoke(DelegatingMethodAccessorImpl.java:43) ~[na:na]
	at java.base/java.lang.reflect.Method.invoke(Method.java:568) ~[na:na]
	at org.springframework.web.method.support.InvocableHandlerMethod.doInvoke(InvocableHandlerMethod.java:205) ~[spring-web-5.3.27.jar:5.3.27]
	at org.springframework.web.method.support.InvocableHandlerMethod.invokeForRequest(InvocableHandlerMethod.java:150) ~[spring-web-5.3.27.jar:5.3.27]
	at org.springframework.web.servlet.mvc.method.annotation.ServletInvocableHandlerMethod.invokeAndHandle(ServletInvocableHandlerMethod.java:117) ~[spring-webmvc-5.3.27.jar:5.3.27]
	at org.springframework.web.servlet.mvc.method.annotation.RequestMappingHandlerAdapter.invokeHandlerMethod(RequestMappingHandlerAdapter.java:895) ~[spring-webmvc-5.3.27.jar:5.3.27]
	at org.springframework.web.servlet.mvc.method.annotation.RequestMappingHandlerAdapter.handleInternal(RequestMappingHandlerAdapter.java:808) ~[spring-webmvc-5.3.27.jar:5.3.27]
	at org.springframework.web.servlet.mvc.method.AbstractHandlerMethodAdapter.handle(AbstractHandlerMethodAdapter.java:87) ~[spring-webmvc-5.3.27.jar:5.3.27]
	at org.springframework.web.servlet.DispatcherServlet.doDispatch(DispatcherServlet.java:1072) ~[spring-webmvc-5.3.27.jar:5.3.27]
	at org.springframework.web.servlet.DispatcherServlet.doService(DispatcherServlet.java:965) ~[spring-webmvc-5.3.27.jar:5.3.27]
	at org.springframework.web.servlet.FrameworkServlet.processRequest(FrameworkServlet.java:1006) ~[spring-webmvc-5.3.27.jar:5.3.27]
	at org.springframework.web.servlet.FrameworkServlet.doPost(FrameworkServlet.java:909) ~[spring-webmvc-5.3.27.jar:5.3.27]
	at javax.servlet.http.HttpServlet.service(HttpServlet.java:555) ~[tomcat-embed-core-9.0.75.jar:4.0.FR]
	at org.springframework.web.servlet.FrameworkServlet.service(FrameworkServlet.java:883) ~[spring-webmvc-5.3.27.jar:5.3.27]
	at javax.servlet.http.HttpServlet.service(HttpServlet.java:623) ~[tomcat-embed-core-9.0.75.jar:4.0.FR]
	at org.apache.catalina.core.ApplicationFilterChain.internalDoFilter(ApplicationFilterChain.java:209) ~[tomcat-embed-core-9.0.75.jar:9.0.75]
	at org.apache.catalina.core.ApplicationFilterChain.doFilter(ApplicationFilterChain.java:153) ~[tomcat-embed-core-9.0.75.jar:9.0.75]
	at org.apache.tomcat.websocket.server.WsFilter.doFilter(WsFilter.java:51) ~[tomcat-embed-websocket-9.0.75.jar:9.0.75]
	at org.apache.catalina.core.ApplicationFilterChain.internalDoFilter(ApplicationFilterChain.java:178) ~[tomcat-embed-core-9.0.75.jar:9.0.75]
	at org.apache.catalina.core.ApplicationFilterChain.doFilter(ApplicationFilterChain.java:153) ~[tomcat-embed-core-9.0.75.jar:9.0.75]
	at org.springframework.web.filter.RequestContextFilter.doFilterInternal(RequestContextFilter.java:100) ~[spring-web-5.3.27.jar:5.3.27]
	at org.springframework.web.filter.OncePerRequestFilter.doFilter(OncePerRequestFilter.java:117) ~[spring-web-5.3.27.jar:5.3.27]
	at org.apache.catalina.core.ApplicationFilterChain.internalDoFilter(ApplicationFilterChain.java:178) ~[tomcat-embed-core-9.0.75.jar:9.0.75]
	at org.apache.catalina.core.ApplicationFilterChain.doFilter(ApplicationFilterChain.java:153) ~[tomcat-embed-core-9.0.75.jar:9.0.75]
	at org.springframework.web.filter.FormContentFilter.doFilterInternal(FormContentFilter.java:93) ~[spring-web-5.3.27.jar:5.3.27]
	at org.springframework.web.filter.OncePerRequestFilter.doFilter(OncePerRequestFilter.java:117) ~[spring-web-5.3.27.jar:5.3.27]
	at org.apache.catalina.core.ApplicationFilterChain.internalDoFilter(ApplicationFilterChain.java:178) ~[tomcat-embed-core-9.0.75.jar:9.0.75]
	at org.apache.catalina.core.ApplicationFilterChain.doFilter(ApplicationFilterChain.java:153) ~[tomcat-embed-core-9.0.75.jar:9.0.75]
	at org.springframework.web.filter.CharacterEncodingFilter.doFilterInternal(CharacterEncodingFilter.java:201) ~[spring-web-5.3.27.jar:5.3.27]
	at org.springframework.web.filter.OncePerRequestFilter.doFilter(OncePerRequestFilter.java:117) ~[spring-web-5.3.27.jar:5.3.27]
	at org.apache.catalina.core.ApplicationFilterChain.internalDoFilter(ApplicationFilterChain.java:178) ~[tomcat-embed-core-9.0.75.jar:9.0.75]
	at org.apache.catalina.core.ApplicationFilterChain.doFilter(ApplicationFilterChain.java:153) ~[tomcat-embed-core-9.0.75.jar:9.0.75]
	at org.apache.catalina.core.StandardWrapperValve.invoke(StandardWrapperValve.java:167) ~[tomcat-embed-core-9.0.75.jar:9.0.75]
	at org.apache.catalina.core.StandardContextValve.invoke(StandardContextValve.java:90) ~[tomcat-embed-core-9.0.75.jar:9.0.75]
	at org.apache.catalina.authenticator.AuthenticatorBase.invoke(AuthenticatorBase.java:481) ~[tomcat-embed-core-9.0.75.jar:9.0.75]
	at org.apache.catalina.core.StandardHostValve.invoke(StandardHostValve.java:130) ~[tomcat-embed-core-9.0.75.jar:9.0.75]
	at org.apache.catalina.valves.ErrorReportValve.invoke(ErrorReportValve.java:93) ~[tomcat-embed-core-9.0.75.jar:9.0.75]
	at org.apache.catalina.core.StandardEngineValve.invoke(StandardEngineValve.java:74) ~[tomcat-embed-core-9.0.75.jar:9.0.75]
	at org.apache.catalina.connector.CoyoteAdapter.service(CoyoteAdapter.java:343) ~[tomcat-embed-core-9.0.75.jar:9.0.75]
	at org.apache.coyote.http11.Http11Processor.service(Http11Processor.java:390) ~[tomcat-embed-core-9.0.75.jar:9.0.75]
	at org.apache.coyote.AbstractProcessorLight.process(AbstractProcessorLight.java:63) ~[tomcat-embed-core-9.0.75.jar:9.0.75]
	at org.apache.coyote.AbstractProtocol$ConnectionHandler.process(AbstractProtocol.java:926) ~[tomcat-embed-core-9.0.75.jar:9.0.75]
	at org.apache.tomcat.util.net.NioEndpoint$SocketProcessor.doRun(NioEndpoint.java:1791) ~[tomcat-embed-core-9.0.75.jar:9.0.75]
	at org.apache.tomcat.util.net.SocketProcessorBase.run(SocketProcessorBase.java:52) ~[tomcat-embed-core-9.0.75.jar:9.0.75]
	at org.apache.tomcat.util.threads.ThreadPoolExecutor.runWorker(ThreadPoolExecutor.java:1191) ~[tomcat-embed-core-9.0.75.jar:9.0.75]
	at org.apache.tomcat.util.threads.ThreadPoolExecutor$Worker.run(ThreadPoolExecutor.java:659) ~[tomcat-embed-core-9.0.75.jar:9.0.75]
	at org.apache.tomcat.util.threads.TaskThread$WrappingRunnable.run(TaskThread.java:61) ~[tomcat-embed-core-9.0.75.jar:9.0.75]
	at java.base/java.lang.Thread.run(Thread.java:842) ~[na:na]

11:39:03:249  INFO 17028 --- [main] c.e.t.TradeServiceApplication            : Starting TradeServiceApplication using Java 17.0.11 on DESKTOP-MS920JF with PID 17028 (E:\Project_Code\hmall\trade-service\target\classes started by admin in E:\Project_Code\hmall)
11:39:03:251  INFO 17028 --- [main] c.e.t.TradeServiceApplication            : The following 1 profile is active: "local"
11:39:03:824  INFO 17028 --- [main] o.s.cloud.context.scope.GenericScope     : BeanFactory id=e5cf63be-320c-3740-a925-1e1e57c98814
11:39:04:074  INFO 17028 --- [main] o.s.b.w.embedded.tomcat.TomcatWebServer  : Tomcat initialized with port(s): 8085 (http)
11:39:04:080  INFO 17028 --- [main] o.apache.catalina.core.StandardService   : Starting service [Tomcat]
11:39:04:080  INFO 17028 --- [main] org.apache.catalina.core.StandardEngine  : Starting Servlet engine: [Apache Tomcat/9.0.75]
11:39:04:170  INFO 17028 --- [main] o.a.c.c.C.[Tomcat].[localhost].[/]       : Initializing Spring embedded WebApplicationContext
11:39:04:171  INFO 17028 --- [main] w.s.c.ServletWebServerApplicationContext : Root WebApplicationContext: initialization completed in 897 ms
11:39:04:578  INFO 17028 --- [main] o.s.c.openfeign.FeignClientFactoryBean   : For 'item-service' URL not provided. Will try picking an instance via load-balancing.
11:39:04:609  INFO 17028 --- [main] o.s.c.openfeign.FeignClientFactoryBean   : For 'cart-service' URL not provided. Will try picking an instance via load-balancing.
11:39:05:022  INFO 17028 --- [main] pertySourcedRequestMappingHandlerMapping : Mapped URL path [/v2/api-docs] onto method [springfox.documentation.swagger2.web.Swagger2ControllerWebMvc#getDocumentation(String, HttpServletRequest)]
11:39:05:250  INFO 17028 --- [main] com.alibaba.nacos.common.remote.client   : [RpcClientFactory] create a new rpc client of 23a40238-4315-42f3-866b-4e2a671bf438
11:39:05:283  INFO 17028 --- [main] org.reflections.Reflections              : Reflections took 16 ms to scan 1 urls, producing 3 keys and 6 values 
11:39:05:298  INFO 17028 --- [main] org.reflections.Reflections              : Reflections took 5 ms to scan 1 urls, producing 4 keys and 9 values 
11:39:05:304  INFO 17028 --- [main] org.reflections.Reflections              : Reflections took 4 ms to scan 1 urls, producing 3 keys and 10 values 
11:39:05:305  WARN 17028 --- [main] org.reflections.Reflections              : given scan urls are empty. set urls in the configuration
11:39:05:310  INFO 17028 --- [main] org.reflections.Reflections              : Reflections took 4 ms to scan 1 urls, producing 1 keys and 5 values 
11:39:05:315  INFO 17028 --- [main] org.reflections.Reflections              : Reflections took 4 ms to scan 1 urls, producing 1 keys and 7 values 
11:39:05:323  INFO 17028 --- [main] org.reflections.Reflections              : Reflections took 6 ms to scan 1 urls, producing 2 keys and 8 values 
11:39:05:325  WARN 17028 --- [main] org.reflections.Reflections              : given scan urls are empty. set urls in the configuration
11:39:05:325  INFO 17028 --- [main] com.alibaba.nacos.common.remote.client   : [23a40238-4315-42f3-866b-4e2a671bf438] RpcClient init label, labels = {module=naming, source=sdk}
11:39:05:327  INFO 17028 --- [main] com.alibaba.nacos.common.remote.client   : [23a40238-4315-42f3-866b-4e2a671bf438] RpcClient init, ServerListFactory = com.alibaba.nacos.client.naming.core.ServerListManager
11:39:05:327  INFO 17028 --- [main] com.alibaba.nacos.common.remote.client   : [23a40238-4315-42f3-866b-4e2a671bf438] Registry connection listener to current client:com.alibaba.nacos.client.naming.remote.gprc.redo.NamingGrpcRedoService
11:39:05:327  INFO 17028 --- [main] com.alibaba.nacos.common.remote.client   : [23a40238-4315-42f3-866b-4e2a671bf438] Register server push request handler:com.alibaba.nacos.client.naming.remote.gprc.NamingPushRequestHandler
11:39:05:329  INFO 17028 --- [main] com.alibaba.nacos.common.remote.client   : [23a40238-4315-42f3-866b-4e2a671bf438] Try to connect to server on start up, server: {serverIp = '192.168.139.130', server main port = 8848}
11:39:05:965  INFO 17028 --- [main] com.alibaba.nacos.common.remote.client   : [23a40238-4315-42f3-866b-4e2a671bf438] Success to connect to server [192.168.139.130:8848] on start up, connectionId = 1728877145958_192.168.139.1_50636
11:39:05:965  INFO 17028 --- [com.alibaba.nacos.client.remote.worker] com.alibaba.nacos.common.remote.client   : [23a40238-4315-42f3-866b-4e2a671bf438] Notify connected event to listeners.
11:39:05:965  INFO 17028 --- [main] com.alibaba.nacos.common.remote.client   : [23a40238-4315-42f3-866b-4e2a671bf438] Register server push request handler:com.alibaba.nacos.common.remote.client.RpcClient$ConnectResetRequestHandler
11:39:05:966  INFO 17028 --- [main] com.alibaba.nacos.common.remote.client   : [23a40238-4315-42f3-866b-4e2a671bf438] Register server push request handler:com.alibaba.nacos.common.remote.client.RpcClient$$Lambda$992/0x0000021cc47b5650
11:39:06:000  INFO 17028 --- [main] o.s.b.w.embedded.tomcat.TomcatWebServer  : Tomcat started on port(s): 8085 (http) with context path ''
11:39:06:007  INFO 17028 --- [main] c.a.c.n.registry.NacosServiceRegistry    : nacos registry, DEFAULT_GROUP hm-api 192.168.60.70:8085 register finished
11:39:06:082  INFO 17028 --- [main] d.s.w.p.DocumentationPluginsBootstrapper : Documentation plugins bootstrapped
11:39:06:084  INFO 17028 --- [main] d.s.w.p.DocumentationPluginsBootstrapper : Found 1 custom documentation plugin(s)
11:39:06:094  INFO 21900 --- [main] c.e.userservice.UserServiceApplication   : Starting UserServiceApplication using Java 17.0.11 on DESKTOP-MS920JF with PID 21900 (E:\Project_Code\hmall\user-service\target\classes started by admin in E:\Project_Code\hmall)
11:39:06:096 DEBUG 21900 --- [main] c.e.userservice.UserServiceApplication   : Running with Spring Boot v2.7.12, Spring v5.3.27
11:39:06:096  INFO 17028 --- [main] s.d.s.w.s.ApiListingReferenceScanner     : Scanning for api listing references
11:39:06:096  INFO 21900 --- [main] c.e.userservice.UserServiceApplication   : The following 1 profile is active: "local"
11:39:06:145  INFO 17028 --- [main] c.e.t.TradeServiceApplication            : Started TradeServiceApplication in 3.255 seconds (JVM running for 3.579)
11:39:06:546  INFO 18816 --- [nacos-grpc-client-executor-36] com.alibaba.nacos.common.remote.client   : [e6261163-54b2-4768-8f86-c935fbf5c853] Receive server push request, request = NotifySubscriberRequest, requestId = 13
11:39:06:553  INFO 17028 --- [nacos-grpc-client-executor-9] com.alibaba.nacos.common.remote.client   : [23a40238-4315-42f3-866b-4e2a671bf438] Receive server push request, request = NotifySubscriberRequest, requestId = 14
11:39:06:558  INFO 18816 --- [nacos-grpc-client-executor-36] com.alibaba.nacos.common.remote.client   : [e6261163-54b2-4768-8f86-c935fbf5c853] Ack server push request, request = NotifySubscriberRequest, requestId = 13
11:39:06:558  INFO 17028 --- [nacos-grpc-client-executor-9] com.alibaba.nacos.common.remote.client   : [23a40238-4315-42f3-866b-4e2a671bf438] Ack server push request, request = NotifySubscriberRequest, requestId = 14
11:39:06:608  INFO 21900 --- [main] o.s.cloud.context.scope.GenericScope     : BeanFactory id=3ea5e293-d867-3749-9d12-4441b5159192
11:39:06:825  INFO 21900 --- [main] o.s.b.w.embedded.tomcat.TomcatWebServer  : Tomcat initialized with port(s): 8084 (http)
11:39:06:830  INFO 21900 --- [main] o.apache.catalina.core.StandardService   : Starting service [Tomcat]
11:39:06:830  INFO 21900 --- [main] org.apache.catalina.core.StandardEngine  : Starting Servlet engine: [Apache Tomcat/9.0.75]
11:39:06:899  INFO 21900 --- [main] o.a.c.c.C.[Tomcat].[localhost].[/]       : Initializing Spring embedded WebApplicationContext
11:39:06:899  INFO 21900 --- [main] w.s.c.ServletWebServerApplicationContext : Root WebApplicationContext: initialization completed in 780 ms
11:39:07:677  INFO 21900 --- [main] pertySourcedRequestMappingHandlerMapping : Mapped URL path [/v2/api-docs] onto method [springfox.documentation.swagger2.web.Swagger2ControllerWebMvc#getDocumentation(String, HttpServletRequest)]
11:39:07:875  INFO 21900 --- [main] com.alibaba.nacos.common.remote.client   : [RpcClientFactory] create a new rpc client of 40faf99a-4ff8-4bd9-b0f9-f9dde4412142
11:39:07:908  INFO 21900 --- [main] org.reflections.Reflections              : Reflections took 16 ms to scan 1 urls, producing 3 keys and 6 values 
11:39:07:923  INFO 21900 --- [main] org.reflections.Reflections              : Reflections took 6 ms to scan 1 urls, producing 4 keys and 9 values 
11:39:07:929  INFO 21900 --- [main] org.reflections.Reflections              : Reflections took 5 ms to scan 1 urls, producing 3 keys and 10 values 
11:39:07:930  WARN 21900 --- [main] org.reflections.Reflections              : given scan urls are empty. set urls in the configuration
11:39:07:936  INFO 21900 --- [main] org.reflections.Reflections              : Reflections took 5 ms to scan 1 urls, producing 1 keys and 5 values 
11:39:07:942  INFO 21900 --- [main] org.reflections.Reflections              : Reflections took 5 ms to scan 1 urls, producing 1 keys and 7 values 
11:39:07:948  INFO 21900 --- [main] org.reflections.Reflections              : Reflections took 5 ms to scan 1 urls, producing 2 keys and 8 values 
11:39:07:949  WARN 21900 --- [main] org.reflections.Reflections              : given scan urls are empty. set urls in the configuration
11:39:07:950  INFO 21900 --- [main] com.alibaba.nacos.common.remote.client   : [40faf99a-4ff8-4bd9-b0f9-f9dde4412142] RpcClient init label, labels = {module=naming, source=sdk}
11:39:07:951  INFO 21900 --- [main] com.alibaba.nacos.common.remote.client   : [40faf99a-4ff8-4bd9-b0f9-f9dde4412142] RpcClient init, ServerListFactory = com.alibaba.nacos.client.naming.core.ServerListManager
11:39:07:951  INFO 21900 --- [main] com.alibaba.nacos.common.remote.client   : [40faf99a-4ff8-4bd9-b0f9-f9dde4412142] Registry connection listener to current client:com.alibaba.nacos.client.naming.remote.gprc.redo.NamingGrpcRedoService
11:39:07:951  INFO 21900 --- [main] com.alibaba.nacos.common.remote.client   : [40faf99a-4ff8-4bd9-b0f9-f9dde4412142] Register server push request handler:com.alibaba.nacos.client.naming.remote.gprc.NamingPushRequestHandler
11:39:07:952  INFO 21900 --- [main] com.alibaba.nacos.common.remote.client   : [40faf99a-4ff8-4bd9-b0f9-f9dde4412142] Try to connect to server on start up, server: {serverIp = '192.168.139.130', server main port = 8848}
11:39:08:496  INFO 21900 --- [main] com.alibaba.nacos.common.remote.client   : [40faf99a-4ff8-4bd9-b0f9-f9dde4412142] Success to connect to server [192.168.139.130:8848] on start up, connectionId = 1728877148509_192.168.139.1_50642
11:39:08:497  INFO 21900 --- [com.alibaba.nacos.client.remote.worker] com.alibaba.nacos.common.remote.client   : [40faf99a-4ff8-4bd9-b0f9-f9dde4412142] Notify connected event to listeners.
11:39:08:498  INFO 21900 --- [main] com.alibaba.nacos.common.remote.client   : [40faf99a-4ff8-4bd9-b0f9-f9dde4412142] Register server push request handler:com.alibaba.nacos.common.remote.client.RpcClient$ConnectResetRequestHandler
11:39:08:499  INFO 21900 --- [main] com.alibaba.nacos.common.remote.client   : [40faf99a-4ff8-4bd9-b0f9-f9dde4412142] Register server push request handler:com.alibaba.nacos.common.remote.client.RpcClient$$Lambda$970/0x000001eabe7dc6b8
11:39:08:532  INFO 21900 --- [main] o.s.b.w.embedded.tomcat.TomcatWebServer  : Tomcat started on port(s): 8084 (http) with context path ''
11:39:08:537  INFO 21900 --- [main] c.a.c.n.registry.NacosServiceRegistry    : nacos registry, DEFAULT_GROUP hm-api 192.168.60.70:8084 register finished
11:39:08:609  INFO 21900 --- [main] d.s.w.p.DocumentationPluginsBootstrapper : Documentation plugins bootstrapped
11:39:08:611  INFO 21900 --- [main] d.s.w.p.DocumentationPluginsBootstrapper : Found 1 custom documentation plugin(s)
11:39:08:622  INFO 21900 --- [main] s.d.s.w.s.ApiListingReferenceScanner     : Scanning for api listing references
11:39:08:673  INFO 21900 --- [main] c.e.userservice.UserServiceApplication   : Started UserServiceApplication in 2.961 seconds (JVM running for 3.303)
11:39:09:074  INFO 18816 --- [nacos-grpc-client-executor-37] com.alibaba.nacos.common.remote.client   : [e6261163-54b2-4768-8f86-c935fbf5c853] Receive server push request, request = NotifySubscriberRequest, requestId = 16
11:39:09:074  INFO 17028 --- [nacos-grpc-client-executor-11] com.alibaba.nacos.common.remote.client   : [23a40238-4315-42f3-866b-4e2a671bf438] Receive server push request, request = NotifySubscriberRequest, requestId = 17
11:39:09:077  INFO 17028 --- [nacos-grpc-client-executor-11] com.alibaba.nacos.common.remote.client   : [23a40238-4315-42f3-866b-4e2a671bf438] Ack server push request, request = NotifySubscriberRequest, requestId = 17
11:39:09:077  INFO 18816 --- [nacos-grpc-client-executor-37] com.alibaba.nacos.common.remote.client   : [e6261163-54b2-4768-8f86-c935fbf5c853] Ack server push request, request = NotifySubscriberRequest, requestId = 16
11:39:09:081  INFO 21900 --- [nacos-grpc-client-executor-10] com.alibaba.nacos.common.remote.client   : [40faf99a-4ff8-4bd9-b0f9-f9dde4412142] Receive server push request, request = NotifySubscriberRequest, requestId = 15
11:39:09:084  INFO 21900 --- [nacos-grpc-client-executor-10] com.alibaba.nacos.common.remote.client   : [40faf99a-4ff8-4bd9-b0f9-f9dde4412142] Ack server push request, request = NotifySubscriberRequest, requestId = 15
11:39:12:309 ERROR 18816 --- [http-nio-8086-exec-3] o.a.c.c.C.[.[.[/].[dispatcherServlet]    : Servlet.service() for servlet [dispatcherServlet] in context with path [] threw exception [Request processing failed; nested exception is com.hmall.common.exception.BizIllegalException: 抱歉，目前只支持余额支付] with root cause

com.hmall.common.exception.BizIllegalException: 抱歉，目前只支持余额支付
	at com.example.payservice.controller.PayController.applyPayOrder(PayController.java:28) ~[classes/:na]
	at java.base/jdk.internal.reflect.NativeMethodAccessorImpl.invoke0(Native Method) ~[na:na]
	at java.base/jdk.internal.reflect.NativeMethodAccessorImpl.invoke(NativeMethodAccessorImpl.java:77) ~[na:na]
	at java.base/jdk.internal.reflect.DelegatingMethodAccessorImpl.invoke(DelegatingMethodAccessorImpl.java:43) ~[na:na]
	at java.base/java.lang.reflect.Method.invoke(Method.java:568) ~[na:na]
	at org.springframework.web.method.support.InvocableHandlerMethod.doInvoke(InvocableHandlerMethod.java:205) ~[spring-web-5.3.27.jar:5.3.27]
	at org.springframework.web.method.support.InvocableHandlerMethod.invokeForRequest(InvocableHandlerMethod.java:150) ~[spring-web-5.3.27.jar:5.3.27]
	at org.springframework.web.servlet.mvc.method.annotation.ServletInvocableHandlerMethod.invokeAndHandle(ServletInvocableHandlerMethod.java:117) ~[spring-webmvc-5.3.27.jar:5.3.27]
	at org.springframework.web.servlet.mvc.method.annotation.RequestMappingHandlerAdapter.invokeHandlerMethod(RequestMappingHandlerAdapter.java:895) ~[spring-webmvc-5.3.27.jar:5.3.27]
	at org.springframework.web.servlet.mvc.method.annotation.RequestMappingHandlerAdapter.handleInternal(RequestMappingHandlerAdapter.java:808) ~[spring-webmvc-5.3.27.jar:5.3.27]
	at org.springframework.web.servlet.mvc.method.AbstractHandlerMethodAdapter.handle(AbstractHandlerMethodAdapter.java:87) ~[spring-webmvc-5.3.27.jar:5.3.27]
	at org.springframework.web.servlet.DispatcherServlet.doDispatch(DispatcherServlet.java:1072) ~[spring-webmvc-5.3.27.jar:5.3.27]
	at org.springframework.web.servlet.DispatcherServlet.doService(DispatcherServlet.java:965) ~[spring-webmvc-5.3.27.jar:5.3.27]
	at org.springframework.web.servlet.FrameworkServlet.processRequest(FrameworkServlet.java:1006) ~[spring-webmvc-5.3.27.jar:5.3.27]
	at org.springframework.web.servlet.FrameworkServlet.doPost(FrameworkServlet.java:909) ~[spring-webmvc-5.3.27.jar:5.3.27]
	at javax.servlet.http.HttpServlet.service(HttpServlet.java:555) ~[tomcat-embed-core-9.0.75.jar:4.0.FR]
	at org.springframework.web.servlet.FrameworkServlet.service(FrameworkServlet.java:883) ~[spring-webmvc-5.3.27.jar:5.3.27]
	at javax.servlet.http.HttpServlet.service(HttpServlet.java:623) ~[tomcat-embed-core-9.0.75.jar:4.0.FR]
	at org.apache.catalina.core.ApplicationFilterChain.internalDoFilter(ApplicationFilterChain.java:209) ~[tomcat-embed-core-9.0.75.jar:9.0.75]
	at org.apache.catalina.core.ApplicationFilterChain.doFilter(ApplicationFilterChain.java:153) ~[tomcat-embed-core-9.0.75.jar:9.0.75]
	at org.apache.tomcat.websocket.server.WsFilter.doFilter(WsFilter.java:51) ~[tomcat-embed-websocket-9.0.75.jar:9.0.75]
	at org.apache.catalina.core.ApplicationFilterChain.internalDoFilter(ApplicationFilterChain.java:178) ~[tomcat-embed-core-9.0.75.jar:9.0.75]
	at org.apache.catalina.core.ApplicationFilterChain.doFilter(ApplicationFilterChain.java:153) ~[tomcat-embed-core-9.0.75.jar:9.0.75]
	at org.springframework.web.filter.RequestContextFilter.doFilterInternal(RequestContextFilter.java:100) ~[spring-web-5.3.27.jar:5.3.27]
	at org.springframework.web.filter.OncePerRequestFilter.doFilter(OncePerRequestFilter.java:117) ~[spring-web-5.3.27.jar:5.3.27]
	at org.apache.catalina.core.ApplicationFilterChain.internalDoFilter(ApplicationFilterChain.java:178) ~[tomcat-embed-core-9.0.75.jar:9.0.75]
	at org.apache.catalina.core.ApplicationFilterChain.doFilter(ApplicationFilterChain.java:153) ~[tomcat-embed-core-9.0.75.jar:9.0.75]
	at org.springframework.web.filter.FormContentFilter.doFilterInternal(FormContentFilter.java:93) ~[spring-web-5.3.27.jar:5.3.27]
	at org.springframework.web.filter.OncePerRequestFilter.doFilter(OncePerRequestFilter.java:117) ~[spring-web-5.3.27.jar:5.3.27]
	at org.apache.catalina.core.ApplicationFilterChain.internalDoFilter(ApplicationFilterChain.java:178) ~[tomcat-embed-core-9.0.75.jar:9.0.75]
	at org.apache.catalina.core.ApplicationFilterChain.doFilter(ApplicationFilterChain.java:153) ~[tomcat-embed-core-9.0.75.jar:9.0.75]
	at org.springframework.web.filter.CharacterEncodingFilter.doFilterInternal(CharacterEncodingFilter.java:201) ~[spring-web-5.3.27.jar:5.3.27]
	at org.springframework.web.filter.OncePerRequestFilter.doFilter(OncePerRequestFilter.java:117) ~[spring-web-5.3.27.jar:5.3.27]
	at org.apache.catalina.core.ApplicationFilterChain.internalDoFilter(ApplicationFilterChain.java:178) ~[tomcat-embed-core-9.0.75.jar:9.0.75]
	at org.apache.catalina.core.ApplicationFilterChain.doFilter(ApplicationFilterChain.java:153) ~[tomcat-embed-core-9.0.75.jar:9.0.75]
	at org.apache.catalina.core.StandardWrapperValve.invoke(StandardWrapperValve.java:167) ~[tomcat-embed-core-9.0.75.jar:9.0.75]
	at org.apache.catalina.core.StandardContextValve.invoke(StandardContextValve.java:90) ~[tomcat-embed-core-9.0.75.jar:9.0.75]
	at org.apache.catalina.authenticator.AuthenticatorBase.invoke(AuthenticatorBase.java:481) ~[tomcat-embed-core-9.0.75.jar:9.0.75]
	at org.apache.catalina.core.StandardHostValve.invoke(StandardHostValve.java:130) ~[tomcat-embed-core-9.0.75.jar:9.0.75]
	at org.apache.catalina.valves.ErrorReportValve.invoke(ErrorReportValve.java:93) ~[tomcat-embed-core-9.0.75.jar:9.0.75]
	at org.apache.catalina.core.StandardEngineValve.invoke(StandardEngineValve.java:74) ~[tomcat-embed-core-9.0.75.jar:9.0.75]
	at org.apache.catalina.connector.CoyoteAdapter.service(CoyoteAdapter.java:343) ~[tomcat-embed-core-9.0.75.jar:9.0.75]
	at org.apache.coyote.http11.Http11Processor.service(Http11Processor.java:390) ~[tomcat-embed-core-9.0.75.jar:9.0.75]
	at org.apache.coyote.AbstractProcessorLight.process(AbstractProcessorLight.java:63) ~[tomcat-embed-core-9.0.75.jar:9.0.75]
	at org.apache.coyote.AbstractProtocol$ConnectionHandler.process(AbstractProtocol.java:926) ~[tomcat-embed-core-9.0.75.jar:9.0.75]
	at org.apache.tomcat.util.net.NioEndpoint$SocketProcessor.doRun(NioEndpoint.java:1791) ~[tomcat-embed-core-9.0.75.jar:9.0.75]
	at org.apache.tomcat.util.net.SocketProcessorBase.run(SocketProcessorBase.java:52) ~[tomcat-embed-core-9.0.75.jar:9.0.75]
	at org.apache.tomcat.util.threads.ThreadPoolExecutor.runWorker(ThreadPoolExecutor.java:1191) ~[tomcat-embed-core-9.0.75.jar:9.0.75]
	at org.apache.tomcat.util.threads.ThreadPoolExecutor$Worker.run(ThreadPoolExecutor.java:659) ~[tomcat-embed-core-9.0.75.jar:9.0.75]
	at org.apache.tomcat.util.threads.TaskThread$WrappingRunnable.run(TaskThread.java:61) ~[tomcat-embed-core-9.0.75.jar:9.0.75]
	at java.base/java.lang.Thread.run(Thread.java:842) ~[na:na]

11:39:30:789 ERROR 18816 --- [http-nio-8086-exec-10] o.a.c.c.C.[.[.[/].[dispatcherServlet]    : Servlet.service() for servlet [dispatcherServlet] in context with path [] threw exception [Request processing failed; nested exception is com.hmall.common.exception.BizIllegalException: 抱歉，目前只支持余额支付] with root cause

com.hmall.common.exception.BizIllegalException: 抱歉，目前只支持余额支付
	at com.example.payservice.controller.PayController.applyPayOrder(PayController.java:28) ~[classes/:na]
	at java.base/jdk.internal.reflect.NativeMethodAccessorImpl.invoke0(Native Method) ~[na:na]
	at java.base/jdk.internal.reflect.NativeMethodAccessorImpl.invoke(NativeMethodAccessorImpl.java:77) ~[na:na]
	at java.base/jdk.internal.reflect.DelegatingMethodAccessorImpl.invoke(DelegatingMethodAccessorImpl.java:43) ~[na:na]
	at java.base/java.lang.reflect.Method.invoke(Method.java:568) ~[na:na]
	at org.springframework.web.method.support.InvocableHandlerMethod.doInvoke(InvocableHandlerMethod.java:205) ~[spring-web-5.3.27.jar:5.3.27]
	at org.springframework.web.method.support.InvocableHandlerMethod.invokeForRequest(InvocableHandlerMethod.java:150) ~[spring-web-5.3.27.jar:5.3.27]
	at org.springframework.web.servlet.mvc.method.annotation.ServletInvocableHandlerMethod.invokeAndHandle(ServletInvocableHandlerMethod.java:117) ~[spring-webmvc-5.3.27.jar:5.3.27]
	at org.springframework.web.servlet.mvc.method.annotation.RequestMappingHandlerAdapter.invokeHandlerMethod(RequestMappingHandlerAdapter.java:895) ~[spring-webmvc-5.3.27.jar:5.3.27]
	at org.springframework.web.servlet.mvc.method.annotation.RequestMappingHandlerAdapter.handleInternal(RequestMappingHandlerAdapter.java:808) ~[spring-webmvc-5.3.27.jar:5.3.27]
	at org.springframework.web.servlet.mvc.method.AbstractHandlerMethodAdapter.handle(AbstractHandlerMethodAdapter.java:87) ~[spring-webmvc-5.3.27.jar:5.3.27]
	at org.springframework.web.servlet.DispatcherServlet.doDispatch(DispatcherServlet.java:1072) ~[spring-webmvc-5.3.27.jar:5.3.27]
	at org.springframework.web.servlet.DispatcherServlet.doService(DispatcherServlet.java:965) ~[spring-webmvc-5.3.27.jar:5.3.27]
	at org.springframework.web.servlet.FrameworkServlet.processRequest(FrameworkServlet.java:1006) ~[spring-webmvc-5.3.27.jar:5.3.27]
	at org.springframework.web.servlet.FrameworkServlet.doPost(FrameworkServlet.java:909) ~[spring-webmvc-5.3.27.jar:5.3.27]
	at javax.servlet.http.HttpServlet.service(HttpServlet.java:555) ~[tomcat-embed-core-9.0.75.jar:4.0.FR]
	at org.springframework.web.servlet.FrameworkServlet.service(FrameworkServlet.java:883) ~[spring-webmvc-5.3.27.jar:5.3.27]
	at javax.servlet.http.HttpServlet.service(HttpServlet.java:623) ~[tomcat-embed-core-9.0.75.jar:4.0.FR]
	at org.apache.catalina.core.ApplicationFilterChain.internalDoFilter(ApplicationFilterChain.java:209) ~[tomcat-embed-core-9.0.75.jar:9.0.75]
	at org.apache.catalina.core.ApplicationFilterChain.doFilter(ApplicationFilterChain.java:153) ~[tomcat-embed-core-9.0.75.jar:9.0.75]
	at org.apache.tomcat.websocket.server.WsFilter.doFilter(WsFilter.java:51) ~[tomcat-embed-websocket-9.0.75.jar:9.0.75]
	at org.apache.catalina.core.ApplicationFilterChain.internalDoFilter(ApplicationFilterChain.java:178) ~[tomcat-embed-core-9.0.75.jar:9.0.75]
	at org.apache.catalina.core.ApplicationFilterChain.doFilter(ApplicationFilterChain.java:153) ~[tomcat-embed-core-9.0.75.jar:9.0.75]
	at org.springframework.web.filter.RequestContextFilter.doFilterInternal(RequestContextFilter.java:100) ~[spring-web-5.3.27.jar:5.3.27]
	at org.springframework.web.filter.OncePerRequestFilter.doFilter(OncePerRequestFilter.java:117) ~[spring-web-5.3.27.jar:5.3.27]
	at org.apache.catalina.core.ApplicationFilterChain.internalDoFilter(ApplicationFilterChain.java:178) ~[tomcat-embed-core-9.0.75.jar:9.0.75]
	at org.apache.catalina.core.ApplicationFilterChain.doFilter(ApplicationFilterChain.java:153) ~[tomcat-embed-core-9.0.75.jar:9.0.75]
	at org.springframework.web.filter.FormContentFilter.doFilterInternal(FormContentFilter.java:93) ~[spring-web-5.3.27.jar:5.3.27]
	at org.springframework.web.filter.OncePerRequestFilter.doFilter(OncePerRequestFilter.java:117) ~[spring-web-5.3.27.jar:5.3.27]
	at org.apache.catalina.core.ApplicationFilterChain.internalDoFilter(ApplicationFilterChain.java:178) ~[tomcat-embed-core-9.0.75.jar:9.0.75]
	at org.apache.catalina.core.ApplicationFilterChain.doFilter(ApplicationFilterChain.java:153) ~[tomcat-embed-core-9.0.75.jar:9.0.75]
	at org.springframework.web.filter.CharacterEncodingFilter.doFilterInternal(CharacterEncodingFilter.java:201) ~[spring-web-5.3.27.jar:5.3.27]
	at org.springframework.web.filter.OncePerRequestFilter.doFilter(OncePerRequestFilter.java:117) ~[spring-web-5.3.27.jar:5.3.27]
	at org.apache.catalina.core.ApplicationFilterChain.internalDoFilter(ApplicationFilterChain.java:178) ~[tomcat-embed-core-9.0.75.jar:9.0.75]
	at org.apache.catalina.core.ApplicationFilterChain.doFilter(ApplicationFilterChain.java:153) ~[tomcat-embed-core-9.0.75.jar:9.0.75]
	at org.apache.catalina.core.StandardWrapperValve.invoke(StandardWrapperValve.java:167) ~[tomcat-embed-core-9.0.75.jar:9.0.75]
	at org.apache.catalina.core.StandardContextValve.invoke(StandardContextValve.java:90) ~[tomcat-embed-core-9.0.75.jar:9.0.75]
	at org.apache.catalina.authenticator.AuthenticatorBase.invoke(AuthenticatorBase.java:481) ~[tomcat-embed-core-9.0.75.jar:9.0.75]
	at org.apache.catalina.core.StandardHostValve.invoke(StandardHostValve.java:130) ~[tomcat-embed-core-9.0.75.jar:9.0.75]
	at org.apache.catalina.valves.ErrorReportValve.invoke(ErrorReportValve.java:93) ~[tomcat-embed-core-9.0.75.jar:9.0.75]
	at org.apache.catalina.core.StandardEngineValve.invoke(StandardEngineValve.java:74) ~[tomcat-embed-core-9.0.75.jar:9.0.75]
	at org.apache.catalina.connector.CoyoteAdapter.service(CoyoteAdapter.java:343) ~[tomcat-embed-core-9.0.75.jar:9.0.75]
	at org.apache.coyote.http11.Http11Processor.service(Http11Processor.java:390) ~[tomcat-embed-core-9.0.75.jar:9.0.75]
	at org.apache.coyote.AbstractProcessorLight.process(AbstractProcessorLight.java:63) ~[tomcat-embed-core-9.0.75.jar:9.0.75]
	at org.apache.coyote.AbstractProtocol$ConnectionHandler.process(AbstractProtocol.java:926) ~[tomcat-embed-core-9.0.75.jar:9.0.75]
	at org.apache.tomcat.util.net.NioEndpoint$SocketProcessor.doRun(NioEndpoint.java:1791) ~[tomcat-embed-core-9.0.75.jar:9.0.75]
	at org.apache.tomcat.util.net.SocketProcessorBase.run(SocketProcessorBase.java:52) ~[tomcat-embed-core-9.0.75.jar:9.0.75]
	at org.apache.tomcat.util.threads.ThreadPoolExecutor.runWorker(ThreadPoolExecutor.java:1191) ~[tomcat-embed-core-9.0.75.jar:9.0.75]
	at org.apache.tomcat.util.threads.ThreadPoolExecutor$Worker.run(ThreadPoolExecutor.java:659) ~[tomcat-embed-core-9.0.75.jar:9.0.75]
	at org.apache.tomcat.util.threads.TaskThread$WrappingRunnable.run(TaskThread.java:61) ~[tomcat-embed-core-9.0.75.jar:9.0.75]
	at java.base/java.lang.Thread.run(Thread.java:842) ~[na:na]

11:39:37:279 ERROR 18816 --- [http-nio-8086-exec-4] o.a.c.c.C.[.[.[/].[dispatcherServlet]    : Servlet.service() for servlet [dispatcherServlet] in context with path [] threw exception [Request processing failed; nested exception is com.hmall.common.exception.BizIllegalException: 抱歉，目前只支持余额支付] with root cause

com.hmall.common.exception.BizIllegalException: 抱歉，目前只支持余额支付
	at com.example.payservice.controller.PayController.applyPayOrder(PayController.java:28) ~[classes/:na]
	at java.base/jdk.internal.reflect.NativeMethodAccessorImpl.invoke0(Native Method) ~[na:na]
	at java.base/jdk.internal.reflect.NativeMethodAccessorImpl.invoke(NativeMethodAccessorImpl.java:77) ~[na:na]
	at java.base/jdk.internal.reflect.DelegatingMethodAccessorImpl.invoke(DelegatingMethodAccessorImpl.java:43) ~[na:na]
	at java.base/java.lang.reflect.Method.invoke(Method.java:568) ~[na:na]
	at org.springframework.web.method.support.InvocableHandlerMethod.doInvoke(InvocableHandlerMethod.java:205) ~[spring-web-5.3.27.jar:5.3.27]
	at org.springframework.web.method.support.InvocableHandlerMethod.invokeForRequest(InvocableHandlerMethod.java:150) ~[spring-web-5.3.27.jar:5.3.27]
	at org.springframework.web.servlet.mvc.method.annotation.ServletInvocableHandlerMethod.invokeAndHandle(ServletInvocableHandlerMethod.java:117) ~[spring-webmvc-5.3.27.jar:5.3.27]
	at org.springframework.web.servlet.mvc.method.annotation.RequestMappingHandlerAdapter.invokeHandlerMethod(RequestMappingHandlerAdapter.java:895) ~[spring-webmvc-5.3.27.jar:5.3.27]
	at org.springframework.web.servlet.mvc.method.annotation.RequestMappingHandlerAdapter.handleInternal(RequestMappingHandlerAdapter.java:808) ~[spring-webmvc-5.3.27.jar:5.3.27]
	at org.springframework.web.servlet.mvc.method.AbstractHandlerMethodAdapter.handle(AbstractHandlerMethodAdapter.java:87) ~[spring-webmvc-5.3.27.jar:5.3.27]
	at org.springframework.web.servlet.DispatcherServlet.doDispatch(DispatcherServlet.java:1072) ~[spring-webmvc-5.3.27.jar:5.3.27]
	at org.springframework.web.servlet.DispatcherServlet.doService(DispatcherServlet.java:965) ~[spring-webmvc-5.3.27.jar:5.3.27]
	at org.springframework.web.servlet.FrameworkServlet.processRequest(FrameworkServlet.java:1006) ~[spring-webmvc-5.3.27.jar:5.3.27]
	at org.springframework.web.servlet.FrameworkServlet.doPost(FrameworkServlet.java:909) ~[spring-webmvc-5.3.27.jar:5.3.27]
	at javax.servlet.http.HttpServlet.service(HttpServlet.java:555) ~[tomcat-embed-core-9.0.75.jar:4.0.FR]
	at org.springframework.web.servlet.FrameworkServlet.service(FrameworkServlet.java:883) ~[spring-webmvc-5.3.27.jar:5.3.27]
	at javax.servlet.http.HttpServlet.service(HttpServlet.java:623) ~[tomcat-embed-core-9.0.75.jar:4.0.FR]
	at org.apache.catalina.core.ApplicationFilterChain.internalDoFilter(ApplicationFilterChain.java:209) ~[tomcat-embed-core-9.0.75.jar:9.0.75]
	at org.apache.catalina.core.ApplicationFilterChain.doFilter(ApplicationFilterChain.java:153) ~[tomcat-embed-core-9.0.75.jar:9.0.75]
	at org.apache.tomcat.websocket.server.WsFilter.doFilter(WsFilter.java:51) ~[tomcat-embed-websocket-9.0.75.jar:9.0.75]
	at org.apache.catalina.core.ApplicationFilterChain.internalDoFilter(ApplicationFilterChain.java:178) ~[tomcat-embed-core-9.0.75.jar:9.0.75]
	at org.apache.catalina.core.ApplicationFilterChain.doFilter(ApplicationFilterChain.java:153) ~[tomcat-embed-core-9.0.75.jar:9.0.75]
	at org.springframework.web.filter.RequestContextFilter.doFilterInternal(RequestContextFilter.java:100) ~[spring-web-5.3.27.jar:5.3.27]
	at org.springframework.web.filter.OncePerRequestFilter.doFilter(OncePerRequestFilter.java:117) ~[spring-web-5.3.27.jar:5.3.27]
	at org.apache.catalina.core.ApplicationFilterChain.internalDoFilter(ApplicationFilterChain.java:178) ~[tomcat-embed-core-9.0.75.jar:9.0.75]
	at org.apache.catalina.core.ApplicationFilterChain.doFilter(ApplicationFilterChain.java:153) ~[tomcat-embed-core-9.0.75.jar:9.0.75]
	at org.springframework.web.filter.FormContentFilter.doFilterInternal(FormContentFilter.java:93) ~[spring-web-5.3.27.jar:5.3.27]
	at org.springframework.web.filter.OncePerRequestFilter.doFilter(OncePerRequestFilter.java:117) ~[spring-web-5.3.27.jar:5.3.27]
	at org.apache.catalina.core.ApplicationFilterChain.internalDoFilter(ApplicationFilterChain.java:178) ~[tomcat-embed-core-9.0.75.jar:9.0.75]
	at org.apache.catalina.core.ApplicationFilterChain.doFilter(ApplicationFilterChain.java:153) ~[tomcat-embed-core-9.0.75.jar:9.0.75]
	at org.springframework.web.filter.CharacterEncodingFilter.doFilterInternal(CharacterEncodingFilter.java:201) ~[spring-web-5.3.27.jar:5.3.27]
	at org.springframework.web.filter.OncePerRequestFilter.doFilter(OncePerRequestFilter.java:117) ~[spring-web-5.3.27.jar:5.3.27]
	at org.apache.catalina.core.ApplicationFilterChain.internalDoFilter(ApplicationFilterChain.java:178) ~[tomcat-embed-core-9.0.75.jar:9.0.75]
	at org.apache.catalina.core.ApplicationFilterChain.doFilter(ApplicationFilterChain.java:153) ~[tomcat-embed-core-9.0.75.jar:9.0.75]
	at org.apache.catalina.core.StandardWrapperValve.invoke(StandardWrapperValve.java:167) ~[tomcat-embed-core-9.0.75.jar:9.0.75]
	at org.apache.catalina.core.StandardContextValve.invoke(StandardContextValve.java:90) ~[tomcat-embed-core-9.0.75.jar:9.0.75]
	at org.apache.catalina.authenticator.AuthenticatorBase.invoke(AuthenticatorBase.java:481) ~[tomcat-embed-core-9.0.75.jar:9.0.75]
	at org.apache.catalina.core.StandardHostValve.invoke(StandardHostValve.java:130) ~[tomcat-embed-core-9.0.75.jar:9.0.75]
	at org.apache.catalina.valves.ErrorReportValve.invoke(ErrorReportValve.java:93) ~[tomcat-embed-core-9.0.75.jar:9.0.75]
	at org.apache.catalina.core.StandardEngineValve.invoke(StandardEngineValve.java:74) ~[tomcat-embed-core-9.0.75.jar:9.0.75]
	at org.apache.catalina.connector.CoyoteAdapter.service(CoyoteAdapter.java:343) ~[tomcat-embed-core-9.0.75.jar:9.0.75]
	at org.apache.coyote.http11.Http11Processor.service(Http11Processor.java:390) ~[tomcat-embed-core-9.0.75.jar:9.0.75]
	at org.apache.coyote.AbstractProcessorLight.process(AbstractProcessorLight.java:63) ~[tomcat-embed-core-9.0.75.jar:9.0.75]
	at org.apache.coyote.AbstractProtocol$ConnectionHandler.process(AbstractProtocol.java:926) ~[tomcat-embed-core-9.0.75.jar:9.0.75]
	at org.apache.tomcat.util.net.NioEndpoint$SocketProcessor.doRun(NioEndpoint.java:1791) ~[tomcat-embed-core-9.0.75.jar:9.0.75]
	at org.apache.tomcat.util.net.SocketProcessorBase.run(SocketProcessorBase.java:52) ~[tomcat-embed-core-9.0.75.jar:9.0.75]
	at org.apache.tomcat.util.threads.ThreadPoolExecutor.runWorker(ThreadPoolExecutor.java:1191) ~[tomcat-embed-core-9.0.75.jar:9.0.75]
	at org.apache.tomcat.util.threads.ThreadPoolExecutor$Worker.run(ThreadPoolExecutor.java:659) ~[tomcat-embed-core-9.0.75.jar:9.0.75]
	at org.apache.tomcat.util.threads.TaskThread$WrappingRunnable.run(TaskThread.java:61) ~[tomcat-embed-core-9.0.75.jar:9.0.75]
	at java.base/java.lang.Thread.run(Thread.java:842) ~[na:na]

11:41:11:942  WARN 18816 --- [Thread-4] c.a.nacos.common.notify.NotifyCenter     : [NotifyCenter] Start destroying Publisher
11:41:11:942  WARN 18816 --- [Thread-7] c.a.n.common.http.HttpClientBeanHolder   : [HttpClientBeanHolder] Start destroying common HttpClient
11:41:11:942  WARN 18816 --- [Thread-4] c.a.nacos.common.notify.NotifyCenter     : [NotifyCenter] Destruction of the end
11:41:11:943  WARN 18816 --- [Thread-7] c.a.n.common.http.HttpClientBeanHolder   : [HttpClientBeanHolder] Destruction of the end
11:41:11:963  INFO 18816 --- [SpringApplicationShutdownHook] c.a.c.n.registry.NacosServiceRegistry    : De-registering from Nacos Server now...
11:41:11:966  INFO 18816 --- [SpringApplicationShutdownHook] c.a.c.n.registry.NacosServiceRegistry    : De-registration finished.
11:41:12:291  INFO 18816 --- [SpringApplicationShutdownHook] com.alibaba.nacos.common.remote.client   : Shutdown rpc client, set status to shutdown
11:41:12:292  INFO 18816 --- [SpringApplicationShutdownHook] com.alibaba.nacos.common.remote.client   : Shutdown client event executor java.util.concurrent.ScheduledThreadPoolExecutor@5d9e44c6[Running, pool size = 2, active threads = 2, queued tasks = 0, completed tasks = 0]
11:41:12:292  INFO 18816 --- [SpringApplicationShutdownHook] com.alibaba.nacos.common.remote.client   : Close current connection 1728877052696_192.168.139.1_50499
11:41:12:294  INFO 18816 --- [nacos-grpc-client-executor-82] c.a.n.c.remote.client.grpc.GrpcClient    : [1728877052696_192.168.139.1_50499]Ignore complete event,isRunning:false,isAbandon=false
11:41:12:296  INFO 18816 --- [SpringApplicationShutdownHook] c.a.n.c.remote.client.grpc.GrpcClient    : Shutdown grpc executor java.util.concurrent.ThreadPoolExecutor@49f4ad9c[Running, pool size = 7, active threads = 0, queued tasks = 0, completed tasks = 83]
11:41:12:556  INFO 21900 --- [nacos-grpc-client-executor-49] com.alibaba.nacos.common.remote.client   : [40faf99a-4ff8-4bd9-b0f9-f9dde4412142] Receive server push request, request = NotifySubscriberRequest, requestId = 18
11:41:12:556  INFO 17028 --- [nacos-grpc-client-executor-52] com.alibaba.nacos.common.remote.client   : [23a40238-4315-42f3-866b-4e2a671bf438] Receive server push request, request = NotifySubscriberRequest, requestId = 19
11:41:12:558  INFO 17028 --- [nacos-grpc-client-executor-52] com.alibaba.nacos.common.remote.client   : [23a40238-4315-42f3-866b-4e2a671bf438] Ack server push request, request = NotifySubscriberRequest, requestId = 19
11:41:12:558  INFO 21900 --- [nacos-grpc-client-executor-49] com.alibaba.nacos.common.remote.client   : [40faf99a-4ff8-4bd9-b0f9-f9dde4412142] Ack server push request, request = NotifySubscriberRequest, requestId = 18
11:41:18:924  INFO 7816 --- [main] c.e.payservice.PayServiceApplication     : Starting PayServiceApplication using Java 17.0.11 on DESKTOP-MS920JF with PID 7816 (E:\Project_Code\hmall\pay-service\target\classes started by admin in E:\Project_Code\hmall)
11:41:18:925 DEBUG 7816 --- [main] c.e.payservice.PayServiceApplication     : Running with Spring Boot v2.7.12, Spring v5.3.27
11:41:18:926  INFO 7816 --- [main] c.e.payservice.PayServiceApplication     : The following 1 profile is active: "local"
11:41:19:469  INFO 7816 --- [main] o.s.cloud.context.scope.GenericScope     : BeanFactory id=dbb6d3e5-38a6-30f6-afc0-90507f1ebf44
11:41:19:698  INFO 7816 --- [main] o.s.b.w.embedded.tomcat.TomcatWebServer  : Tomcat initialized with port(s): 8086 (http)
11:41:19:703  INFO 7816 --- [main] o.apache.catalina.core.StandardService   : Starting service [Tomcat]
11:41:19:704  INFO 7816 --- [main] org.apache.catalina.core.StandardEngine  : Starting Servlet engine: [Apache Tomcat/9.0.75]
11:41:19:780  INFO 7816 --- [main] o.a.c.c.C.[Tomcat].[localhost].[/]       : Initializing Spring embedded WebApplicationContext
11:41:19:780  INFO 7816 --- [main] w.s.c.ServletWebServerApplicationContext : Root WebApplicationContext: initialization completed in 830 ms
11:41:19:878  INFO 7816 --- [main] o.s.c.openfeign.FeignClientFactoryBean   : For 'user-service' URL not provided. Will try picking an instance via load-balancing.
11:41:19:905  INFO 7816 --- [main] o.s.c.openfeign.FeignClientFactoryBean   : For 'trade-service' URL not provided. Will try picking an instance via load-balancing.
11:41:20:442  INFO 7816 --- [main] pertySourcedRequestMappingHandlerMapping : Mapped URL path [/v2/api-docs] onto method [springfox.documentation.swagger2.web.Swagger2ControllerWebMvc#getDocumentation(String, HttpServletRequest)]
11:41:20:634  INFO 7816 --- [main] com.alibaba.nacos.common.remote.client   : [RpcClientFactory] create a new rpc client of aca74ce0-270e-418b-b865-ea1f65adecfc
11:41:20:665  INFO 7816 --- [main] org.reflections.Reflections              : Reflections took 14 ms to scan 1 urls, producing 3 keys and 6 values 
11:41:20:678  INFO 7816 --- [main] org.reflections.Reflections              : Reflections took 5 ms to scan 1 urls, producing 4 keys and 9 values 
11:41:20:683  INFO 7816 --- [main] org.reflections.Reflections              : Reflections took 4 ms to scan 1 urls, producing 3 keys and 10 values 
11:41:20:684  WARN 7816 --- [main] org.reflections.Reflections              : given scan urls are empty. set urls in the configuration
11:41:20:688  INFO 7816 --- [main] org.reflections.Reflections              : Reflections took 4 ms to scan 1 urls, producing 1 keys and 5 values 
11:41:20:695  INFO 7816 --- [main] org.reflections.Reflections              : Reflections took 6 ms to scan 1 urls, producing 1 keys and 7 values 
11:41:20:701  INFO 7816 --- [main] org.reflections.Reflections              : Reflections took 4 ms to scan 1 urls, producing 2 keys and 8 values 
11:41:20:702  WARN 7816 --- [main] org.reflections.Reflections              : given scan urls are empty. set urls in the configuration
11:41:20:702  INFO 7816 --- [main] com.alibaba.nacos.common.remote.client   : [aca74ce0-270e-418b-b865-ea1f65adecfc] RpcClient init label, labels = {module=naming, source=sdk}
11:41:20:703  INFO 7816 --- [main] com.alibaba.nacos.common.remote.client   : [aca74ce0-270e-418b-b865-ea1f65adecfc] RpcClient init, ServerListFactory = com.alibaba.nacos.client.naming.core.ServerListManager
11:41:20:703  INFO 7816 --- [main] com.alibaba.nacos.common.remote.client   : [aca74ce0-270e-418b-b865-ea1f65adecfc] Registry connection listener to current client:com.alibaba.nacos.client.naming.remote.gprc.redo.NamingGrpcRedoService
11:41:20:704  INFO 7816 --- [main] com.alibaba.nacos.common.remote.client   : [aca74ce0-270e-418b-b865-ea1f65adecfc] Register server push request handler:com.alibaba.nacos.client.naming.remote.gprc.NamingPushRequestHandler
11:41:20:704  INFO 7816 --- [main] com.alibaba.nacos.common.remote.client   : [aca74ce0-270e-418b-b865-ea1f65adecfc] Try to connect to server on start up, server: {serverIp = '192.168.139.130', server main port = 8848}
11:41:21:262  INFO 7816 --- [main] com.alibaba.nacos.common.remote.client   : [aca74ce0-270e-418b-b865-ea1f65adecfc] Success to connect to server [192.168.139.130:8848] on start up, connectionId = 1728877281271_192.168.139.1_50692
11:41:21:264  INFO 7816 --- [com.alibaba.nacos.client.remote.worker] com.alibaba.nacos.common.remote.client   : [aca74ce0-270e-418b-b865-ea1f65adecfc] Notify connected event to listeners.
11:41:21:265  INFO 7816 --- [main] com.alibaba.nacos.common.remote.client   : [aca74ce0-270e-418b-b865-ea1f65adecfc] Register server push request handler:com.alibaba.nacos.common.remote.client.RpcClient$ConnectResetRequestHandler
11:41:21:265  INFO 7816 --- [main] com.alibaba.nacos.common.remote.client   : [aca74ce0-270e-418b-b865-ea1f65adecfc] Register server push request handler:com.alibaba.nacos.common.remote.client.RpcClient$$Lambda$994/0x00000286477afb78
11:41:21:296  INFO 7816 --- [main] o.s.b.w.embedded.tomcat.TomcatWebServer  : Tomcat started on port(s): 8086 (http) with context path ''
11:41:21:301  INFO 7816 --- [main] c.a.c.n.registry.NacosServiceRegistry    : nacos registry, DEFAULT_GROUP hm-api 192.168.60.70:8086 register finished
11:41:21:375  INFO 7816 --- [main] d.s.w.p.DocumentationPluginsBootstrapper : Documentation plugins bootstrapped
11:41:21:377  INFO 7816 --- [main] d.s.w.p.DocumentationPluginsBootstrapper : Found 1 custom documentation plugin(s)
11:41:21:389  INFO 7816 --- [main] s.d.s.w.s.ApiListingReferenceScanner     : Scanning for api listing references
11:41:21:436  INFO 7816 --- [main] c.e.payservice.PayServiceApplication     : Started PayServiceApplication in 2.915 seconds (JVM running for 3.266)
11:41:21:815  INFO 21900 --- [nacos-grpc-client-executor-52] com.alibaba.nacos.common.remote.client   : [40faf99a-4ff8-4bd9-b0f9-f9dde4412142] Receive server push request, request = NotifySubscriberRequest, requestId = 20
11:41:21:818  INFO 17028 --- [nacos-grpc-client-executor-54] com.alibaba.nacos.common.remote.client   : [23a40238-4315-42f3-866b-4e2a671bf438] Receive server push request, request = NotifySubscriberRequest, requestId = 22
11:41:21:820  INFO 21900 --- [nacos-grpc-client-executor-52] com.alibaba.nacos.common.remote.client   : [40faf99a-4ff8-4bd9-b0f9-f9dde4412142] Ack server push request, request = NotifySubscriberRequest, requestId = 20
11:41:21:822  INFO 17028 --- [nacos-grpc-client-executor-54] com.alibaba.nacos.common.remote.client   : [23a40238-4315-42f3-866b-4e2a671bf438] Ack server push request, request = NotifySubscriberRequest, requestId = 22
11:41:21:837  INFO 7816 --- [nacos-grpc-client-executor-9] com.alibaba.nacos.common.remote.client   : [aca74ce0-270e-418b-b865-ea1f65adecfc] Receive server push request, request = NotifySubscriberRequest, requestId = 21
11:41:21:839  INFO 7816 --- [nacos-grpc-client-executor-9] com.alibaba.nacos.common.remote.client   : [aca74ce0-270e-418b-b865-ea1f65adecfc] Ack server push request, request = NotifySubscriberRequest, requestId = 21
11:41:27:701  INFO 7816 --- [http-nio-8086-exec-1] o.a.c.c.C.[Tomcat].[localhost].[/]       : Initializing Spring DispatcherServlet 'dispatcherServlet'
11:41:27:701  INFO 7816 --- [http-nio-8086-exec-1] o.s.web.servlet.DispatcherServlet        : Initializing Servlet 'dispatcherServlet'
11:41:27:702  INFO 7816 --- [http-nio-8086-exec-1] o.s.web.servlet.DispatcherServlet        : Completed initialization in 1 ms
11:41:31:108  INFO 7816 --- [http-nio-8086-exec-6] com.zaxxer.hikari.HikariDataSource       : HikariPool-1 - Starting...
11:41:31:265  INFO 7816 --- [http-nio-8086-exec-6] com.zaxxer.hikari.HikariDataSource       : HikariPool-1 - Start completed.
11:41:31:270 DEBUG 7816 --- [http-nio-8086-exec-6] c.e.p.mapper.PayOrderMapper.selectList   : ==>  Preparing: SELECT id,biz_order_no,pay_order_no,biz_user_id,pay_channel_code,amount,pay_type,status,expand_json,result_code,result_msg,pay_success_time,pay_over_time,qr_code_url,create_time,update_time,creater,updater,is_delete FROM pay_order
11:41:31:286 DEBUG 7816 --- [http-nio-8086-exec-6] c.e.p.mapper.PayOrderMapper.selectList   : ==> Parameters: 
11:41:31:303 DEBUG 7816 --- [http-nio-8086-exec-6] c.e.p.mapper.PayOrderMapper.selectList   : <==      Total: 2
11:51:35:397  WARN 7816 --- [Thread-7] c.a.n.common.http.HttpClientBeanHolder   : [HttpClientBeanHolder] Start destroying common HttpClient
11:51:35:397  WARN 7816 --- [Thread-4] c.a.nacos.common.notify.NotifyCenter     : [NotifyCenter] Start destroying Publisher
11:51:35:398  WARN 7816 --- [Thread-4] c.a.nacos.common.notify.NotifyCenter     : [NotifyCenter] Destruction of the end
11:51:35:398  WARN 7816 --- [Thread-7] c.a.n.common.http.HttpClientBeanHolder   : [HttpClientBeanHolder] Destruction of the end
11:51:35:417  INFO 7816 --- [SpringApplicationShutdownHook] c.a.c.n.registry.NacosServiceRegistry    : De-registering from Nacos Server now...
11:51:35:420  INFO 7816 --- [SpringApplicationShutdownHook] c.a.c.n.registry.NacosServiceRegistry    : De-registration finished.
11:51:35:423  WARN 17028 --- [Thread-4] c.a.nacos.common.notify.NotifyCenter     : [NotifyCenter] Start destroying Publisher
11:51:35:423  WARN 17028 --- [Thread-7] c.a.n.common.http.HttpClientBeanHolder   : [HttpClientBeanHolder] Start destroying common HttpClient
11:51:35:424  WARN 17028 --- [Thread-4] c.a.nacos.common.notify.NotifyCenter     : [NotifyCenter] Destruction of the end
11:51:35:424  WARN 17028 --- [Thread-7] c.a.n.common.http.HttpClientBeanHolder   : [HttpClientBeanHolder] Destruction of the end
11:51:35:443  INFO 17028 --- [SpringApplicationShutdownHook] c.a.c.n.registry.NacosServiceRegistry    : De-registering from Nacos Server now...
11:51:35:445  INFO 17028 --- [SpringApplicationShutdownHook] c.a.c.n.registry.NacosServiceRegistry    : De-registration finished.
11:51:35:445  WARN 21900 --- [Thread-7] c.a.n.common.http.HttpClientBeanHolder   : [HttpClientBeanHolder] Start destroying common HttpClient
11:51:35:445  WARN 21900 --- [Thread-4] c.a.nacos.common.notify.NotifyCenter     : [NotifyCenter] Start destroying Publisher
11:51:35:446  WARN 21900 --- [Thread-4] c.a.nacos.common.notify.NotifyCenter     : [NotifyCenter] Destruction of the end
11:51:35:446  WARN 21900 --- [Thread-7] c.a.n.common.http.HttpClientBeanHolder   : [HttpClientBeanHolder] Destruction of the end
11:51:35:465  INFO 21900 --- [SpringApplicationShutdownHook] c.a.c.n.registry.NacosServiceRegistry    : De-registering from Nacos Server now...
11:51:35:467  INFO 21900 --- [SpringApplicationShutdownHook] c.a.c.n.registry.NacosServiceRegistry    : De-registration finished.
11:51:35:753  INFO 7816 --- [SpringApplicationShutdownHook] com.alibaba.nacos.common.remote.client   : Shutdown rpc client, set status to shutdown
11:51:35:753  INFO 7816 --- [SpringApplicationShutdownHook] com.alibaba.nacos.common.remote.client   : Shutdown client event executor java.util.concurrent.ScheduledThreadPoolExecutor@74a43476[Running, pool size = 2, active threads = 2, queued tasks = 0, completed tasks = 0]
11:51:35:753  INFO 7816 --- [SpringApplicationShutdownHook] com.alibaba.nacos.common.remote.client   : Close current connection 1728877281271_192.168.139.1_50692
11:51:35:754  INFO 7816 --- [nacos-grpc-client-executor-175] c.a.n.c.remote.client.grpc.GrpcClient    : [1728877281271_192.168.139.1_50692]Ignore complete event,isRunning:false,isAbandon=false
11:51:35:759  INFO 7816 --- [SpringApplicationShutdownHook] c.a.n.c.remote.client.grpc.GrpcClient    : Shutdown grpc executor java.util.concurrent.ThreadPoolExecutor@2c9b5a7c[Running, pool size = 4, active threads = 0, queued tasks = 0, completed tasks = 176]
11:51:35:761  INFO 7816 --- [SpringApplicationShutdownHook] com.zaxxer.hikari.HikariDataSource       : HikariPool-1 - Shutdown initiated...
11:51:35:766  INFO 7816 --- [SpringApplicationShutdownHook] com.zaxxer.hikari.HikariDataSource       : HikariPool-1 - Shutdown completed.
11:51:35:783  INFO 17028 --- [SpringApplicationShutdownHook] com.alibaba.nacos.common.remote.client   : Shutdown rpc client, set status to shutdown
11:51:35:783  INFO 17028 --- [SpringApplicationShutdownHook] com.alibaba.nacos.common.remote.client   : Shutdown client event executor java.util.concurrent.ScheduledThreadPoolExecutor@421723ce[Running, pool size = 2, active threads = 2, queued tasks = 0, completed tasks = 0]
11:51:35:783  INFO 17028 --- [SpringApplicationShutdownHook] com.alibaba.nacos.common.remote.client   : Close current connection 1728877145958_192.168.139.1_50636
11:51:35:784  INFO 17028 --- [nacos-grpc-client-executor-215] c.a.n.c.remote.client.grpc.GrpcClient    : [1728877145958_192.168.139.1_50636]Ignore complete event,isRunning:false,isAbandon=false
11:51:35:785  INFO 17028 --- [SpringApplicationShutdownHook] c.a.n.c.remote.client.grpc.GrpcClient    : Shutdown grpc executor java.util.concurrent.ThreadPoolExecutor@432edd44[Running, pool size = 5, active threads = 0, queued tasks = 0, completed tasks = 216]
11:51:35:799  INFO 21900 --- [SpringApplicationShutdownHook] com.alibaba.nacos.common.remote.client   : Shutdown rpc client, set status to shutdown
11:51:35:799  INFO 21900 --- [SpringApplicationShutdownHook] com.alibaba.nacos.common.remote.client   : Shutdown client event executor java.util.concurrent.ScheduledThreadPoolExecutor@6a592a47[Running, pool size = 2, active threads = 2, queued tasks = 0, completed tasks = 0]
11:51:35:799  INFO 21900 --- [SpringApplicationShutdownHook] com.alibaba.nacos.common.remote.client   : Close current connection 1728877148509_192.168.139.1_50642
11:51:35:800  INFO 21900 --- [nacos-grpc-client-executor-214] c.a.n.c.remote.client.grpc.GrpcClient    : [1728877148509_192.168.139.1_50642]Ignore complete event,isRunning:false,isAbandon=false
11:51:35:801  INFO 21900 --- [SpringApplicationShutdownHook] c.a.n.c.remote.client.grpc.GrpcClient    : Shutdown grpc executor java.util.concurrent.ThreadPoolExecutor@530c0bc2[Running, pool size = 5, active threads = 0, queued tasks = 0, completed tasks = 215]
