11:47:03:164  INFO 3812 --- [main] c.e.itemservice.ItemServiceApplication   : Starting ItemServiceApplication using Java 17.0.11 on DESKTOP-MS920JF with PID 3812 (E:\Project_Code\hmall\item-service\target\classes started by admin in E:\Project_Code\hmall)
11:47:03:168 DEBUG 3812 --- [main] c.e.itemservice.ItemServiceApplication   : Running with Spring Boot v2.7.12, Spring v5.3.27
11:47:03:168  INFO 3812 --- [main] c.e.itemservice.ItemServiceApplication   : The following 1 profile is active: "local"
11:47:03:833  INFO 3812 --- [main] o.s.cloud.context.scope.GenericScope     : BeanFactory id=3edf44ef-9333-33ec-9b20-2ec52f3d578e
11:47:04:162  INFO 3812 --- [main] o.s.b.w.embedded.tomcat.TomcatWebServer  : Tomcat initialized with port(s): 8081 (http)
11:47:04:171  INFO 3812 --- [main] o.apache.catalina.core.StandardService   : Starting service [Tomcat]
11:47:04:172  INFO 3812 --- [main] org.apache.catalina.core.StandardEngine  : Starting Servlet engine: [Apache Tomcat/9.0.75]
11:47:04:259  INFO 3812 --- [main] o.a.c.c.C.[Tomcat].[localhost].[/]       : Initializing Spring embedded WebApplicationContext
11:47:04:260  INFO 3812 --- [main] w.s.c.ServletWebServerApplicationContext : Root WebApplicationContext: initialization completed in 1061 ms
11:47:05:024  INFO 3812 --- [main] pertySourcedRequestMappingHandlerMapping : Mapped URL path [/v2/api-docs] onto method [springfox.documentation.swagger2.web.Swagger2ControllerWebMvc#getDocumentation(String, HttpServletRequest)]
11:47:05:454  INFO 3812 --- [main] com.alibaba.nacos.common.remote.client   : [RpcClientFactory] create a new rpc client of 38387956-dae8-448f-9303-c09cb614792a
11:47:05:495  INFO 3812 --- [main] org.reflections.Reflections              : Reflections took 17 ms to scan 1 urls, producing 3 keys and 6 values 
11:47:05:512  INFO 3812 --- [main] org.reflections.Reflections              : Reflections took 6 ms to scan 1 urls, producing 4 keys and 9 values 
11:47:05:519  INFO 3812 --- [main] org.reflections.Reflections              : Reflections took 6 ms to scan 1 urls, producing 3 keys and 10 values 
11:47:05:520  WARN 3812 --- [main] org.reflections.Reflections              : given scan urls are empty. set urls in the configuration
11:47:05:527  INFO 3812 --- [main] org.reflections.Reflections              : Reflections took 7 ms to scan 1 urls, producing 1 keys and 5 values 
11:47:05:533  INFO 3812 --- [main] org.reflections.Reflections              : Reflections took 4 ms to scan 1 urls, producing 1 keys and 7 values 
11:47:05:539  INFO 3812 --- [main] org.reflections.Reflections              : Reflections took 4 ms to scan 1 urls, producing 2 keys and 8 values 
11:47:05:540  WARN 3812 --- [main] org.reflections.Reflections              : given scan urls are empty. set urls in the configuration
11:47:05:541  INFO 3812 --- [main] com.alibaba.nacos.common.remote.client   : [38387956-dae8-448f-9303-c09cb614792a] RpcClient init label, labels = {module=naming, source=sdk}
11:47:05:542  INFO 3812 --- [main] com.alibaba.nacos.common.remote.client   : [38387956-dae8-448f-9303-c09cb614792a] RpcClient init, ServerListFactory = com.alibaba.nacos.client.naming.core.ServerListManager
11:47:05:542  INFO 3812 --- [main] com.alibaba.nacos.common.remote.client   : [38387956-dae8-448f-9303-c09cb614792a] Registry connection listener to current client:com.alibaba.nacos.client.naming.remote.gprc.redo.NamingGrpcRedoService
11:47:05:543  INFO 3812 --- [main] com.alibaba.nacos.common.remote.client   : [38387956-dae8-448f-9303-c09cb614792a] Register server push request handler:com.alibaba.nacos.client.naming.remote.gprc.NamingPushRequestHandler
11:47:05:544  INFO 3812 --- [main] com.alibaba.nacos.common.remote.client   : [38387956-dae8-448f-9303-c09cb614792a] Try to connect to server on start up, server: {serverIp = '192.168.139.130', server main port = 8848}
11:47:06:256  INFO 3812 --- [main] com.alibaba.nacos.common.remote.client   : [38387956-dae8-448f-9303-c09cb614792a] Success to connect to server [192.168.139.130:8848] on start up, connectionId = 1730260026150_192.168.139.1_59833
11:47:06:256  INFO 3812 --- [com.alibaba.nacos.client.remote.worker] com.alibaba.nacos.common.remote.client   : [38387956-dae8-448f-9303-c09cb614792a] Notify connected event to listeners.
11:47:06:257  INFO 3812 --- [main] com.alibaba.nacos.common.remote.client   : [38387956-dae8-448f-9303-c09cb614792a] Register server push request handler:com.alibaba.nacos.common.remote.client.RpcClient$ConnectResetRequestHandler
11:47:06:257  INFO 3812 --- [main] com.alibaba.nacos.common.remote.client   : [38387956-dae8-448f-9303-c09cb614792a] Register server push request handler:com.alibaba.nacos.common.remote.client.RpcClient$$Lambda$1010/0x00000149c67b91e8
11:47:06:294  INFO 3812 --- [main] o.s.b.w.embedded.tomcat.TomcatWebServer  : Tomcat started on port(s): 8081 (http) with context path ''
11:47:06:303  INFO 3812 --- [main] c.a.c.n.registry.NacosServiceRegistry    : nacos registry, DEFAULT_GROUP item-service 192.168.1.117:8081 register finished
11:47:06:413  INFO 3812 --- [main] d.s.w.p.DocumentationPluginsBootstrapper : Documentation plugins bootstrapped
11:47:06:415  INFO 3812 --- [main] d.s.w.p.DocumentationPluginsBootstrapper : Found 1 custom documentation plugin(s)
11:47:06:438  INFO 3812 --- [main] s.d.s.w.s.ApiListingReferenceScanner     : Scanning for api listing references
11:47:06:535  INFO 3812 --- [main] c.e.itemservice.ItemServiceApplication   : Started ItemServiceApplication in 3.811 seconds (JVM running for 4.185)
11:47:06:800  INFO 3812 --- [nacos-grpc-client-executor-10] com.alibaba.nacos.common.remote.client   : [38387956-dae8-448f-9303-c09cb614792a] Receive server push request, request = NotifySubscriberRequest, requestId = 3
11:47:06:802  INFO 3812 --- [nacos-grpc-client-executor-10] com.alibaba.nacos.common.remote.client   : [38387956-dae8-448f-9303-c09cb614792a] Ack server push request, request = NotifySubscriberRequest, requestId = 3
12:18:03:494  INFO 3812 --- [http-nio-8081-exec-1] o.a.c.c.C.[Tomcat].[localhost].[/]       : Initializing Spring DispatcherServlet 'dispatcherServlet'
12:18:03:494  INFO 3812 --- [http-nio-8081-exec-1] o.s.web.servlet.DispatcherServlet        : Initializing Servlet 'dispatcherServlet'
12:18:03:495  INFO 3812 --- [http-nio-8081-exec-1] o.s.web.servlet.DispatcherServlet        : Completed initialization in 1 ms
12:18:03:589  INFO 3812 --- [http-nio-8081-exec-1] com.zaxxer.hikari.HikariDataSource       : HikariPool-1 - Starting...
12:18:03:711  INFO 3812 --- [http-nio-8081-exec-1] com.zaxxer.hikari.HikariDataSource       : HikariPool-1 - Start completed.
12:18:03:716 DEBUG 3812 --- [http-nio-8081-exec-1] c.e.i.m.ItemMapper.selectPage_mpCount    : ==>  Preparing: SELECT COUNT(*) FROM item WHERE (status = ?)
12:18:03:730 DEBUG 3812 --- [http-nio-8081-exec-1] c.e.i.m.ItemMapper.selectPage_mpCount    : ==> Parameters: 1(Integer)
12:18:03:773 DEBUG 3812 --- [http-nio-8081-exec-1] c.e.i.m.ItemMapper.selectPage_mpCount    : <==      Total: 1
12:18:03:779 DEBUG 3812 --- [http-nio-8081-exec-1] c.e.i.mapper.ItemMapper.selectPage       : ==>  Preparing: SELECT id, name, price, stock, image, category, brand, spec, sold, comment_count, isAD, status, create_time, update_time, creater, updater FROM item WHERE (status = ?) ORDER BY update_time DESC LIMIT ?
12:18:03:780 DEBUG 3812 --- [http-nio-8081-exec-1] c.e.i.mapper.ItemMapper.selectPage       : ==> Parameters: 1(Integer), 20(Long)
12:18:03:792 DEBUG 3812 --- [http-nio-8081-exec-1] c.e.i.mapper.ItemMapper.selectPage       : <==      Total: 20
12:18:05:472 DEBUG 3812 --- [http-nio-8081-exec-2] c.e.i.mapper.ItemMapper.selectBatchIds   : ==>  Preparing: SELECT id,name,price,stock,image,category,brand,spec,sold,comment_count,isAD,status,create_time,update_time,creater,updater FROM item WHERE id IN ( ? )
12:18:05:473 DEBUG 3812 --- [http-nio-8081-exec-2] c.e.i.mapper.ItemMapper.selectBatchIds   : ==> Parameters: 3072507(Long)
12:18:05:474 DEBUG 3812 --- [http-nio-8081-exec-2] c.e.i.mapper.ItemMapper.selectBatchIds   : <==      Total: 1
12:18:11:179 DEBUG 3812 --- [http-nio-8081-exec-3] c.e.i.mapper.ItemMapper.selectBatchIds   : ==>  Preparing: SELECT id,name,price,stock,image,category,brand,spec,sold,comment_count,isAD,status,create_time,update_time,creater,updater FROM item WHERE id IN ( ? )
12:18:11:180 DEBUG 3812 --- [http-nio-8081-exec-3] c.e.i.mapper.ItemMapper.selectBatchIds   : ==> Parameters: 3072507(Long)
12:18:11:183 DEBUG 3812 --- [http-nio-8081-exec-3] c.e.i.mapper.ItemMapper.selectBatchIds   : <==      Total: 1
12:18:11:293  WARN 3812 --- [http-nio-8081-exec-4] c.e.i.service.impl.ItemServiceImpl       : SqlSession [org.apache.ibatis.session.defaults.DefaultSqlSession@4dd7d1a2] was not registered for synchronization because DataSource is not transactional
12:18:11:293 DEBUG 3812 --- [http-nio-8081-exec-4] c.e.i.mapper.ItemMapper.updateStock      : ==>  Preparing: UPDATE item SET stock = stock - ? WHERE id = ?
12:18:11:294 DEBUG 3812 --- [http-nio-8081-exec-4] c.e.i.mapper.ItemMapper.updateStock      : ==> Parameters: 1(Integer), 3072507(Long)
12:23:30:664 DEBUG 3812 --- [http-nio-8081-exec-8] c.e.i.m.ItemMapper.selectPage_mpCount    : ==>  Preparing: SELECT COUNT(*) FROM item WHERE (status = ?)
12:23:30:664 DEBUG 3812 --- [http-nio-8081-exec-8] c.e.i.m.ItemMapper.selectPage_mpCount    : ==> Parameters: 1(Integer)
12:23:30:678 DEBUG 3812 --- [http-nio-8081-exec-8] c.e.i.m.ItemMapper.selectPage_mpCount    : <==      Total: 1
12:23:30:679 DEBUG 3812 --- [http-nio-8081-exec-8] c.e.i.mapper.ItemMapper.selectPage       : ==>  Preparing: SELECT id, name, price, stock, image, category, brand, spec, sold, comment_count, isAD, status, create_time, update_time, creater, updater FROM item WHERE (status = ?) ORDER BY update_time DESC LIMIT ?
12:23:30:680 DEBUG 3812 --- [http-nio-8081-exec-8] c.e.i.mapper.ItemMapper.selectPage       : ==> Parameters: 1(Integer), 20(Long)
12:23:30:683 DEBUG 3812 --- [http-nio-8081-exec-8] c.e.i.mapper.ItemMapper.selectPage       : <==      Total: 20
12:23:33:107 DEBUG 3812 --- [http-nio-8081-exec-10] c.e.i.mapper.ItemMapper.selectBatchIds   : ==>  Preparing: SELECT id,name,price,stock,image,category,brand,spec,sold,comment_count,isAD,status,create_time,update_time,creater,updater FROM item WHERE id IN ( ? )
12:23:33:108 DEBUG 3812 --- [http-nio-8081-exec-10] c.e.i.mapper.ItemMapper.selectBatchIds   : ==> Parameters: 100001905417(Long)
12:23:33:112 DEBUG 3812 --- [http-nio-8081-exec-10] c.e.i.mapper.ItemMapper.selectBatchIds   : <==      Total: 1
12:23:37:180 DEBUG 3812 --- [http-nio-8081-exec-9] c.e.i.mapper.ItemMapper.selectBatchIds   : ==>  Preparing: SELECT id,name,price,stock,image,category,brand,spec,sold,comment_count,isAD,status,create_time,update_time,creater,updater FROM item WHERE id IN ( ? )
12:23:37:181 DEBUG 3812 --- [http-nio-8081-exec-9] c.e.i.mapper.ItemMapper.selectBatchIds   : ==> Parameters: 100001905417(Long)
12:23:37:185 DEBUG 3812 --- [http-nio-8081-exec-9] c.e.i.mapper.ItemMapper.selectBatchIds   : <==      Total: 1
12:23:37:205  WARN 3812 --- [http-nio-8081-exec-1] c.e.i.service.impl.ItemServiceImpl       : SqlSession [org.apache.ibatis.session.defaults.DefaultSqlSession@520e1cb2] was not registered for synchronization because DataSource is not transactional
12:23:37:205 DEBUG 3812 --- [http-nio-8081-exec-1] c.e.i.mapper.ItemMapper.updateStock      : ==>  Preparing: UPDATE item SET stock = stock - ? WHERE id = ?
12:23:37:205 DEBUG 3812 --- [http-nio-8081-exec-1] c.e.i.mapper.ItemMapper.updateStock      : ==> Parameters: 1(Integer), 100001905417(Long)
12:24:35:970 DEBUG 3812 --- [http-nio-8081-exec-5] c.e.i.m.ItemMapper.selectPage_mpCount    : ==>  Preparing: SELECT COUNT(*) FROM item WHERE (status = ?)
12:24:35:970 DEBUG 3812 --- [http-nio-8081-exec-5] c.e.i.m.ItemMapper.selectPage_mpCount    : ==> Parameters: 1(Integer)
12:24:35:983 DEBUG 3812 --- [http-nio-8081-exec-5] c.e.i.m.ItemMapper.selectPage_mpCount    : <==      Total: 1
12:24:35:984 DEBUG 3812 --- [http-nio-8081-exec-5] c.e.i.mapper.ItemMapper.selectPage       : ==>  Preparing: SELECT id, name, price, stock, image, category, brand, spec, sold, comment_count, isAD, status, create_time, update_time, creater, updater FROM item WHERE (status = ?) ORDER BY update_time DESC LIMIT ?
12:24:35:984 DEBUG 3812 --- [http-nio-8081-exec-5] c.e.i.mapper.ItemMapper.selectPage       : ==> Parameters: 1(Integer), 20(Long)
12:24:35:988 DEBUG 3812 --- [http-nio-8081-exec-5] c.e.i.mapper.ItemMapper.selectPage       : <==      Total: 20
12:24:38:106 DEBUG 3812 --- [http-nio-8081-exec-6] c.e.i.mapper.ItemMapper.selectBatchIds   : ==>  Preparing: SELECT id,name,price,stock,image,category,brand,spec,sold,comment_count,isAD,status,create_time,update_time,creater,updater FROM item WHERE id IN ( ? )
12:24:38:106 DEBUG 3812 --- [http-nio-8081-exec-6] c.e.i.mapper.ItemMapper.selectBatchIds   : ==> Parameters: 1533902(Long)
12:24:38:107 DEBUG 3812 --- [http-nio-8081-exec-6] c.e.i.mapper.ItemMapper.selectBatchIds   : <==      Total: 1
12:24:41:193 DEBUG 3812 --- [http-nio-8081-exec-7] c.e.i.mapper.ItemMapper.selectBatchIds   : ==>  Preparing: SELECT id,name,price,stock,image,category,brand,spec,sold,comment_count,isAD,status,create_time,update_time,creater,updater FROM item WHERE id IN ( ? )
12:24:41:194 DEBUG 3812 --- [http-nio-8081-exec-7] c.e.i.mapper.ItemMapper.selectBatchIds   : ==> Parameters: 1533902(Long)
12:24:41:198 DEBUG 3812 --- [http-nio-8081-exec-7] c.e.i.mapper.ItemMapper.selectBatchIds   : <==      Total: 1
12:24:41:299  WARN 3812 --- [http-nio-8081-exec-8] c.e.i.service.impl.ItemServiceImpl       : SqlSession [org.apache.ibatis.session.defaults.DefaultSqlSession@71290d8c] was not registered for synchronization because DataSource is not transactional
12:24:41:299 DEBUG 3812 --- [http-nio-8081-exec-8] c.e.i.mapper.ItemMapper.updateStock      : ==>  Preparing: UPDATE item SET stock = stock - ? WHERE id = ?
12:24:41:299 DEBUG 3812 --- [http-nio-8081-exec-8] c.e.i.mapper.ItemMapper.updateStock      : ==> Parameters: 1(Integer), 1533902(Long)
12:25:05:427  WARN 3812 --- [Thread-7] c.a.n.common.http.HttpClientBeanHolder   : [HttpClientBeanHolder] Start destroying common HttpClient
12:25:05:427  WARN 3812 --- [Thread-4] c.a.nacos.common.notify.NotifyCenter     : [NotifyCenter] Start destroying Publisher
12:25:05:428  WARN 3812 --- [Thread-4] c.a.nacos.common.notify.NotifyCenter     : [NotifyCenter] Destruction of the end
12:25:05:428  WARN 3812 --- [Thread-7] c.a.n.common.http.HttpClientBeanHolder   : [HttpClientBeanHolder] Destruction of the end
12:25:05:445  INFO 3812 --- [SpringApplicationShutdownHook] c.a.c.n.registry.NacosServiceRegistry    : De-registering from Nacos Server now...
12:25:05:447  INFO 3812 --- [SpringApplicationShutdownHook] c.a.c.n.registry.NacosServiceRegistry    : De-registration finished.
12:25:05:765  INFO 3812 --- [SpringApplicationShutdownHook] com.alibaba.nacos.common.remote.client   : Shutdown rpc client, set status to shutdown
12:25:05:765  INFO 3812 --- [SpringApplicationShutdownHook] com.alibaba.nacos.common.remote.client   : Shutdown client event executor java.util.concurrent.ScheduledThreadPoolExecutor@1e3d2f58[Running, pool size = 2, active threads = 2, queued tasks = 0, completed tasks = 0]
12:25:05:765  INFO 3812 --- [SpringApplicationShutdownHook] com.alibaba.nacos.common.remote.client   : Close current connection 1730260026150_192.168.139.1_59833
12:25:05:767  INFO 3812 --- [nacos-grpc-client-executor-507] c.a.n.c.remote.client.grpc.GrpcClient    : [1730260026150_192.168.139.1_59833]Ignore complete event,isRunning:false,isAbandon=false
12:25:05:776  INFO 3812 --- [SpringApplicationShutdownHook] c.a.n.c.remote.client.grpc.GrpcClient    : Shutdown grpc executor java.util.concurrent.ThreadPoolExecutor@70f76558[Running, pool size = 5, active threads = 0, queued tasks = 0, completed tasks = 508]
12:25:05:780  INFO 3812 --- [SpringApplicationShutdownHook] com.zaxxer.hikari.HikariDataSource       : HikariPool-1 - Shutdown initiated...
12:25:05:787  INFO 3812 --- [SpringApplicationShutdownHook] com.zaxxer.hikari.HikariDataSource       : HikariPool-1 - Shutdown completed.
12:28:50:703  INFO 23016 --- [main] c.e.itemservice.ItemServiceApplication   : Starting ItemServiceApplication using Java 17.0.11 on DESKTOP-MS920JF with PID 23016 (E:\Project_Code\hmall\item-service\target\classes started by admin in E:\Project_Code\hmall)
12:28:50:705 DEBUG 23016 --- [main] c.e.itemservice.ItemServiceApplication   : Running with Spring Boot v2.7.12, Spring v5.3.27
12:28:50:705  INFO 23016 --- [main] c.e.itemservice.ItemServiceApplication   : The following 1 profile is active: "local"
12:28:51:417  INFO 23016 --- [main] o.s.cloud.context.scope.GenericScope     : BeanFactory id=3edf44ef-9333-33ec-9b20-2ec52f3d578e
12:28:51:664  INFO 23016 --- [main] o.s.b.w.embedded.tomcat.TomcatWebServer  : Tomcat initialized with port(s): 8081 (http)
12:28:51:671  INFO 23016 --- [main] o.apache.catalina.core.StandardService   : Starting service [Tomcat]
12:28:51:671  INFO 23016 --- [main] org.apache.catalina.core.StandardEngine  : Starting Servlet engine: [Apache Tomcat/9.0.75]
12:28:51:752  INFO 23016 --- [main] o.a.c.c.C.[Tomcat].[localhost].[/]       : Initializing Spring embedded WebApplicationContext
12:28:51:752  INFO 23016 --- [main] w.s.c.ServletWebServerApplicationContext : Root WebApplicationContext: initialization completed in 1017 ms
12:28:52:403  INFO 23016 --- [main] pertySourcedRequestMappingHandlerMapping : Mapped URL path [/v2/api-docs] onto method [springfox.documentation.swagger2.web.Swagger2ControllerWebMvc#getDocumentation(String, HttpServletRequest)]
12:28:52:764  INFO 23016 --- [main] com.alibaba.nacos.common.remote.client   : [RpcClientFactory] create a new rpc client of 87f9a803-e88c-4035-b145-ceee7964853f
12:28:52:796  INFO 23016 --- [main] org.reflections.Reflections              : Reflections took 15 ms to scan 1 urls, producing 3 keys and 6 values 
12:28:52:810  INFO 23016 --- [main] org.reflections.Reflections              : Reflections took 6 ms to scan 1 urls, producing 4 keys and 9 values 
12:28:52:816  INFO 23016 --- [main] org.reflections.Reflections              : Reflections took 4 ms to scan 1 urls, producing 3 keys and 10 values 
12:28:52:817  WARN 23016 --- [main] org.reflections.Reflections              : given scan urls are empty. set urls in the configuration
12:28:52:821  INFO 23016 --- [main] org.reflections.Reflections              : Reflections took 4 ms to scan 1 urls, producing 1 keys and 5 values 
12:28:52:830  INFO 23016 --- [main] org.reflections.Reflections              : Reflections took 8 ms to scan 1 urls, producing 1 keys and 7 values 
12:28:52:835  INFO 23016 --- [main] org.reflections.Reflections              : Reflections took 4 ms to scan 1 urls, producing 2 keys and 8 values 
12:28:52:836  WARN 23016 --- [main] org.reflections.Reflections              : given scan urls are empty. set urls in the configuration
12:28:52:836  INFO 23016 --- [main] com.alibaba.nacos.common.remote.client   : [87f9a803-e88c-4035-b145-ceee7964853f] RpcClient init label, labels = {module=naming, source=sdk}
12:28:52:837  INFO 23016 --- [main] com.alibaba.nacos.common.remote.client   : [87f9a803-e88c-4035-b145-ceee7964853f] RpcClient init, ServerListFactory = com.alibaba.nacos.client.naming.core.ServerListManager
12:28:52:837  INFO 23016 --- [main] com.alibaba.nacos.common.remote.client   : [87f9a803-e88c-4035-b145-ceee7964853f] Registry connection listener to current client:com.alibaba.nacos.client.naming.remote.gprc.redo.NamingGrpcRedoService
12:28:52:838  INFO 23016 --- [main] com.alibaba.nacos.common.remote.client   : [87f9a803-e88c-4035-b145-ceee7964853f] Register server push request handler:com.alibaba.nacos.client.naming.remote.gprc.NamingPushRequestHandler
12:28:52:838  INFO 23016 --- [main] com.alibaba.nacos.common.remote.client   : [87f9a803-e88c-4035-b145-ceee7964853f] Try to connect to server on start up, server: {serverIp = '192.168.139.130', server main port = 8848}
12:28:53:426  INFO 23016 --- [main] com.alibaba.nacos.common.remote.client   : [87f9a803-e88c-4035-b145-ceee7964853f] Success to connect to server [192.168.139.130:8848] on start up, connectionId = 1730262533271_192.168.139.1_61296
12:28:53:426  INFO 23016 --- [com.alibaba.nacos.client.remote.worker] com.alibaba.nacos.common.remote.client   : [87f9a803-e88c-4035-b145-ceee7964853f] Notify connected event to listeners.
12:28:53:426  INFO 23016 --- [main] com.alibaba.nacos.common.remote.client   : [87f9a803-e88c-4035-b145-ceee7964853f] Register server push request handler:com.alibaba.nacos.common.remote.client.RpcClient$ConnectResetRequestHandler
12:28:53:426  INFO 23016 --- [main] com.alibaba.nacos.common.remote.client   : [87f9a803-e88c-4035-b145-ceee7964853f] Register server push request handler:com.alibaba.nacos.common.remote.client.RpcClient$$Lambda$1010/0x000001cd5d7b7b80
12:28:53:455  INFO 23016 --- [main] o.s.b.w.embedded.tomcat.TomcatWebServer  : Tomcat started on port(s): 8081 (http) with context path ''
12:28:53:462  INFO 23016 --- [main] c.a.c.n.registry.NacosServiceRegistry    : nacos registry, DEFAULT_GROUP item-service 192.168.1.117:8081 register finished
12:28:53:545  INFO 23016 --- [main] d.s.w.p.DocumentationPluginsBootstrapper : Documentation plugins bootstrapped
12:28:53:547  INFO 23016 --- [main] d.s.w.p.DocumentationPluginsBootstrapper : Found 1 custom documentation plugin(s)
12:28:53:563  INFO 23016 --- [main] s.d.s.w.s.ApiListingReferenceScanner     : Scanning for api listing references
12:28:53:633  INFO 23016 --- [main] c.e.itemservice.ItemServiceApplication   : Started ItemServiceApplication in 3.391 seconds (JVM running for 3.741)
12:28:53:908  INFO 23016 --- [nacos-grpc-client-executor-9] com.alibaba.nacos.common.remote.client   : [87f9a803-e88c-4035-b145-ceee7964853f] Receive server push request, request = NotifySubscriberRequest, requestId = 35
12:28:53:909  INFO 23016 --- [nacos-grpc-client-executor-9] com.alibaba.nacos.common.remote.client   : [87f9a803-e88c-4035-b145-ceee7964853f] Ack server push request, request = NotifySubscriberRequest, requestId = 35
12:28:55:295  INFO 23016 --- [http-nio-8081-exec-1] o.a.c.c.C.[Tomcat].[localhost].[/]       : Initializing Spring DispatcherServlet 'dispatcherServlet'
12:28:55:295  INFO 23016 --- [http-nio-8081-exec-1] o.s.web.servlet.DispatcherServlet        : Initializing Servlet 'dispatcherServlet'
12:28:55:296  INFO 23016 --- [http-nio-8081-exec-1] o.s.web.servlet.DispatcherServlet        : Completed initialization in 1 ms
12:28:55:388  INFO 23016 --- [http-nio-8081-exec-1] com.zaxxer.hikari.HikariDataSource       : HikariPool-1 - Starting...
12:28:55:514  INFO 23016 --- [http-nio-8081-exec-1] com.zaxxer.hikari.HikariDataSource       : HikariPool-1 - Start completed.
12:28:55:518 DEBUG 23016 --- [http-nio-8081-exec-1] c.e.i.m.ItemMapper.selectPage_mpCount    : ==>  Preparing: SELECT COUNT(*) FROM item WHERE (status = ?)
12:28:55:534 DEBUG 23016 --- [http-nio-8081-exec-1] c.e.i.m.ItemMapper.selectPage_mpCount    : ==> Parameters: 1(Integer)
12:28:55:559 DEBUG 23016 --- [http-nio-8081-exec-1] c.e.i.m.ItemMapper.selectPage_mpCount    : <==      Total: 1
12:28:55:565 DEBUG 23016 --- [http-nio-8081-exec-1] c.e.i.mapper.ItemMapper.selectPage       : ==>  Preparing: SELECT id, name, price, stock, image, category, brand, spec, sold, comment_count, isAD, status, create_time, update_time, creater, updater FROM item WHERE (status = ?) ORDER BY update_time DESC LIMIT ?
12:28:55:565 DEBUG 23016 --- [http-nio-8081-exec-1] c.e.i.mapper.ItemMapper.selectPage       : ==> Parameters: 1(Integer), 20(Long)
12:28:55:572 DEBUG 23016 --- [http-nio-8081-exec-1] c.e.i.mapper.ItemMapper.selectPage       : <==      Total: 20
12:28:59:268 DEBUG 23016 --- [http-nio-8081-exec-2] c.e.i.mapper.ItemMapper.selectBatchIds   : ==>  Preparing: SELECT id,name,price,stock,image,category,brand,spec,sold,comment_count,isAD,status,create_time,update_time,creater,updater FROM item WHERE id IN ( ? )
12:28:59:269 DEBUG 23016 --- [http-nio-8081-exec-2] c.e.i.mapper.ItemMapper.selectBatchIds   : ==> Parameters: 4026319(Long)
12:28:59:270 DEBUG 23016 --- [http-nio-8081-exec-2] c.e.i.mapper.ItemMapper.selectBatchIds   : <==      Total: 1
12:29:05:260 DEBUG 23016 --- [http-nio-8081-exec-3] c.e.i.mapper.ItemMapper.selectBatchIds   : ==>  Preparing: SELECT id,name,price,stock,image,category,brand,spec,sold,comment_count,isAD,status,create_time,update_time,creater,updater FROM item WHERE id IN ( ? )
12:29:05:260 DEBUG 23016 --- [http-nio-8081-exec-3] c.e.i.mapper.ItemMapper.selectBatchIds   : ==> Parameters: 4026319(Long)
12:29:05:262 DEBUG 23016 --- [http-nio-8081-exec-3] c.e.i.mapper.ItemMapper.selectBatchIds   : <==      Total: 1
12:29:05:364  WARN 23016 --- [http-nio-8081-exec-4] c.e.i.service.impl.ItemServiceImpl       : SqlSession [org.apache.ibatis.session.defaults.DefaultSqlSession@765aa6b1] was not registered for synchronization because DataSource is not transactional
12:29:05:364 DEBUG 23016 --- [http-nio-8081-exec-4] c.e.i.mapper.ItemMapper.updateStock      : ==>  Preparing: UPDATE item SET stock = stock - ? WHERE id = ?
12:29:05:364 DEBUG 23016 --- [http-nio-8081-exec-4] c.e.i.mapper.ItemMapper.updateStock      : ==> Parameters: 1(Integer), 4026319(Long)
12:30:20:716  WARN 23016 --- [Thread-4] c.a.nacos.common.notify.NotifyCenter     : [NotifyCenter] Start destroying Publisher
12:30:20:716  WARN 23016 --- [Thread-7] c.a.n.common.http.HttpClientBeanHolder   : [HttpClientBeanHolder] Start destroying common HttpClient
12:30:20:716  WARN 23016 --- [Thread-4] c.a.nacos.common.notify.NotifyCenter     : [NotifyCenter] Destruction of the end
12:30:20:716  WARN 23016 --- [Thread-7] c.a.n.common.http.HttpClientBeanHolder   : [HttpClientBeanHolder] Destruction of the end
12:30:20:736  INFO 23016 --- [SpringApplicationShutdownHook] c.a.c.n.registry.NacosServiceRegistry    : De-registering from Nacos Server now...
12:30:20:739  INFO 23016 --- [SpringApplicationShutdownHook] c.a.c.n.registry.NacosServiceRegistry    : De-registration finished.
12:30:21:056  INFO 23016 --- [SpringApplicationShutdownHook] com.alibaba.nacos.common.remote.client   : Shutdown rpc client, set status to shutdown
12:30:21:056  INFO 23016 --- [SpringApplicationShutdownHook] com.alibaba.nacos.common.remote.client   : Shutdown client event executor java.util.concurrent.ScheduledThreadPoolExecutor@31f93b15[Running, pool size = 2, active threads = 2, queued tasks = 0, completed tasks = 0]
12:30:21:057  INFO 23016 --- [SpringApplicationShutdownHook] com.alibaba.nacos.common.remote.client   : Close current connection 1730262533271_192.168.139.1_61296
12:30:21:065  INFO 23016 --- [nacos-grpc-client-executor-31] c.a.n.c.remote.client.grpc.GrpcClient    : [1730262533271_192.168.139.1_61296]Ignore complete event,isRunning:false,isAbandon=false
12:30:21:067  INFO 23016 --- [SpringApplicationShutdownHook] c.a.n.c.remote.client.grpc.GrpcClient    : Shutdown grpc executor java.util.concurrent.ThreadPoolExecutor@2af8ace[Running, pool size = 6, active threads = 0, queued tasks = 0, completed tasks = 32]
12:30:21:071  INFO 23016 --- [SpringApplicationShutdownHook] com.zaxxer.hikari.HikariDataSource       : HikariPool-1 - Shutdown initiated...
12:30:21:077  INFO 23016 --- [SpringApplicationShutdownHook] com.zaxxer.hikari.HikariDataSource       : HikariPool-1 - Shutdown completed.
